--- com.google.javascript.jscomp.CodePrinterTest::testTypeAnnotationsAssign
java.lang.StringIndexOutOfBoundsException: String index out of range: -1
	at java.lang.String.charAt(String.java:658)
	at com.google.javascript.jscomp.CodePrinter$PrettyCodePrinter.appendOp(CodePrinter.java:334)
	at com.google.javascript.jscomp.CodeConsumer.addOp(CodeConsumer.java:230)
	at com.google.javascript.jscomp.CodeGenerator.add(CodeGenerator.java:198)
	at com.google.javascript.jscomp.TypedCodeGenerator.add(TypedCodeGenerator.java:57)
	at com.google.javascript.jscomp.CodeGenerator.addExpr(CodeGenerator.java:889)
	at com.google.javascript.jscomp.CodeGenerator.addList(CodeGenerator.java:906)
	at com.google.javascript.jscomp.CodeGenerator.add(CodeGenerator.java:183)
	at com.google.javascript.jscomp.TypedCodeGenerator.add(TypedCodeGenerator.java:57)
	at com.google.javascript.jscomp.CodeGenerator.add(CodeGenerator.java:371)
	at com.google.javascript.jscomp.TypedCodeGenerator.add(TypedCodeGenerator.java:57)
	at com.google.javascript.jscomp.CodeGenerator.add(CodeGenerator.java:82)
	at com.google.javascript.jscomp.CodePrinter.toSource(CodePrinter.java:710)
	at com.google.javascript.jscomp.CodePrinter.access$100(CodePrinter.java:35)
	at com.google.javascript.jscomp.CodePrinter$Builder.build(CodePrinter.java:669)
	at com.google.javascript.jscomp.CodePrinterTest.parsePrint(CodePrinterTest.java:96)
	at com.google.javascript.jscomp.CodePrinterTest.assertTypeAnnotations(CodePrinterTest.java:947)
	at com.google.javascript.jscomp.CodePrinterTest.testTypeAnnotationsAssign(CodePrinterTest.java:728)
	at sun.reflect.NativeMethodAccessorImpl.invoke0(Native Method)
	at sun.reflect.NativeMethodAccessorImpl.invoke(NativeMethodAccessorImpl.java:57)
	at sun.reflect.DelegatingMethodAccessorImpl.invoke(DelegatingMethodAccessorImpl.java:43)
	at java.lang.reflect.Method.invoke(Method.java:606)
	at junit.framework.TestCase.runTest(TestCase.java:176)
	at junit.framework.TestCase.runBare(TestCase.java:141)
	at junit.framework.TestResult$1.protect(TestResult.java:122)
	at junit.framework.TestResult.runProtected(TestResult.java:142)
	at junit.framework.TestResult.run(TestResult.java:125)
	at junit.framework.TestCase.run(TestCase.java:129)
	at junit.framework.TestSuite.runTest(TestSuite.java:255)
	at junit.framework.TestSuite.run(TestSuite.java:250)
	at org.apache.tools.ant.taskdefs.optional.junit.JUnitTestRunner.run(JUnitTestRunner.java:520)
	at org.apache.tools.ant.taskdefs.optional.junit.JUnitTask.executeInVM(JUnitTask.java:1478)
	at org.apache.tools.ant.taskdefs.optional.junit.JUnitTask.execute(JUnitTask.java:860)
	at org.apache.tools.ant.taskdefs.optional.junit.JUnitTask.executeOrQueue(JUnitTask.java:1968)
	at org.apache.tools.ant.taskdefs.optional.junit.JUnitTask.execute1(JUnitTask.java:812)
	at org.apache.tools.ant.taskdefs.optional.junit.JUnitTask.execute(JUnitTask.java:2271)
	at org.apache.tools.ant.UnknownElement.execute(UnknownElement.java:291)
	at sun.reflect.GeneratedMethodAccessor4.invoke(Unknown Source)
	at sun.reflect.DelegatingMethodAccessorImpl.invoke(DelegatingMethodAccessorImpl.java:43)
	at java.lang.reflect.Method.invoke(Method.java:606)
	at org.apache.tools.ant.dispatch.DispatchUtils.execute(DispatchUtils.java:106)
	at org.apache.tools.ant.Task.perform(Task.java:348)
	at org.apache.tools.ant.Target.execute(Target.java:392)
	at org.apache.tools.ant.Target.performTasks(Target.java:413)
	at org.apache.tools.ant.Project.executeSortedTargets(Project.java:1399)
	at org.apache.tools.ant.Project.executeTarget(Project.java:1368)
	at org.apache.tools.ant.helper.DefaultExecutor.executeTargets(DefaultExecutor.java:41)
	at org.apache.tools.ant.Project.executeTargets(Project.java:1251)
	at org.apache.tools.ant.Main.runBuild(Main.java:811)
	at org.apache.tools.ant.Main.startAnt(Main.java:217)
	at org.apache.tools.ant.launch.Launcher.run(Launcher.java:280)
	at org.apache.tools.ant.launch.Launcher.main(Launcher.java:109)
--- com.google.javascript.jscomp.CodePrinterTest::testTypeAnnotationsMember
java.lang.StringIndexOutOfBoundsException: String index out of range: -1
	at java.lang.String.charAt(String.java:658)
	at com.google.javascript.jscomp.CodePrinter$PrettyCodePrinter.appendOp(CodePrinter.java:334)
	at com.google.javascript.jscomp.CodeConsumer.addOp(CodeConsumer.java:230)
	at com.google.javascript.jscomp.CodeGenerator.add(CodeGenerator.java:198)
	at com.google.javascript.jscomp.TypedCodeGenerator.add(TypedCodeGenerator.java:57)
	at com.google.javascript.jscomp.CodeGenerator.addExpr(CodeGenerator.java:889)
	at com.google.javascript.jscomp.CodeGenerator.addList(CodeGenerator.java:906)
	at com.google.javascript.jscomp.CodeGenerator.add(CodeGenerator.java:183)
	at com.google.javascript.jscomp.TypedCodeGenerator.add(TypedCodeGenerator.java:57)
	at com.google.javascript.jscomp.CodeGenerator.add(CodeGenerator.java:371)
	at com.google.javascript.jscomp.TypedCodeGenerator.add(TypedCodeGenerator.java:57)
	at com.google.javascript.jscomp.CodeGenerator.add(CodeGenerator.java:82)
	at com.google.javascript.jscomp.CodePrinter.toSource(CodePrinter.java:710)
	at com.google.javascript.jscomp.CodePrinter.access$100(CodePrinter.java:35)
	at com.google.javascript.jscomp.CodePrinter$Builder.build(CodePrinter.java:669)
	at com.google.javascript.jscomp.CodePrinterTest.parsePrint(CodePrinterTest.java:96)
	at com.google.javascript.jscomp.CodePrinterTest.assertTypeAnnotations(CodePrinterTest.java:947)
	at com.google.javascript.jscomp.CodePrinterTest.testTypeAnnotationsMember(CodePrinterTest.java:783)
	at sun.reflect.NativeMethodAccessorImpl.invoke0(Native Method)
	at sun.reflect.NativeMethodAccessorImpl.invoke(NativeMethodAccessorImpl.java:57)
	at sun.reflect.DelegatingMethodAccessorImpl.invoke(DelegatingMethodAccessorImpl.java:43)
	at java.lang.reflect.Method.invoke(Method.java:606)
	at junit.framework.TestCase.runTest(TestCase.java:176)
	at junit.framework.TestCase.runBare(TestCase.java:141)
	at junit.framework.TestResult$1.protect(TestResult.java:122)
	at junit.framework.TestResult.runProtected(TestResult.java:142)
	at junit.framework.TestResult.run(TestResult.java:125)
	at junit.framework.TestCase.run(TestCase.java:129)
	at junit.framework.TestSuite.runTest(TestSuite.java:255)
	at junit.framework.TestSuite.run(TestSuite.java:250)
	at org.apache.tools.ant.taskdefs.optional.junit.JUnitTestRunner.run(JUnitTestRunner.java:520)
	at org.apache.tools.ant.taskdefs.optional.junit.JUnitTask.executeInVM(JUnitTask.java:1478)
	at org.apache.tools.ant.taskdefs.optional.junit.JUnitTask.execute(JUnitTask.java:860)
	at org.apache.tools.ant.taskdefs.optional.junit.JUnitTask.executeOrQueue(JUnitTask.java:1968)
	at org.apache.tools.ant.taskdefs.optional.junit.JUnitTask.execute1(JUnitTask.java:812)
	at org.apache.tools.ant.taskdefs.optional.junit.JUnitTask.execute(JUnitTask.java:2271)
	at org.apache.tools.ant.UnknownElement.execute(UnknownElement.java:291)
	at sun.reflect.GeneratedMethodAccessor4.invoke(Unknown Source)
	at sun.reflect.DelegatingMethodAccessorImpl.invoke(DelegatingMethodAccessorImpl.java:43)
	at java.lang.reflect.Method.invoke(Method.java:606)
	at org.apache.tools.ant.dispatch.DispatchUtils.execute(DispatchUtils.java:106)
	at org.apache.tools.ant.Task.perform(Task.java:348)
	at org.apache.tools.ant.Target.execute(Target.java:392)
	at org.apache.tools.ant.Target.performTasks(Target.java:413)
	at org.apache.tools.ant.Project.executeSortedTargets(Project.java:1399)
	at org.apache.tools.ant.Project.executeTarget(Project.java:1368)
	at org.apache.tools.ant.helper.DefaultExecutor.executeTargets(DefaultExecutor.java:41)
	at org.apache.tools.ant.Project.executeTargets(Project.java:1251)
	at org.apache.tools.ant.Main.runBuild(Main.java:811)
	at org.apache.tools.ant.Main.startAnt(Main.java:217)
	at org.apache.tools.ant.launch.Launcher.run(Launcher.java:280)
	at org.apache.tools.ant.launch.Launcher.main(Launcher.java:109)
--- com.google.javascript.jscomp.CodePrinterTest::testOptionalTypesAnnotation
java.lang.StringIndexOutOfBoundsException: String index out of range: -1
	at java.lang.String.charAt(String.java:658)
	at com.google.javascript.jscomp.CodePrinter$PrettyCodePrinter.appendOp(CodePrinter.java:334)
	at com.google.javascript.jscomp.CodeConsumer.addOp(CodeConsumer.java:230)
	at com.google.javascript.jscomp.CodeGenerator.add(CodeGenerator.java:198)
	at com.google.javascript.jscomp.TypedCodeGenerator.add(TypedCodeGenerator.java:57)
	at com.google.javascript.jscomp.CodeGenerator.addExpr(CodeGenerator.java:889)
	at com.google.javascript.jscomp.CodeGenerator.addList(CodeGenerator.java:906)
	at com.google.javascript.jscomp.CodeGenerator.add(CodeGenerator.java:183)
	at com.google.javascript.jscomp.TypedCodeGenerator.add(TypedCodeGenerator.java:57)
	at com.google.javascript.jscomp.CodeGenerator.add(CodeGenerator.java:371)
	at com.google.javascript.jscomp.TypedCodeGenerator.add(TypedCodeGenerator.java:57)
	at com.google.javascript.jscomp.CodeGenerator.add(CodeGenerator.java:82)
	at com.google.javascript.jscomp.CodePrinter.toSource(CodePrinter.java:710)
	at com.google.javascript.jscomp.CodePrinter.access$100(CodePrinter.java:35)
	at com.google.javascript.jscomp.CodePrinter$Builder.build(CodePrinter.java:669)
	at com.google.javascript.jscomp.CodePrinterTest.parsePrint(CodePrinterTest.java:96)
	at com.google.javascript.jscomp.CodePrinterTest.assertTypeAnnotations(CodePrinterTest.java:947)
	at com.google.javascript.jscomp.CodePrinterTest.testOptionalTypesAnnotation(CodePrinterTest.java:885)
	at sun.reflect.NativeMethodAccessorImpl.invoke0(Native Method)
	at sun.reflect.NativeMethodAccessorImpl.invoke(NativeMethodAccessorImpl.java:57)
	at sun.reflect.DelegatingMethodAccessorImpl.invoke(DelegatingMethodAccessorImpl.java:43)
	at java.lang.reflect.Method.invoke(Method.java:606)
	at junit.framework.TestCase.runTest(TestCase.java:176)
	at junit.framework.TestCase.runBare(TestCase.java:141)
	at junit.framework.TestResult$1.protect(TestResult.java:122)
	at junit.framework.TestResult.runProtected(TestResult.java:142)
	at junit.framework.TestResult.run(TestResult.java:125)
	at junit.framework.TestCase.run(TestCase.java:129)
	at junit.framework.TestSuite.runTest(TestSuite.java:255)
	at junit.framework.TestSuite.run(TestSuite.java:250)
	at org.apache.tools.ant.taskdefs.optional.junit.JUnitTestRunner.run(JUnitTestRunner.java:520)
	at org.apache.tools.ant.taskdefs.optional.junit.JUnitTask.executeInVM(JUnitTask.java:1478)
	at org.apache.tools.ant.taskdefs.optional.junit.JUnitTask.execute(JUnitTask.java:860)
	at org.apache.tools.ant.taskdefs.optional.junit.JUnitTask.executeOrQueue(JUnitTask.java:1968)
	at org.apache.tools.ant.taskdefs.optional.junit.JUnitTask.execute1(JUnitTask.java:812)
	at org.apache.tools.ant.taskdefs.optional.junit.JUnitTask.execute(JUnitTask.java:2271)
	at org.apache.tools.ant.UnknownElement.execute(UnknownElement.java:291)
	at sun.reflect.GeneratedMethodAccessor4.invoke(Unknown Source)
	at sun.reflect.DelegatingMethodAccessorImpl.invoke(DelegatingMethodAccessorImpl.java:43)
	at java.lang.reflect.Method.invoke(Method.java:606)
	at org.apache.tools.ant.dispatch.DispatchUtils.execute(DispatchUtils.java:106)
	at org.apache.tools.ant.Task.perform(Task.java:348)
	at org.apache.tools.ant.Target.execute(Target.java:392)
	at org.apache.tools.ant.Target.performTasks(Target.java:413)
	at org.apache.tools.ant.Project.executeSortedTargets(Project.java:1399)
	at org.apache.tools.ant.Project.executeTarget(Project.java:1368)
	at org.apache.tools.ant.helper.DefaultExecutor.executeTargets(DefaultExecutor.java:41)
	at org.apache.tools.ant.Project.executeTargets(Project.java:1251)
	at org.apache.tools.ant.Main.runBuild(Main.java:811)
	at org.apache.tools.ant.Main.startAnt(Main.java:217)
	at org.apache.tools.ant.launch.Launcher.run(Launcher.java:280)
	at org.apache.tools.ant.launch.Launcher.main(Launcher.java:109)
--- com.google.javascript.jscomp.CodePrinterTest::testTempConstructor
java.lang.StringIndexOutOfBoundsException: String index out of range: -1
	at java.lang.String.charAt(String.java:658)
	at com.google.javascript.jscomp.CodePrinter$PrettyCodePrinter.appendOp(CodePrinter.java:334)
	at com.google.javascript.jscomp.CodeConsumer.addOp(CodeConsumer.java:230)
	at com.google.javascript.jscomp.CodeGenerator.add(CodeGenerator.java:198)
	at com.google.javascript.jscomp.TypedCodeGenerator.add(TypedCodeGenerator.java:57)
	at com.google.javascript.jscomp.CodeGenerator.addExpr(CodeGenerator.java:889)
	at com.google.javascript.jscomp.CodeGenerator.addList(CodeGenerator.java:906)
	at com.google.javascript.jscomp.CodeGenerator.add(CodeGenerator.java:183)
	at com.google.javascript.jscomp.TypedCodeGenerator.add(TypedCodeGenerator.java:57)
	at com.google.javascript.jscomp.CodeGenerator.add(CodeGenerator.java:371)
	at com.google.javascript.jscomp.TypedCodeGenerator.add(TypedCodeGenerator.java:57)
	at com.google.javascript.jscomp.CodeGenerator.add(CodeGenerator.java:82)
	at com.google.javascript.jscomp.CodePrinter.toSource(CodePrinter.java:710)
	at com.google.javascript.jscomp.CodePrinter.access$100(CodePrinter.java:35)
	at com.google.javascript.jscomp.CodePrinter$Builder.build(CodePrinter.java:669)
	at com.google.javascript.jscomp.CodePrinterTest.parsePrint(CodePrinterTest.java:96)
	at com.google.javascript.jscomp.CodePrinterTest.assertTypeAnnotations(CodePrinterTest.java:947)
	at com.google.javascript.jscomp.CodePrinterTest.testTempConstructor(CodePrinterTest.java:911)
	at sun.reflect.NativeMethodAccessorImpl.invoke0(Native Method)
	at sun.reflect.NativeMethodAccessorImpl.invoke(NativeMethodAccessorImpl.java:57)
	at sun.reflect.DelegatingMethodAccessorImpl.invoke(DelegatingMethodAccessorImpl.java:43)
	at java.lang.reflect.Method.invoke(Method.java:606)
	at junit.framework.TestCase.runTest(TestCase.java:176)
	at junit.framework.TestCase.runBare(TestCase.java:141)
	at junit.framework.TestResult$1.protect(TestResult.java:122)
	at junit.framework.TestResult.runProtected(TestResult.java:142)
	at junit.framework.TestResult.run(TestResult.java:125)
	at junit.framework.TestCase.run(TestCase.java:129)
	at junit.framework.TestSuite.runTest(TestSuite.java:255)
	at junit.framework.TestSuite.run(TestSuite.java:250)
	at org.apache.tools.ant.taskdefs.optional.junit.JUnitTestRunner.run(JUnitTestRunner.java:520)
	at org.apache.tools.ant.taskdefs.optional.junit.JUnitTask.executeInVM(JUnitTask.java:1478)
	at org.apache.tools.ant.taskdefs.optional.junit.JUnitTask.execute(JUnitTask.java:860)
	at org.apache.tools.ant.taskdefs.optional.junit.JUnitTask.executeOrQueue(JUnitTask.java:1968)
	at org.apache.tools.ant.taskdefs.optional.junit.JUnitTask.execute1(JUnitTask.java:812)
	at org.apache.tools.ant.taskdefs.optional.junit.JUnitTask.execute(JUnitTask.java:2271)
	at org.apache.tools.ant.UnknownElement.execute(UnknownElement.java:291)
	at sun.reflect.GeneratedMethodAccessor4.invoke(Unknown Source)
	at sun.reflect.DelegatingMethodAccessorImpl.invoke(DelegatingMethodAccessorImpl.java:43)
	at java.lang.reflect.Method.invoke(Method.java:606)
	at org.apache.tools.ant.dispatch.DispatchUtils.execute(DispatchUtils.java:106)
	at org.apache.tools.ant.Task.perform(Task.java:348)
	at org.apache.tools.ant.Target.execute(Target.java:392)
	at org.apache.tools.ant.Target.performTasks(Target.java:413)
	at org.apache.tools.ant.Project.executeSortedTargets(Project.java:1399)
	at org.apache.tools.ant.Project.executeTarget(Project.java:1368)
	at org.apache.tools.ant.helper.DefaultExecutor.executeTargets(DefaultExecutor.java:41)
	at org.apache.tools.ant.Project.executeTargets(Project.java:1251)
	at org.apache.tools.ant.Main.runBuild(Main.java:811)
	at org.apache.tools.ant.Main.startAnt(Main.java:217)
	at org.apache.tools.ant.launch.Launcher.run(Launcher.java:280)
	at org.apache.tools.ant.launch.Launcher.main(Launcher.java:109)
--- com.google.javascript.jscomp.CodePrinterTest::testTypeAnnotationsInterface
java.lang.StringIndexOutOfBoundsException: String index out of range: -1
	at java.lang.String.charAt(String.java:658)
	at com.google.javascript.jscomp.CodePrinter$PrettyCodePrinter.appendOp(CodePrinter.java:334)
	at com.google.javascript.jscomp.CodeConsumer.addOp(CodeConsumer.java:230)
	at com.google.javascript.jscomp.CodeGenerator.add(CodeGenerator.java:198)
	at com.google.javascript.jscomp.TypedCodeGenerator.add(TypedCodeGenerator.java:57)
	at com.google.javascript.jscomp.CodeGenerator.addExpr(CodeGenerator.java:889)
	at com.google.javascript.jscomp.CodeGenerator.addList(CodeGenerator.java:906)
	at com.google.javascript.jscomp.CodeGenerator.add(CodeGenerator.java:183)
	at com.google.javascript.jscomp.TypedCodeGenerator.add(TypedCodeGenerator.java:57)
	at com.google.javascript.jscomp.CodeGenerator.add(CodeGenerator.java:371)
	at com.google.javascript.jscomp.TypedCodeGenerator.add(TypedCodeGenerator.java:57)
	at com.google.javascript.jscomp.CodeGenerator.add(CodeGenerator.java:82)
	at com.google.javascript.jscomp.CodePrinter.toSource(CodePrinter.java:710)
	at com.google.javascript.jscomp.CodePrinter.access$100(CodePrinter.java:35)
	at com.google.javascript.jscomp.CodePrinter$Builder.build(CodePrinter.java:669)
	at com.google.javascript.jscomp.CodePrinterTest.parsePrint(CodePrinterTest.java:96)
	at com.google.javascript.jscomp.CodePrinterTest.assertTypeAnnotations(CodePrinterTest.java:947)
	at com.google.javascript.jscomp.CodePrinterTest.testTypeAnnotationsInterface(CodePrinterTest.java:754)
	at sun.reflect.NativeMethodAccessorImpl.invoke0(Native Method)
	at sun.reflect.NativeMethodAccessorImpl.invoke(NativeMethodAccessorImpl.java:57)
	at sun.reflect.DelegatingMethodAccessorImpl.invoke(DelegatingMethodAccessorImpl.java:43)
	at java.lang.reflect.Method.invoke(Method.java:606)
	at junit.framework.TestCase.runTest(TestCase.java:176)
	at junit.framework.TestCase.runBare(TestCase.java:141)
	at junit.framework.TestResult$1.protect(TestResult.java:122)
	at junit.framework.TestResult.runProtected(TestResult.java:142)
	at junit.framework.TestResult.run(TestResult.java:125)
	at junit.framework.TestCase.run(TestCase.java:129)
	at junit.framework.TestSuite.runTest(TestSuite.java:255)
	at junit.framework.TestSuite.run(TestSuite.java:250)
	at org.apache.tools.ant.taskdefs.optional.junit.JUnitTestRunner.run(JUnitTestRunner.java:520)
	at org.apache.tools.ant.taskdefs.optional.junit.JUnitTask.executeInVM(JUnitTask.java:1478)
	at org.apache.tools.ant.taskdefs.optional.junit.JUnitTask.execute(JUnitTask.java:860)
	at org.apache.tools.ant.taskdefs.optional.junit.JUnitTask.executeOrQueue(JUnitTask.java:1968)
	at org.apache.tools.ant.taskdefs.optional.junit.JUnitTask.execute1(JUnitTask.java:812)
	at org.apache.tools.ant.taskdefs.optional.junit.JUnitTask.execute(JUnitTask.java:2271)
	at org.apache.tools.ant.UnknownElement.execute(UnknownElement.java:291)
	at sun.reflect.GeneratedMethodAccessor4.invoke(Unknown Source)
	at sun.reflect.DelegatingMethodAccessorImpl.invoke(DelegatingMethodAccessorImpl.java:43)
	at java.lang.reflect.Method.invoke(Method.java:606)
	at org.apache.tools.ant.dispatch.DispatchUtils.execute(DispatchUtils.java:106)
	at org.apache.tools.ant.Task.perform(Task.java:348)
	at org.apache.tools.ant.Target.execute(Target.java:392)
	at org.apache.tools.ant.Target.performTasks(Target.java:413)
	at org.apache.tools.ant.Project.executeSortedTargets(Project.java:1399)
	at org.apache.tools.ant.Project.executeTarget(Project.java:1368)
	at org.apache.tools.ant.helper.DefaultExecutor.executeTargets(DefaultExecutor.java:41)
	at org.apache.tools.ant.Project.executeTargets(Project.java:1251)
	at org.apache.tools.ant.Main.runBuild(Main.java:811)
	at org.apache.tools.ant.Main.startAnt(Main.java:217)
	at org.apache.tools.ant.launch.Launcher.run(Launcher.java:280)
	at org.apache.tools.ant.launch.Launcher.main(Launcher.java:109)
--- com.google.javascript.jscomp.CodePrinterTest::testPrettyPrinter4
java.lang.StringIndexOutOfBoundsException: String index out of range: -1
	at java.lang.String.charAt(String.java:658)
	at com.google.javascript.jscomp.CodePrinter$PrettyCodePrinter.appendOp(CodePrinter.java:334)
	at com.google.javascript.jscomp.CodeConsumer.addOp(CodeConsumer.java:230)
	at com.google.javascript.jscomp.CodeGenerator.add(CodeGenerator.java:198)
	at com.google.javascript.jscomp.CodeGenerator.addExpr(CodeGenerator.java:889)
	at com.google.javascript.jscomp.CodeGenerator.addList(CodeGenerator.java:906)
	at com.google.javascript.jscomp.CodeGenerator.add(CodeGenerator.java:183)
	at com.google.javascript.jscomp.CodeGenerator.add(CodeGenerator.java:371)
	at com.google.javascript.jscomp.CodeGenerator.add(CodeGenerator.java:82)
	at com.google.javascript.jscomp.CodePrinter.toSource(CodePrinter.java:710)
	at com.google.javascript.jscomp.CodePrinter.access$100(CodePrinter.java:35)
	at com.google.javascript.jscomp.CodePrinter$Builder.build(CodePrinter.java:669)
	at com.google.javascript.jscomp.CodePrinterTest.parsePrint(CodePrinterTest.java:82)
	at com.google.javascript.jscomp.CodePrinterTest.assertPrettyPrint(CodePrinterTest.java:941)
	at com.google.javascript.jscomp.CodePrinterTest.testPrettyPrinter4(CodePrinterTest.java:677)
	at sun.reflect.NativeMethodAccessorImpl.invoke0(Native Method)
	at sun.reflect.NativeMethodAccessorImpl.invoke(NativeMethodAccessorImpl.java:57)
	at sun.reflect.DelegatingMethodAccessorImpl.invoke(DelegatingMethodAccessorImpl.java:43)
	at java.lang.reflect.Method.invoke(Method.java:606)
	at junit.framework.TestCase.runTest(TestCase.java:176)
	at junit.framework.TestCase.runBare(TestCase.java:141)
	at junit.framework.TestResult$1.protect(TestResult.java:122)
	at junit.framework.TestResult.runProtected(TestResult.java:142)
	at junit.framework.TestResult.run(TestResult.java:125)
	at junit.framework.TestCase.run(TestCase.java:129)
	at junit.framework.TestSuite.runTest(TestSuite.java:255)
	at junit.framework.TestSuite.run(TestSuite.java:250)
	at org.apache.tools.ant.taskdefs.optional.junit.JUnitTestRunner.run(JUnitTestRunner.java:520)
	at org.apache.tools.ant.taskdefs.optional.junit.JUnitTask.executeInVM(JUnitTask.java:1478)
	at org.apache.tools.ant.taskdefs.optional.junit.JUnitTask.execute(JUnitTask.java:860)
	at org.apache.tools.ant.taskdefs.optional.junit.JUnitTask.executeOrQueue(JUnitTask.java:1968)
	at org.apache.tools.ant.taskdefs.optional.junit.JUnitTask.execute1(JUnitTask.java:812)
	at org.apache.tools.ant.taskdefs.optional.junit.JUnitTask.execute(JUnitTask.java:2271)
	at org.apache.tools.ant.UnknownElement.execute(UnknownElement.java:291)
	at sun.reflect.GeneratedMethodAccessor4.invoke(Unknown Source)
	at sun.reflect.DelegatingMethodAccessorImpl.invoke(DelegatingMethodAccessorImpl.java:43)
	at java.lang.reflect.Method.invoke(Method.java:606)
	at org.apache.tools.ant.dispatch.DispatchUtils.execute(DispatchUtils.java:106)
	at org.apache.tools.ant.Task.perform(Task.java:348)
	at org.apache.tools.ant.Target.execute(Target.java:392)
	at org.apache.tools.ant.Target.performTasks(Target.java:413)
	at org.apache.tools.ant.Project.executeSortedTargets(Project.java:1399)
	at org.apache.tools.ant.Project.executeTarget(Project.java:1368)
	at org.apache.tools.ant.helper.DefaultExecutor.executeTargets(DefaultExecutor.java:41)
	at org.apache.tools.ant.Project.executeTargets(Project.java:1251)
	at org.apache.tools.ant.Main.runBuild(Main.java:811)
	at org.apache.tools.ant.Main.startAnt(Main.java:217)
	at org.apache.tools.ant.launch.Launcher.run(Launcher.java:280)
	at org.apache.tools.ant.launch.Launcher.main(Launcher.java:109)
--- com.google.javascript.jscomp.CodePrinterTest::testTypeAnnotationsDispatcher1
java.lang.StringIndexOutOfBoundsException: String index out of range: -1
	at java.lang.String.charAt(String.java:658)
	at com.google.javascript.jscomp.CodePrinter$PrettyCodePrinter.appendOp(CodePrinter.java:334)
	at com.google.javascript.jscomp.CodeConsumer.addOp(CodeConsumer.java:230)
	at com.google.javascript.jscomp.CodeGenerator.add(CodeGenerator.java:198)
	at com.google.javascript.jscomp.TypedCodeGenerator.add(TypedCodeGenerator.java:57)
	at com.google.javascript.jscomp.CodeGenerator.addExpr(CodeGenerator.java:889)
	at com.google.javascript.jscomp.CodeGenerator.addList(CodeGenerator.java:906)
	at com.google.javascript.jscomp.CodeGenerator.add(CodeGenerator.java:183)
	at com.google.javascript.jscomp.TypedCodeGenerator.add(TypedCodeGenerator.java:57)
	at com.google.javascript.jscomp.CodeGenerator.add(CodeGenerator.java:371)
	at com.google.javascript.jscomp.TypedCodeGenerator.add(TypedCodeGenerator.java:57)
	at com.google.javascript.jscomp.CodeGenerator.add(CodeGenerator.java:82)
	at com.google.javascript.jscomp.CodePrinter.toSource(CodePrinter.java:710)
	at com.google.javascript.jscomp.CodePrinter.access$100(CodePrinter.java:35)
	at com.google.javascript.jscomp.CodePrinter$Builder.build(CodePrinter.java:669)
	at com.google.javascript.jscomp.CodePrinterTest.parsePrint(CodePrinterTest.java:96)
	at com.google.javascript.jscomp.CodePrinterTest.assertTypeAnnotations(CodePrinterTest.java:947)
	at com.google.javascript.jscomp.CodePrinterTest.testTypeAnnotationsDispatcher1(CodePrinterTest.java:824)
	at sun.reflect.NativeMethodAccessorImpl.invoke0(Native Method)
	at sun.reflect.NativeMethodAccessorImpl.invoke(NativeMethodAccessorImpl.java:57)
	at sun.reflect.DelegatingMethodAccessorImpl.invoke(DelegatingMethodAccessorImpl.java:43)
	at java.lang.reflect.Method.invoke(Method.java:606)
	at junit.framework.TestCase.runTest(TestCase.java:176)
	at junit.framework.TestCase.runBare(TestCase.java:141)
	at junit.framework.TestResult$1.protect(TestResult.java:122)
	at junit.framework.TestResult.runProtected(TestResult.java:142)
	at junit.framework.TestResult.run(TestResult.java:125)
	at junit.framework.TestCase.run(TestCase.java:129)
	at junit.framework.TestSuite.runTest(TestSuite.java:255)
	at junit.framework.TestSuite.run(TestSuite.java:250)
	at org.apache.tools.ant.taskdefs.optional.junit.JUnitTestRunner.run(JUnitTestRunner.java:520)
	at org.apache.tools.ant.taskdefs.optional.junit.JUnitTask.executeInVM(JUnitTask.java:1478)
	at org.apache.tools.ant.taskdefs.optional.junit.JUnitTask.execute(JUnitTask.java:860)
	at org.apache.tools.ant.taskdefs.optional.junit.JUnitTask.executeOrQueue(JUnitTask.java:1968)
	at org.apache.tools.ant.taskdefs.optional.junit.JUnitTask.execute1(JUnitTask.java:812)
	at org.apache.tools.ant.taskdefs.optional.junit.JUnitTask.execute(JUnitTask.java:2271)
	at org.apache.tools.ant.UnknownElement.execute(UnknownElement.java:291)
	at sun.reflect.GeneratedMethodAccessor4.invoke(Unknown Source)
	at sun.reflect.DelegatingMethodAccessorImpl.invoke(DelegatingMethodAccessorImpl.java:43)
	at java.lang.reflect.Method.invoke(Method.java:606)
	at org.apache.tools.ant.dispatch.DispatchUtils.execute(DispatchUtils.java:106)
	at org.apache.tools.ant.Task.perform(Task.java:348)
	at org.apache.tools.ant.Target.execute(Target.java:392)
	at org.apache.tools.ant.Target.performTasks(Target.java:413)
	at org.apache.tools.ant.Project.executeSortedTargets(Project.java:1399)
	at org.apache.tools.ant.Project.executeTarget(Project.java:1368)
	at org.apache.tools.ant.helper.DefaultExecutor.executeTargets(DefaultExecutor.java:41)
	at org.apache.tools.ant.Project.executeTargets(Project.java:1251)
	at org.apache.tools.ant.Main.runBuild(Main.java:811)
	at org.apache.tools.ant.Main.startAnt(Main.java:217)
	at org.apache.tools.ant.launch.Launcher.run(Launcher.java:280)
	at org.apache.tools.ant.launch.Launcher.main(Launcher.java:109)
--- com.google.javascript.jscomp.CodePrinterTest::testTypeAnnotationsDispatcher2
java.lang.StringIndexOutOfBoundsException: String index out of range: -1
	at java.lang.String.charAt(String.java:658)
	at com.google.javascript.jscomp.CodePrinter$PrettyCodePrinter.appendOp(CodePrinter.java:334)
	at com.google.javascript.jscomp.CodeConsumer.addOp(CodeConsumer.java:230)
	at com.google.javascript.jscomp.CodeGenerator.add(CodeGenerator.java:198)
	at com.google.javascript.jscomp.TypedCodeGenerator.add(TypedCodeGenerator.java:57)
	at com.google.javascript.jscomp.CodeGenerator.addExpr(CodeGenerator.java:889)
	at com.google.javascript.jscomp.CodeGenerator.addList(CodeGenerator.java:906)
	at com.google.javascript.jscomp.CodeGenerator.add(CodeGenerator.java:183)
	at com.google.javascript.jscomp.TypedCodeGenerator.add(TypedCodeGenerator.java:57)
	at com.google.javascript.jscomp.CodeGenerator.add(CodeGenerator.java:371)
	at com.google.javascript.jscomp.TypedCodeGenerator.add(TypedCodeGenerator.java:57)
	at com.google.javascript.jscomp.CodeGenerator.add(CodeGenerator.java:82)
	at com.google.javascript.jscomp.CodePrinter.toSource(CodePrinter.java:710)
	at com.google.javascript.jscomp.CodePrinter.access$100(CodePrinter.java:35)
	at com.google.javascript.jscomp.CodePrinter$Builder.build(CodePrinter.java:669)
	at com.google.javascript.jscomp.CodePrinterTest.parsePrint(CodePrinterTest.java:96)
	at com.google.javascript.jscomp.CodePrinterTest.assertTypeAnnotations(CodePrinterTest.java:947)
	at com.google.javascript.jscomp.CodePrinterTest.testTypeAnnotationsDispatcher2(CodePrinterTest.java:842)
	at sun.reflect.NativeMethodAccessorImpl.invoke0(Native Method)
	at sun.reflect.NativeMethodAccessorImpl.invoke(NativeMethodAccessorImpl.java:57)
	at sun.reflect.DelegatingMethodAccessorImpl.invoke(DelegatingMethodAccessorImpl.java:43)
	at java.lang.reflect.Method.invoke(Method.java:606)
	at junit.framework.TestCase.runTest(TestCase.java:176)
	at junit.framework.TestCase.runBare(TestCase.java:141)
	at junit.framework.TestResult$1.protect(TestResult.java:122)
	at junit.framework.TestResult.runProtected(TestResult.java:142)
	at junit.framework.TestResult.run(TestResult.java:125)
	at junit.framework.TestCase.run(TestCase.java:129)
	at junit.framework.TestSuite.runTest(TestSuite.java:255)
	at junit.framework.TestSuite.run(TestSuite.java:250)
	at org.apache.tools.ant.taskdefs.optional.junit.JUnitTestRunner.run(JUnitTestRunner.java:520)
	at org.apache.tools.ant.taskdefs.optional.junit.JUnitTask.executeInVM(JUnitTask.java:1478)
	at org.apache.tools.ant.taskdefs.optional.junit.JUnitTask.execute(JUnitTask.java:860)
	at org.apache.tools.ant.taskdefs.optional.junit.JUnitTask.executeOrQueue(JUnitTask.java:1968)
	at org.apache.tools.ant.taskdefs.optional.junit.JUnitTask.execute1(JUnitTask.java:812)
	at org.apache.tools.ant.taskdefs.optional.junit.JUnitTask.execute(JUnitTask.java:2271)
	at org.apache.tools.ant.UnknownElement.execute(UnknownElement.java:291)
	at sun.reflect.GeneratedMethodAccessor4.invoke(Unknown Source)
	at sun.reflect.DelegatingMethodAccessorImpl.invoke(DelegatingMethodAccessorImpl.java:43)
	at java.lang.reflect.Method.invoke(Method.java:606)
	at org.apache.tools.ant.dispatch.DispatchUtils.execute(DispatchUtils.java:106)
	at org.apache.tools.ant.Task.perform(Task.java:348)
	at org.apache.tools.ant.Target.execute(Target.java:392)
	at org.apache.tools.ant.Target.performTasks(Target.java:413)
	at org.apache.tools.ant.Project.executeSortedTargets(Project.java:1399)
	at org.apache.tools.ant.Project.executeTarget(Project.java:1368)
	at org.apache.tools.ant.helper.DefaultExecutor.executeTargets(DefaultExecutor.java:41)
	at org.apache.tools.ant.Project.executeTargets(Project.java:1251)
	at org.apache.tools.ant.Main.runBuild(Main.java:811)
	at org.apache.tools.ant.Main.startAnt(Main.java:217)
	at org.apache.tools.ant.launch.Launcher.run(Launcher.java:280)
	at org.apache.tools.ant.launch.Launcher.main(Launcher.java:109)
--- com.google.javascript.jscomp.CodePrinterTest::testTypeAnnotationsMultipleInterface
java.lang.StringIndexOutOfBoundsException: String index out of range: -1
	at java.lang.String.charAt(String.java:658)
	at com.google.javascript.jscomp.CodePrinter$PrettyCodePrinter.appendOp(CodePrinter.java:334)
	at com.google.javascript.jscomp.CodeConsumer.addOp(CodeConsumer.java:230)
	at com.google.javascript.jscomp.CodeGenerator.add(CodeGenerator.java:198)
	at com.google.javascript.jscomp.TypedCodeGenerator.add(TypedCodeGenerator.java:57)
	at com.google.javascript.jscomp.CodeGenerator.addExpr(CodeGenerator.java:889)
	at com.google.javascript.jscomp.CodeGenerator.addList(CodeGenerator.java:906)
	at com.google.javascript.jscomp.CodeGenerator.add(CodeGenerator.java:183)
	at com.google.javascript.jscomp.TypedCodeGenerator.add(TypedCodeGenerator.java:57)
	at com.google.javascript.jscomp.CodeGenerator.add(CodeGenerator.java:371)
	at com.google.javascript.jscomp.TypedCodeGenerator.add(TypedCodeGenerator.java:57)
	at com.google.javascript.jscomp.CodeGenerator.add(CodeGenerator.java:82)
	at com.google.javascript.jscomp.CodePrinter.toSource(CodePrinter.java:710)
	at com.google.javascript.jscomp.CodePrinter.access$100(CodePrinter.java:35)
	at com.google.javascript.jscomp.CodePrinter$Builder.build(CodePrinter.java:669)
	at com.google.javascript.jscomp.CodePrinterTest.parsePrint(CodePrinterTest.java:96)
	at com.google.javascript.jscomp.CodePrinterTest.assertTypeAnnotations(CodePrinterTest.java:947)
	at com.google.javascript.jscomp.CodePrinterTest.testTypeAnnotationsMultipleInterface(CodePrinterTest.java:766)
	at sun.reflect.NativeMethodAccessorImpl.invoke0(Native Method)
	at sun.reflect.NativeMethodAccessorImpl.invoke(NativeMethodAccessorImpl.java:57)
	at sun.reflect.DelegatingMethodAccessorImpl.invoke(DelegatingMethodAccessorImpl.java:43)
	at java.lang.reflect.Method.invoke(Method.java:606)
	at junit.framework.TestCase.runTest(TestCase.java:176)
	at junit.framework.TestCase.runBare(TestCase.java:141)
	at junit.framework.TestResult$1.protect(TestResult.java:122)
	at junit.framework.TestResult.runProtected(TestResult.java:142)
	at junit.framework.TestResult.run(TestResult.java:125)
	at junit.framework.TestCase.run(TestCase.java:129)
	at junit.framework.TestSuite.runTest(TestSuite.java:255)
	at junit.framework.TestSuite.run(TestSuite.java:250)
	at org.apache.tools.ant.taskdefs.optional.junit.JUnitTestRunner.run(JUnitTestRunner.java:520)
	at org.apache.tools.ant.taskdefs.optional.junit.JUnitTask.executeInVM(JUnitTask.java:1478)
	at org.apache.tools.ant.taskdefs.optional.junit.JUnitTask.execute(JUnitTask.java:860)
	at org.apache.tools.ant.taskdefs.optional.junit.JUnitTask.executeOrQueue(JUnitTask.java:1968)
	at org.apache.tools.ant.taskdefs.optional.junit.JUnitTask.execute1(JUnitTask.java:812)
	at org.apache.tools.ant.taskdefs.optional.junit.JUnitTask.execute(JUnitTask.java:2271)
	at org.apache.tools.ant.UnknownElement.execute(UnknownElement.java:291)
	at sun.reflect.GeneratedMethodAccessor4.invoke(Unknown Source)
	at sun.reflect.DelegatingMethodAccessorImpl.invoke(DelegatingMethodAccessorImpl.java:43)
	at java.lang.reflect.Method.invoke(Method.java:606)
	at org.apache.tools.ant.dispatch.DispatchUtils.execute(DispatchUtils.java:106)
	at org.apache.tools.ant.Task.perform(Task.java:348)
	at org.apache.tools.ant.Target.execute(Target.java:392)
	at org.apache.tools.ant.Target.performTasks(Target.java:413)
	at org.apache.tools.ant.Project.executeSortedTargets(Project.java:1399)
	at org.apache.tools.ant.Project.executeTarget(Project.java:1368)
	at org.apache.tools.ant.helper.DefaultExecutor.executeTargets(DefaultExecutor.java:41)
	at org.apache.tools.ant.Project.executeTargets(Project.java:1251)
	at org.apache.tools.ant.Main.runBuild(Main.java:811)
	at org.apache.tools.ant.Main.startAnt(Main.java:217)
	at org.apache.tools.ant.launch.Launcher.run(Launcher.java:280)
	at org.apache.tools.ant.launch.Launcher.main(Launcher.java:109)
--- com.google.javascript.jscomp.CodePrinterTest::testTypeAnnotationsImplements
java.lang.StringIndexOutOfBoundsException: String index out of range: -1
	at java.lang.String.charAt(String.java:658)
	at com.google.javascript.jscomp.CodePrinter$PrettyCodePrinter.appendOp(CodePrinter.java:334)
	at com.google.javascript.jscomp.CodeConsumer.addOp(CodeConsumer.java:230)
	at com.google.javascript.jscomp.CodeGenerator.add(CodeGenerator.java:198)
	at com.google.javascript.jscomp.TypedCodeGenerator.add(TypedCodeGenerator.java:57)
	at com.google.javascript.jscomp.CodeGenerator.addExpr(CodeGenerator.java:889)
	at com.google.javascript.jscomp.CodeGenerator.addList(CodeGenerator.java:906)
	at com.google.javascript.jscomp.CodeGenerator.add(CodeGenerator.java:183)
	at com.google.javascript.jscomp.TypedCodeGenerator.add(TypedCodeGenerator.java:57)
	at com.google.javascript.jscomp.CodeGenerator.add(CodeGenerator.java:371)
	at com.google.javascript.jscomp.TypedCodeGenerator.add(TypedCodeGenerator.java:57)
	at com.google.javascript.jscomp.CodeGenerator.add(CodeGenerator.java:82)
	at com.google.javascript.jscomp.CodePrinter.toSource(CodePrinter.java:710)
	at com.google.javascript.jscomp.CodePrinter.access$100(CodePrinter.java:35)
	at com.google.javascript.jscomp.CodePrinter$Builder.build(CodePrinter.java:669)
	at com.google.javascript.jscomp.CodePrinterTest.parsePrint(CodePrinterTest.java:96)
	at com.google.javascript.jscomp.CodePrinterTest.assertTypeAnnotations(CodePrinterTest.java:947)
	at com.google.javascript.jscomp.CodePrinterTest.testTypeAnnotationsImplements(CodePrinterTest.java:803)
	at sun.reflect.NativeMethodAccessorImpl.invoke0(Native Method)
	at sun.reflect.NativeMethodAccessorImpl.invoke(NativeMethodAccessorImpl.java:57)
	at sun.reflect.DelegatingMethodAccessorImpl.invoke(DelegatingMethodAccessorImpl.java:43)
	at java.lang.reflect.Method.invoke(Method.java:606)
	at junit.framework.TestCase.runTest(TestCase.java:176)
	at junit.framework.TestCase.runBare(TestCase.java:141)
	at junit.framework.TestResult$1.protect(TestResult.java:122)
	at junit.framework.TestResult.runProtected(TestResult.java:142)
	at junit.framework.TestResult.run(TestResult.java:125)
	at junit.framework.TestCase.run(TestCase.java:129)
	at junit.framework.TestSuite.runTest(TestSuite.java:255)
	at junit.framework.TestSuite.run(TestSuite.java:250)
	at org.apache.tools.ant.taskdefs.optional.junit.JUnitTestRunner.run(JUnitTestRunner.java:520)
	at org.apache.tools.ant.taskdefs.optional.junit.JUnitTask.executeInVM(JUnitTask.java:1478)
	at org.apache.tools.ant.taskdefs.optional.junit.JUnitTask.execute(JUnitTask.java:860)
	at org.apache.tools.ant.taskdefs.optional.junit.JUnitTask.executeOrQueue(JUnitTask.java:1968)
	at org.apache.tools.ant.taskdefs.optional.junit.JUnitTask.execute1(JUnitTask.java:812)
	at org.apache.tools.ant.taskdefs.optional.junit.JUnitTask.execute(JUnitTask.java:2271)
	at org.apache.tools.ant.UnknownElement.execute(UnknownElement.java:291)
	at sun.reflect.GeneratedMethodAccessor4.invoke(Unknown Source)
	at sun.reflect.DelegatingMethodAccessorImpl.invoke(DelegatingMethodAccessorImpl.java:43)
	at java.lang.reflect.Method.invoke(Method.java:606)
	at org.apache.tools.ant.dispatch.DispatchUtils.execute(DispatchUtils.java:106)
	at org.apache.tools.ant.Task.perform(Task.java:348)
	at org.apache.tools.ant.Target.execute(Target.java:392)
	at org.apache.tools.ant.Target.performTasks(Target.java:413)
	at org.apache.tools.ant.Project.executeSortedTargets(Project.java:1399)
	at org.apache.tools.ant.Project.executeTarget(Project.java:1368)
	at org.apache.tools.ant.helper.DefaultExecutor.executeTargets(DefaultExecutor.java:41)
	at org.apache.tools.ant.Project.executeTargets(Project.java:1251)
	at org.apache.tools.ant.Main.runBuild(Main.java:811)
	at org.apache.tools.ant.Main.startAnt(Main.java:217)
	at org.apache.tools.ant.launch.Launcher.run(Launcher.java:280)
	at org.apache.tools.ant.launch.Launcher.main(Launcher.java:109)
--- com.google.javascript.jscomp.CodePrinterTest::testTypeAnnotationsNamespace
java.lang.StringIndexOutOfBoundsException: String index out of range: -1
	at java.lang.String.charAt(String.java:658)
	at com.google.javascript.jscomp.CodePrinter$PrettyCodePrinter.appendOp(CodePrinter.java:334)
	at com.google.javascript.jscomp.CodeConsumer.addOp(CodeConsumer.java:230)
	at com.google.javascript.jscomp.CodeGenerator.add(CodeGenerator.java:198)
	at com.google.javascript.jscomp.TypedCodeGenerator.add(TypedCodeGenerator.java:57)
	at com.google.javascript.jscomp.CodeGenerator.addExpr(CodeGenerator.java:889)
	at com.google.javascript.jscomp.CodeGenerator.addList(CodeGenerator.java:906)
	at com.google.javascript.jscomp.CodeGenerator.add(CodeGenerator.java:183)
	at com.google.javascript.jscomp.TypedCodeGenerator.add(TypedCodeGenerator.java:57)
	at com.google.javascript.jscomp.CodeGenerator.add(CodeGenerator.java:371)
	at com.google.javascript.jscomp.TypedCodeGenerator.add(TypedCodeGenerator.java:57)
	at com.google.javascript.jscomp.CodeGenerator.add(CodeGenerator.java:82)
	at com.google.javascript.jscomp.CodePrinter.toSource(CodePrinter.java:710)
	at com.google.javascript.jscomp.CodePrinter.access$100(CodePrinter.java:35)
	at com.google.javascript.jscomp.CodePrinter$Builder.build(CodePrinter.java:669)
	at com.google.javascript.jscomp.CodePrinterTest.parsePrint(CodePrinterTest.java:96)
	at com.google.javascript.jscomp.CodePrinterTest.assertTypeAnnotations(CodePrinterTest.java:947)
	at com.google.javascript.jscomp.CodePrinterTest.testTypeAnnotationsNamespace(CodePrinterTest.java:734)
	at sun.reflect.NativeMethodAccessorImpl.invoke0(Native Method)
	at sun.reflect.NativeMethodAccessorImpl.invoke(NativeMethodAccessorImpl.java:57)
	at sun.reflect.DelegatingMethodAccessorImpl.invoke(DelegatingMethodAccessorImpl.java:43)
	at java.lang.reflect.Method.invoke(Method.java:606)
	at junit.framework.TestCase.runTest(TestCase.java:176)
	at junit.framework.TestCase.runBare(TestCase.java:141)
	at junit.framework.TestResult$1.protect(TestResult.java:122)
	at junit.framework.TestResult.runProtected(TestResult.java:142)
	at junit.framework.TestResult.run(TestResult.java:125)
	at junit.framework.TestCase.run(TestCase.java:129)
	at junit.framework.TestSuite.runTest(TestSuite.java:255)
	at junit.framework.TestSuite.run(TestSuite.java:250)
	at org.apache.tools.ant.taskdefs.optional.junit.JUnitTestRunner.run(JUnitTestRunner.java:520)
	at org.apache.tools.ant.taskdefs.optional.junit.JUnitTask.executeInVM(JUnitTask.java:1478)
	at org.apache.tools.ant.taskdefs.optional.junit.JUnitTask.execute(JUnitTask.java:860)
	at org.apache.tools.ant.taskdefs.optional.junit.JUnitTask.executeOrQueue(JUnitTask.java:1968)
	at org.apache.tools.ant.taskdefs.optional.junit.JUnitTask.execute1(JUnitTask.java:812)
	at org.apache.tools.ant.taskdefs.optional.junit.JUnitTask.execute(JUnitTask.java:2271)
	at org.apache.tools.ant.UnknownElement.execute(UnknownElement.java:291)
	at sun.reflect.GeneratedMethodAccessor4.invoke(Unknown Source)
	at sun.reflect.DelegatingMethodAccessorImpl.invoke(DelegatingMethodAccessorImpl.java:43)
	at java.lang.reflect.Method.invoke(Method.java:606)
	at org.apache.tools.ant.dispatch.DispatchUtils.execute(DispatchUtils.java:106)
	at org.apache.tools.ant.Task.perform(Task.java:348)
	at org.apache.tools.ant.Target.execute(Target.java:392)
	at org.apache.tools.ant.Target.performTasks(Target.java:413)
	at org.apache.tools.ant.Project.executeSortedTargets(Project.java:1399)
	at org.apache.tools.ant.Project.executeTarget(Project.java:1368)
	at org.apache.tools.ant.helper.DefaultExecutor.executeTargets(DefaultExecutor.java:41)
	at org.apache.tools.ant.Project.executeTargets(Project.java:1251)
	at org.apache.tools.ant.Main.runBuild(Main.java:811)
	at org.apache.tools.ant.Main.startAnt(Main.java:217)
	at org.apache.tools.ant.launch.Launcher.run(Launcher.java:280)
	at org.apache.tools.ant.launch.Launcher.main(Launcher.java:109)
--- com.google.javascript.jscomp.CodePrinterTest::testEnumAnnotation1
java.lang.StringIndexOutOfBoundsException: String index out of range: -1
	at java.lang.String.charAt(String.java:658)
	at com.google.javascript.jscomp.CodePrinter$PrettyCodePrinter.appendOp(CodePrinter.java:334)
	at com.google.javascript.jscomp.CodeConsumer.addOp(CodeConsumer.java:230)
	at com.google.javascript.jscomp.CodeGenerator.add(CodeGenerator.java:198)
	at com.google.javascript.jscomp.TypedCodeGenerator.add(TypedCodeGenerator.java:57)
	at com.google.javascript.jscomp.CodeGenerator.addExpr(CodeGenerator.java:889)
	at com.google.javascript.jscomp.CodeGenerator.addList(CodeGenerator.java:906)
	at com.google.javascript.jscomp.CodeGenerator.add(CodeGenerator.java:183)
	at com.google.javascript.jscomp.TypedCodeGenerator.add(TypedCodeGenerator.java:57)
	at com.google.javascript.jscomp.CodeGenerator.add(CodeGenerator.java:371)
	at com.google.javascript.jscomp.TypedCodeGenerator.add(TypedCodeGenerator.java:57)
	at com.google.javascript.jscomp.CodeGenerator.add(CodeGenerator.java:82)
	at com.google.javascript.jscomp.CodePrinter.toSource(CodePrinter.java:710)
	at com.google.javascript.jscomp.CodePrinter.access$100(CodePrinter.java:35)
	at com.google.javascript.jscomp.CodePrinter$Builder.build(CodePrinter.java:669)
	at com.google.javascript.jscomp.CodePrinterTest.parsePrint(CodePrinterTest.java:96)
	at com.google.javascript.jscomp.CodePrinterTest.assertTypeAnnotations(CodePrinterTest.java:947)
	at com.google.javascript.jscomp.CodePrinterTest.testEnumAnnotation1(CodePrinterTest.java:925)
	at sun.reflect.NativeMethodAccessorImpl.invoke0(Native Method)
	at sun.reflect.NativeMethodAccessorImpl.invoke(NativeMethodAccessorImpl.java:57)
	at sun.reflect.DelegatingMethodAccessorImpl.invoke(DelegatingMethodAccessorImpl.java:43)
	at java.lang.reflect.Method.invoke(Method.java:606)
	at junit.framework.TestCase.runTest(TestCase.java:176)
	at junit.framework.TestCase.runBare(TestCase.java:141)
	at junit.framework.TestResult$1.protect(TestResult.java:122)
	at junit.framework.TestResult.runProtected(TestResult.java:142)
	at junit.framework.TestResult.run(TestResult.java:125)
	at junit.framework.TestCase.run(TestCase.java:129)
	at junit.framework.TestSuite.runTest(TestSuite.java:255)
	at junit.framework.TestSuite.run(TestSuite.java:250)
	at org.apache.tools.ant.taskdefs.optional.junit.JUnitTestRunner.run(JUnitTestRunner.java:520)
	at org.apache.tools.ant.taskdefs.optional.junit.JUnitTask.executeInVM(JUnitTask.java:1478)
	at org.apache.tools.ant.taskdefs.optional.junit.JUnitTask.execute(JUnitTask.java:860)
	at org.apache.tools.ant.taskdefs.optional.junit.JUnitTask.executeOrQueue(JUnitTask.java:1968)
	at org.apache.tools.ant.taskdefs.optional.junit.JUnitTask.execute1(JUnitTask.java:812)
	at org.apache.tools.ant.taskdefs.optional.junit.JUnitTask.execute(JUnitTask.java:2271)
	at org.apache.tools.ant.UnknownElement.execute(UnknownElement.java:291)
	at sun.reflect.GeneratedMethodAccessor4.invoke(Unknown Source)
	at sun.reflect.DelegatingMethodAccessorImpl.invoke(DelegatingMethodAccessorImpl.java:43)
	at java.lang.reflect.Method.invoke(Method.java:606)
	at org.apache.tools.ant.dispatch.DispatchUtils.execute(DispatchUtils.java:106)
	at org.apache.tools.ant.Task.perform(Task.java:348)
	at org.apache.tools.ant.Target.execute(Target.java:392)
	at org.apache.tools.ant.Target.performTasks(Target.java:413)
	at org.apache.tools.ant.Project.executeSortedTargets(Project.java:1399)
	at org.apache.tools.ant.Project.executeTarget(Project.java:1368)
	at org.apache.tools.ant.helper.DefaultExecutor.executeTargets(DefaultExecutor.java:41)
	at org.apache.tools.ant.Project.executeTargets(Project.java:1251)
	at org.apache.tools.ant.Main.runBuild(Main.java:811)
	at org.apache.tools.ant.Main.startAnt(Main.java:217)
	at org.apache.tools.ant.launch.Launcher.run(Launcher.java:280)
	at org.apache.tools.ant.launch.Launcher.main(Launcher.java:109)
--- com.google.javascript.jscomp.CodePrinterTest::testEnumAnnotation2
java.lang.StringIndexOutOfBoundsException: String index out of range: -1
	at java.lang.String.charAt(String.java:658)
	at com.google.javascript.jscomp.CodePrinter$PrettyCodePrinter.appendOp(CodePrinter.java:334)
	at com.google.javascript.jscomp.CodeConsumer.addOp(CodeConsumer.java:230)
	at com.google.javascript.jscomp.CodeGenerator.add(CodeGenerator.java:198)
	at com.google.javascript.jscomp.TypedCodeGenerator.add(TypedCodeGenerator.java:57)
	at com.google.javascript.jscomp.CodeGenerator.addExpr(CodeGenerator.java:889)
	at com.google.javascript.jscomp.CodeGenerator.addList(CodeGenerator.java:906)
	at com.google.javascript.jscomp.CodeGenerator.add(CodeGenerator.java:183)
	at com.google.javascript.jscomp.TypedCodeGenerator.add(TypedCodeGenerator.java:57)
	at com.google.javascript.jscomp.CodeGenerator.add(CodeGenerator.java:371)
	at com.google.javascript.jscomp.TypedCodeGenerator.add(TypedCodeGenerator.java:57)
	at com.google.javascript.jscomp.CodeGenerator.add(CodeGenerator.java:82)
	at com.google.javascript.jscomp.CodePrinter.toSource(CodePrinter.java:710)
	at com.google.javascript.jscomp.CodePrinter.access$100(CodePrinter.java:35)
	at com.google.javascript.jscomp.CodePrinter$Builder.build(CodePrinter.java:669)
	at com.google.javascript.jscomp.CodePrinterTest.parsePrint(CodePrinterTest.java:96)
	at com.google.javascript.jscomp.CodePrinterTest.assertTypeAnnotations(CodePrinterTest.java:947)
	at com.google.javascript.jscomp.CodePrinterTest.testEnumAnnotation2(CodePrinterTest.java:931)
	at sun.reflect.NativeMethodAccessorImpl.invoke0(Native Method)
	at sun.reflect.NativeMethodAccessorImpl.invoke(NativeMethodAccessorImpl.java:57)
	at sun.reflect.DelegatingMethodAccessorImpl.invoke(DelegatingMethodAccessorImpl.java:43)
	at java.lang.reflect.Method.invoke(Method.java:606)
	at junit.framework.TestCase.runTest(TestCase.java:176)
	at junit.framework.TestCase.runBare(TestCase.java:141)
	at junit.framework.TestResult$1.protect(TestResult.java:122)
	at junit.framework.TestResult.runProtected(TestResult.java:142)
	at junit.framework.TestResult.run(TestResult.java:125)
	at junit.framework.TestCase.run(TestCase.java:129)
	at junit.framework.TestSuite.runTest(TestSuite.java:255)
	at junit.framework.TestSuite.run(TestSuite.java:250)
	at org.apache.tools.ant.taskdefs.optional.junit.JUnitTestRunner.run(JUnitTestRunner.java:520)
	at org.apache.tools.ant.taskdefs.optional.junit.JUnitTask.executeInVM(JUnitTask.java:1478)
	at org.apache.tools.ant.taskdefs.optional.junit.JUnitTask.execute(JUnitTask.java:860)
	at org.apache.tools.ant.taskdefs.optional.junit.JUnitTask.executeOrQueue(JUnitTask.java:1968)
	at org.apache.tools.ant.taskdefs.optional.junit.JUnitTask.execute1(JUnitTask.java:812)
	at org.apache.tools.ant.taskdefs.optional.junit.JUnitTask.execute(JUnitTask.java:2271)
	at org.apache.tools.ant.UnknownElement.execute(UnknownElement.java:291)
	at sun.reflect.GeneratedMethodAccessor4.invoke(Unknown Source)
	at sun.reflect.DelegatingMethodAccessorImpl.invoke(DelegatingMethodAccessorImpl.java:43)
	at java.lang.reflect.Method.invoke(Method.java:606)
	at org.apache.tools.ant.dispatch.DispatchUtils.execute(DispatchUtils.java:106)
	at org.apache.tools.ant.Task.perform(Task.java:348)
	at org.apache.tools.ant.Target.execute(Target.java:392)
	at org.apache.tools.ant.Target.performTasks(Target.java:413)
	at org.apache.tools.ant.Project.executeSortedTargets(Project.java:1399)
	at org.apache.tools.ant.Project.executeTarget(Project.java:1368)
	at org.apache.tools.ant.helper.DefaultExecutor.executeTargets(DefaultExecutor.java:41)
	at org.apache.tools.ant.Project.executeTargets(Project.java:1251)
	at org.apache.tools.ant.Main.runBuild(Main.java:811)
	at org.apache.tools.ant.Main.startAnt(Main.java:217)
	at org.apache.tools.ant.launch.Launcher.run(Launcher.java:280)
	at org.apache.tools.ant.launch.Launcher.main(Launcher.java:109)
--- com.google.javascript.jscomp.CodePrinterTest::testCommaSpacing
java.lang.StringIndexOutOfBoundsException: String index out of range: -1
	at java.lang.String.charAt(String.java:658)
	at com.google.javascript.jscomp.CodePrinter$PrettyCodePrinter.appendOp(CodePrinter.java:334)
	at com.google.javascript.jscomp.CodeConsumer.addOp(CodeConsumer.java:230)
	at com.google.javascript.jscomp.CodeGenerator.add(CodeGenerator.java:198)
	at com.google.javascript.jscomp.CodeGenerator.addExpr(CodeGenerator.java:889)
	at com.google.javascript.jscomp.CodeGenerator.addList(CodeGenerator.java:906)
	at com.google.javascript.jscomp.CodeGenerator.add(CodeGenerator.java:183)
	at com.google.javascript.jscomp.CodeGenerator.add(CodeGenerator.java:371)
	at com.google.javascript.jscomp.CodeGenerator.add(CodeGenerator.java:82)
	at com.google.javascript.jscomp.CodePrinter.toSource(CodePrinter.java:710)
	at com.google.javascript.jscomp.CodePrinter.access$100(CodePrinter.java:35)
	at com.google.javascript.jscomp.CodePrinter$Builder.build(CodePrinter.java:669)
	at com.google.javascript.jscomp.CodePrinterTest.parsePrint(CodePrinterTest.java:82)
	at com.google.javascript.jscomp.CodePrinterTest.assertPrettyPrint(CodePrinterTest.java:941)
	at com.google.javascript.jscomp.CodePrinterTest.testCommaSpacing(CodePrinterTest.java:1360)
	at sun.reflect.NativeMethodAccessorImpl.invoke0(Native Method)
	at sun.reflect.NativeMethodAccessorImpl.invoke(NativeMethodAccessorImpl.java:57)
	at sun.reflect.DelegatingMethodAccessorImpl.invoke(DelegatingMethodAccessorImpl.java:43)
	at java.lang.reflect.Method.invoke(Method.java:606)
	at junit.framework.TestCase.runTest(TestCase.java:176)
	at junit.framework.TestCase.runBare(TestCase.java:141)
	at junit.framework.TestResult$1.protect(TestResult.java:122)
	at junit.framework.TestResult.runProtected(TestResult.java:142)
	at junit.framework.TestResult.run(TestResult.java:125)
	at junit.framework.TestCase.run(TestCase.java:129)
	at junit.framework.TestSuite.runTest(TestSuite.java:255)
	at junit.framework.TestSuite.run(TestSuite.java:250)
	at org.apache.tools.ant.taskdefs.optional.junit.JUnitTestRunner.run(JUnitTestRunner.java:520)
	at org.apache.tools.ant.taskdefs.optional.junit.JUnitTask.executeInVM(JUnitTask.java:1478)
	at org.apache.tools.ant.taskdefs.optional.junit.JUnitTask.execute(JUnitTask.java:860)
	at org.apache.tools.ant.taskdefs.optional.junit.JUnitTask.executeOrQueue(JUnitTask.java:1968)
	at org.apache.tools.ant.taskdefs.optional.junit.JUnitTask.execute1(JUnitTask.java:812)
	at org.apache.tools.ant.taskdefs.optional.junit.JUnitTask.execute(JUnitTask.java:2271)
	at org.apache.tools.ant.UnknownElement.execute(UnknownElement.java:291)
	at sun.reflect.GeneratedMethodAccessor4.invoke(Unknown Source)
	at sun.reflect.DelegatingMethodAccessorImpl.invoke(DelegatingMethodAccessorImpl.java:43)
	at java.lang.reflect.Method.invoke(Method.java:606)
	at org.apache.tools.ant.dispatch.DispatchUtils.execute(DispatchUtils.java:106)
	at org.apache.tools.ant.Task.perform(Task.java:348)
	at org.apache.tools.ant.Target.execute(Target.java:392)
	at org.apache.tools.ant.Target.performTasks(Target.java:413)
	at org.apache.tools.ant.Project.executeSortedTargets(Project.java:1399)
	at org.apache.tools.ant.Project.executeTarget(Project.java:1368)
	at org.apache.tools.ant.helper.DefaultExecutor.executeTargets(DefaultExecutor.java:41)
	at org.apache.tools.ant.Project.executeTargets(Project.java:1251)
	at org.apache.tools.ant.Main.runBuild(Main.java:811)
	at org.apache.tools.ant.Main.startAnt(Main.java:217)
	at org.apache.tools.ant.launch.Launcher.run(Launcher.java:280)
	at org.apache.tools.ant.launch.Launcher.main(Launcher.java:109)
--- com.google.javascript.jscomp.CodePrinterTest::testPrettyPrinter
java.lang.StringIndexOutOfBoundsException: String index out of range: -1
	at java.lang.String.charAt(String.java:658)
	at com.google.javascript.jscomp.CodePrinter$PrettyCodePrinter.appendOp(CodePrinter.java:334)
	at com.google.javascript.jscomp.CodeConsumer.addOp(CodeConsumer.java:230)
	at com.google.javascript.jscomp.CodeGenerator.add(CodeGenerator.java:198)
	at com.google.javascript.jscomp.CodeGenerator.addExpr(CodeGenerator.java:889)
	at com.google.javascript.jscomp.CodeGenerator.addList(CodeGenerator.java:906)
	at com.google.javascript.jscomp.CodeGenerator.add(CodeGenerator.java:183)
	at com.google.javascript.jscomp.CodeGenerator.add(CodeGenerator.java:371)
	at com.google.javascript.jscomp.CodeGenerator.add(CodeGenerator.java:82)
	at com.google.javascript.jscomp.CodePrinter.toSource(CodePrinter.java:710)
	at com.google.javascript.jscomp.CodePrinter.access$100(CodePrinter.java:35)
	at com.google.javascript.jscomp.CodePrinter$Builder.build(CodePrinter.java:669)
	at com.google.javascript.jscomp.CodePrinterTest.parsePrint(CodePrinterTest.java:82)
	at com.google.javascript.jscomp.CodePrinterTest.assertPrettyPrint(CodePrinterTest.java:941)
	at com.google.javascript.jscomp.CodePrinterTest.testPrettyPrinter(CodePrinterTest.java:520)
	at sun.reflect.NativeMethodAccessorImpl.invoke0(Native Method)
	at sun.reflect.NativeMethodAccessorImpl.invoke(NativeMethodAccessorImpl.java:57)
	at sun.reflect.DelegatingMethodAccessorImpl.invoke(DelegatingMethodAccessorImpl.java:43)
	at java.lang.reflect.Method.invoke(Method.java:606)
	at junit.framework.TestCase.runTest(TestCase.java:176)
	at junit.framework.TestCase.runBare(TestCase.java:141)
	at junit.framework.TestResult$1.protect(TestResult.java:122)
	at junit.framework.TestResult.runProtected(TestResult.java:142)
	at junit.framework.TestResult.run(TestResult.java:125)
	at junit.framework.TestCase.run(TestCase.java:129)
	at junit.framework.TestSuite.runTest(TestSuite.java:255)
	at junit.framework.TestSuite.run(TestSuite.java:250)
	at org.apache.tools.ant.taskdefs.optional.junit.JUnitTestRunner.run(JUnitTestRunner.java:520)
	at org.apache.tools.ant.taskdefs.optional.junit.JUnitTask.executeInVM(JUnitTask.java:1478)
	at org.apache.tools.ant.taskdefs.optional.junit.JUnitTask.execute(JUnitTask.java:860)
	at org.apache.tools.ant.taskdefs.optional.junit.JUnitTask.executeOrQueue(JUnitTask.java:1968)
	at org.apache.tools.ant.taskdefs.optional.junit.JUnitTask.execute1(JUnitTask.java:812)
	at org.apache.tools.ant.taskdefs.optional.junit.JUnitTask.execute(JUnitTask.java:2271)
	at org.apache.tools.ant.UnknownElement.execute(UnknownElement.java:291)
	at sun.reflect.GeneratedMethodAccessor4.invoke(Unknown Source)
	at sun.reflect.DelegatingMethodAccessorImpl.invoke(DelegatingMethodAccessorImpl.java:43)
	at java.lang.reflect.Method.invoke(Method.java:606)
	at org.apache.tools.ant.dispatch.DispatchUtils.execute(DispatchUtils.java:106)
	at org.apache.tools.ant.Task.perform(Task.java:348)
	at org.apache.tools.ant.Target.execute(Target.java:392)
	at org.apache.tools.ant.Target.performTasks(Target.java:413)
	at org.apache.tools.ant.Project.executeSortedTargets(Project.java:1399)
	at org.apache.tools.ant.Project.executeTarget(Project.java:1368)
	at org.apache.tools.ant.helper.DefaultExecutor.executeTargets(DefaultExecutor.java:41)
	at org.apache.tools.ant.Project.executeTargets(Project.java:1251)
	at org.apache.tools.ant.Main.runBuild(Main.java:811)
	at org.apache.tools.ant.Main.startAnt(Main.java:217)
	at org.apache.tools.ant.launch.Launcher.run(Launcher.java:280)
	at org.apache.tools.ant.launch.Launcher.main(Launcher.java:109)
--- com.google.javascript.jscomp.CodePrinterTest::testU2UFunctionTypeAnnotation
java.lang.StringIndexOutOfBoundsException: String index out of range: -1
	at java.lang.String.charAt(String.java:658)
	at com.google.javascript.jscomp.CodePrinter$PrettyCodePrinter.appendOp(CodePrinter.java:334)
	at com.google.javascript.jscomp.CodeConsumer.addOp(CodeConsumer.java:230)
	at com.google.javascript.jscomp.CodeGenerator.add(CodeGenerator.java:198)
	at com.google.javascript.jscomp.TypedCodeGenerator.add(TypedCodeGenerator.java:57)
	at com.google.javascript.jscomp.CodeGenerator.addExpr(CodeGenerator.java:889)
	at com.google.javascript.jscomp.CodeGenerator.addList(CodeGenerator.java:906)
	at com.google.javascript.jscomp.CodeGenerator.add(CodeGenerator.java:183)
	at com.google.javascript.jscomp.TypedCodeGenerator.add(TypedCodeGenerator.java:57)
	at com.google.javascript.jscomp.CodeGenerator.add(CodeGenerator.java:371)
	at com.google.javascript.jscomp.TypedCodeGenerator.add(TypedCodeGenerator.java:57)
	at com.google.javascript.jscomp.CodeGenerator.add(CodeGenerator.java:82)
	at com.google.javascript.jscomp.CodePrinter.toSource(CodePrinter.java:710)
	at com.google.javascript.jscomp.CodePrinter.access$100(CodePrinter.java:35)
	at com.google.javascript.jscomp.CodePrinter$Builder.build(CodePrinter.java:669)
	at com.google.javascript.jscomp.CodePrinterTest.parsePrint(CodePrinterTest.java:96)
	at com.google.javascript.jscomp.CodePrinterTest.assertTypeAnnotations(CodePrinterTest.java:947)
	at com.google.javascript.jscomp.CodePrinterTest.testU2UFunctionTypeAnnotation(CodePrinterTest.java:869)
	at sun.reflect.NativeMethodAccessorImpl.invoke0(Native Method)
	at sun.reflect.NativeMethodAccessorImpl.invoke(NativeMethodAccessorImpl.java:57)
	at sun.reflect.DelegatingMethodAccessorImpl.invoke(DelegatingMethodAccessorImpl.java:43)
	at java.lang.reflect.Method.invoke(Method.java:606)
	at junit.framework.TestCase.runTest(TestCase.java:176)
	at junit.framework.TestCase.runBare(TestCase.java:141)
	at junit.framework.TestResult$1.protect(TestResult.java:122)
	at junit.framework.TestResult.runProtected(TestResult.java:142)
	at junit.framework.TestResult.run(TestResult.java:125)
	at junit.framework.TestCase.run(TestCase.java:129)
	at junit.framework.TestSuite.runTest(TestSuite.java:255)
	at junit.framework.TestSuite.run(TestSuite.java:250)
	at org.apache.tools.ant.taskdefs.optional.junit.JUnitTestRunner.run(JUnitTestRunner.java:520)
	at org.apache.tools.ant.taskdefs.optional.junit.JUnitTask.executeInVM(JUnitTask.java:1478)
	at org.apache.tools.ant.taskdefs.optional.junit.JUnitTask.execute(JUnitTask.java:860)
	at org.apache.tools.ant.taskdefs.optional.junit.JUnitTask.executeOrQueue(JUnitTask.java:1968)
	at org.apache.tools.ant.taskdefs.optional.junit.JUnitTask.execute1(JUnitTask.java:812)
	at org.apache.tools.ant.taskdefs.optional.junit.JUnitTask.execute(JUnitTask.java:2271)
	at org.apache.tools.ant.UnknownElement.execute(UnknownElement.java:291)
	at sun.reflect.GeneratedMethodAccessor4.invoke(Unknown Source)
	at sun.reflect.DelegatingMethodAccessorImpl.invoke(DelegatingMethodAccessorImpl.java:43)
	at java.lang.reflect.Method.invoke(Method.java:606)
	at org.apache.tools.ant.dispatch.DispatchUtils.execute(DispatchUtils.java:106)
	at org.apache.tools.ant.Task.perform(Task.java:348)
	at org.apache.tools.ant.Target.execute(Target.java:392)
	at org.apache.tools.ant.Target.performTasks(Target.java:413)
	at org.apache.tools.ant.Project.executeSortedTargets(Project.java:1399)
	at org.apache.tools.ant.Project.executeTarget(Project.java:1368)
	at org.apache.tools.ant.helper.DefaultExecutor.executeTargets(DefaultExecutor.java:41)
	at org.apache.tools.ant.Project.executeTargets(Project.java:1251)
	at org.apache.tools.ant.Main.runBuild(Main.java:811)
	at org.apache.tools.ant.Main.startAnt(Main.java:217)
	at org.apache.tools.ant.launch.Launcher.run(Launcher.java:280)
	at org.apache.tools.ant.launch.Launcher.main(Launcher.java:109)
--- com.google.javascript.jscomp.CodePrinterTest::testVariableArgumentsTypesAnnotation
java.lang.StringIndexOutOfBoundsException: String index out of range: -1
	at java.lang.String.charAt(String.java:658)
	at com.google.javascript.jscomp.CodePrinter$PrettyCodePrinter.appendOp(CodePrinter.java:334)
	at com.google.javascript.jscomp.CodeConsumer.addOp(CodeConsumer.java:230)
	at com.google.javascript.jscomp.CodeGenerator.add(CodeGenerator.java:198)
	at com.google.javascript.jscomp.TypedCodeGenerator.add(TypedCodeGenerator.java:57)
	at com.google.javascript.jscomp.CodeGenerator.addExpr(CodeGenerator.java:889)
	at com.google.javascript.jscomp.CodeGenerator.addList(CodeGenerator.java:906)
	at com.google.javascript.jscomp.CodeGenerator.add(CodeGenerator.java:183)
	at com.google.javascript.jscomp.TypedCodeGenerator.add(TypedCodeGenerator.java:57)
	at com.google.javascript.jscomp.CodeGenerator.add(CodeGenerator.java:371)
	at com.google.javascript.jscomp.TypedCodeGenerator.add(TypedCodeGenerator.java:57)
	at com.google.javascript.jscomp.CodeGenerator.add(CodeGenerator.java:82)
	at com.google.javascript.jscomp.CodePrinter.toSource(CodePrinter.java:710)
	at com.google.javascript.jscomp.CodePrinter.access$100(CodePrinter.java:35)
	at com.google.javascript.jscomp.CodePrinter$Builder.build(CodePrinter.java:669)
	at com.google.javascript.jscomp.CodePrinterTest.parsePrint(CodePrinterTest.java:96)
	at com.google.javascript.jscomp.CodePrinterTest.assertTypeAnnotations(CodePrinterTest.java:947)
	at com.google.javascript.jscomp.CodePrinterTest.testVariableArgumentsTypesAnnotation(CodePrinterTest.java:898)
	at sun.reflect.NativeMethodAccessorImpl.invoke0(Native Method)
	at sun.reflect.NativeMethodAccessorImpl.invoke(NativeMethodAccessorImpl.java:57)
	at sun.reflect.DelegatingMethodAccessorImpl.invoke(DelegatingMethodAccessorImpl.java:43)
	at java.lang.reflect.Method.invoke(Method.java:606)
	at junit.framework.TestCase.runTest(TestCase.java:176)
	at junit.framework.TestCase.runBare(TestCase.java:141)
	at junit.framework.TestResult$1.protect(TestResult.java:122)
	at junit.framework.TestResult.runProtected(TestResult.java:142)
	at junit.framework.TestResult.run(TestResult.java:125)
	at junit.framework.TestCase.run(TestCase.java:129)
	at junit.framework.TestSuite.runTest(TestSuite.java:255)
	at junit.framework.TestSuite.run(TestSuite.java:250)
	at org.apache.tools.ant.taskdefs.optional.junit.JUnitTestRunner.run(JUnitTestRunner.java:520)
	at org.apache.tools.ant.taskdefs.optional.junit.JUnitTask.executeInVM(JUnitTask.java:1478)
	at org.apache.tools.ant.taskdefs.optional.junit.JUnitTask.execute(JUnitTask.java:860)
	at org.apache.tools.ant.taskdefs.optional.junit.JUnitTask.executeOrQueue(JUnitTask.java:1968)
	at org.apache.tools.ant.taskdefs.optional.junit.JUnitTask.execute1(JUnitTask.java:812)
	at org.apache.tools.ant.taskdefs.optional.junit.JUnitTask.execute(JUnitTask.java:2271)
	at org.apache.tools.ant.UnknownElement.execute(UnknownElement.java:291)
	at sun.reflect.GeneratedMethodAccessor4.invoke(Unknown Source)
	at sun.reflect.DelegatingMethodAccessorImpl.invoke(DelegatingMethodAccessorImpl.java:43)
	at java.lang.reflect.Method.invoke(Method.java:606)
	at org.apache.tools.ant.dispatch.DispatchUtils.execute(DispatchUtils.java:106)
	at org.apache.tools.ant.Task.perform(Task.java:348)
	at org.apache.tools.ant.Target.execute(Target.java:392)
	at org.apache.tools.ant.Target.performTasks(Target.java:413)
	at org.apache.tools.ant.Project.executeSortedTargets(Project.java:1399)
	at org.apache.tools.ant.Project.executeTarget(Project.java:1368)
	at org.apache.tools.ant.helper.DefaultExecutor.executeTargets(DefaultExecutor.java:41)
	at org.apache.tools.ant.Project.executeTargets(Project.java:1251)
	at org.apache.tools.ant.Main.runBuild(Main.java:811)
	at org.apache.tools.ant.Main.startAnt(Main.java:217)
	at org.apache.tools.ant.launch.Launcher.run(Launcher.java:280)
	at org.apache.tools.ant.launch.Launcher.main(Launcher.java:109)
--- com.google.javascript.jscomp.CodePrinterTest::testEmitUnknownParamTypesAsAllType
java.lang.StringIndexOutOfBoundsException: String index out of range: -1
	at java.lang.String.charAt(String.java:658)
	at com.google.javascript.jscomp.CodePrinter$PrettyCodePrinter.appendOp(CodePrinter.java:334)
	at com.google.javascript.jscomp.CodeConsumer.addOp(CodeConsumer.java:230)
	at com.google.javascript.jscomp.CodeGenerator.add(CodeGenerator.java:198)
	at com.google.javascript.jscomp.TypedCodeGenerator.add(TypedCodeGenerator.java:57)
	at com.google.javascript.jscomp.CodeGenerator.addExpr(CodeGenerator.java:889)
	at com.google.javascript.jscomp.CodeGenerator.addList(CodeGenerator.java:906)
	at com.google.javascript.jscomp.CodeGenerator.add(CodeGenerator.java:183)
	at com.google.javascript.jscomp.TypedCodeGenerator.add(TypedCodeGenerator.java:57)
	at com.google.javascript.jscomp.CodeGenerator.add(CodeGenerator.java:371)
	at com.google.javascript.jscomp.TypedCodeGenerator.add(TypedCodeGenerator.java:57)
	at com.google.javascript.jscomp.CodeGenerator.add(CodeGenerator.java:82)
	at com.google.javascript.jscomp.CodePrinter.toSource(CodePrinter.java:710)
	at com.google.javascript.jscomp.CodePrinter.access$100(CodePrinter.java:35)
	at com.google.javascript.jscomp.CodePrinter$Builder.build(CodePrinter.java:669)
	at com.google.javascript.jscomp.CodePrinterTest.parsePrint(CodePrinterTest.java:96)
	at com.google.javascript.jscomp.CodePrinterTest.assertTypeAnnotations(CodePrinterTest.java:947)
	at com.google.javascript.jscomp.CodePrinterTest.testEmitUnknownParamTypesAsAllType(CodePrinterTest.java:875)
	at sun.reflect.NativeMethodAccessorImpl.invoke0(Native Method)
	at sun.reflect.NativeMethodAccessorImpl.invoke(NativeMethodAccessorImpl.java:57)
	at sun.reflect.DelegatingMethodAccessorImpl.invoke(DelegatingMethodAccessorImpl.java:43)
	at java.lang.reflect.Method.invoke(Method.java:606)
	at junit.framework.TestCase.runTest(TestCase.java:176)
	at junit.framework.TestCase.runBare(TestCase.java:141)
	at junit.framework.TestResult$1.protect(TestResult.java:122)
	at junit.framework.TestResult.runProtected(TestResult.java:142)
	at junit.framework.TestResult.run(TestResult.java:125)
	at junit.framework.TestCase.run(TestCase.java:129)
	at junit.framework.TestSuite.runTest(TestSuite.java:255)
	at junit.framework.TestSuite.run(TestSuite.java:250)
	at org.apache.tools.ant.taskdefs.optional.junit.JUnitTestRunner.run(JUnitTestRunner.java:520)
	at org.apache.tools.ant.taskdefs.optional.junit.JUnitTask.executeInVM(JUnitTask.java:1478)
	at org.apache.tools.ant.taskdefs.optional.junit.JUnitTask.execute(JUnitTask.java:860)
	at org.apache.tools.ant.taskdefs.optional.junit.JUnitTask.executeOrQueue(JUnitTask.java:1968)
	at org.apache.tools.ant.taskdefs.optional.junit.JUnitTask.execute1(JUnitTask.java:812)
	at org.apache.tools.ant.taskdefs.optional.junit.JUnitTask.execute(JUnitTask.java:2271)
	at org.apache.tools.ant.UnknownElement.execute(UnknownElement.java:291)
	at sun.reflect.GeneratedMethodAccessor4.invoke(Unknown Source)
	at sun.reflect.DelegatingMethodAccessorImpl.invoke(DelegatingMethodAccessorImpl.java:43)
	at java.lang.reflect.Method.invoke(Method.java:606)
	at org.apache.tools.ant.dispatch.DispatchUtils.execute(DispatchUtils.java:106)
	at org.apache.tools.ant.Task.perform(Task.java:348)
	at org.apache.tools.ant.Target.execute(Target.java:392)
	at org.apache.tools.ant.Target.performTasks(Target.java:413)
	at org.apache.tools.ant.Project.executeSortedTargets(Project.java:1399)
	at org.apache.tools.ant.Project.executeTarget(Project.java:1368)
	at org.apache.tools.ant.helper.DefaultExecutor.executeTargets(DefaultExecutor.java:41)
	at org.apache.tools.ant.Project.executeTargets(Project.java:1251)
	at org.apache.tools.ant.Main.runBuild(Main.java:811)
	at org.apache.tools.ant.Main.startAnt(Main.java:217)
	at org.apache.tools.ant.launch.Launcher.run(Launcher.java:280)
	at org.apache.tools.ant.launch.Launcher.main(Launcher.java:109)
--- com.google.javascript.jscomp.CodePrinterTest::testTypeAnnotationsMemberSubclass
java.lang.StringIndexOutOfBoundsException: String index out of range: -1
	at java.lang.String.charAt(String.java:658)
	at com.google.javascript.jscomp.CodePrinter$PrettyCodePrinter.appendOp(CodePrinter.java:334)
	at com.google.javascript.jscomp.CodeConsumer.addOp(CodeConsumer.java:230)
	at com.google.javascript.jscomp.CodeGenerator.add(CodeGenerator.java:198)
	at com.google.javascript.jscomp.TypedCodeGenerator.add(TypedCodeGenerator.java:57)
	at com.google.javascript.jscomp.CodeGenerator.addExpr(CodeGenerator.java:889)
	at com.google.javascript.jscomp.CodeGenerator.addList(CodeGenerator.java:906)
	at com.google.javascript.jscomp.CodeGenerator.add(CodeGenerator.java:183)
	at com.google.javascript.jscomp.TypedCodeGenerator.add(TypedCodeGenerator.java:57)
	at com.google.javascript.jscomp.CodeGenerator.add(CodeGenerator.java:371)
	at com.google.javascript.jscomp.TypedCodeGenerator.add(TypedCodeGenerator.java:57)
	at com.google.javascript.jscomp.CodeGenerator.add(CodeGenerator.java:82)
	at com.google.javascript.jscomp.CodePrinter.toSource(CodePrinter.java:710)
	at com.google.javascript.jscomp.CodePrinter.access$100(CodePrinter.java:35)
	at com.google.javascript.jscomp.CodePrinter$Builder.build(CodePrinter.java:669)
	at com.google.javascript.jscomp.CodePrinterTest.parsePrint(CodePrinterTest.java:96)
	at com.google.javascript.jscomp.CodePrinterTest.assertTypeAnnotations(CodePrinterTest.java:947)
	at com.google.javascript.jscomp.CodePrinterTest.testTypeAnnotationsMemberSubclass(CodePrinterTest.java:742)
	at sun.reflect.NativeMethodAccessorImpl.invoke0(Native Method)
	at sun.reflect.NativeMethodAccessorImpl.invoke(NativeMethodAccessorImpl.java:57)
	at sun.reflect.DelegatingMethodAccessorImpl.invoke(DelegatingMethodAccessorImpl.java:43)
	at java.lang.reflect.Method.invoke(Method.java:606)
	at junit.framework.TestCase.runTest(TestCase.java:176)
	at junit.framework.TestCase.runBare(TestCase.java:141)
	at junit.framework.TestResult$1.protect(TestResult.java:122)
	at junit.framework.TestResult.runProtected(TestResult.java:142)
	at junit.framework.TestResult.run(TestResult.java:125)
	at junit.framework.TestCase.run(TestCase.java:129)
	at junit.framework.TestSuite.runTest(TestSuite.java:255)
	at junit.framework.TestSuite.run(TestSuite.java:250)
	at org.apache.tools.ant.taskdefs.optional.junit.JUnitTestRunner.run(JUnitTestRunner.java:520)
	at org.apache.tools.ant.taskdefs.optional.junit.JUnitTask.executeInVM(JUnitTask.java:1478)
	at org.apache.tools.ant.taskdefs.optional.junit.JUnitTask.execute(JUnitTask.java:860)
	at org.apache.tools.ant.taskdefs.optional.junit.JUnitTask.executeOrQueue(JUnitTask.java:1968)
	at org.apache.tools.ant.taskdefs.optional.junit.JUnitTask.execute1(JUnitTask.java:812)
	at org.apache.tools.ant.taskdefs.optional.junit.JUnitTask.execute(JUnitTask.java:2271)
	at org.apache.tools.ant.UnknownElement.execute(UnknownElement.java:291)
	at sun.reflect.GeneratedMethodAccessor4.invoke(Unknown Source)
	at sun.reflect.DelegatingMethodAccessorImpl.invoke(DelegatingMethodAccessorImpl.java:43)
	at java.lang.reflect.Method.invoke(Method.java:606)
	at org.apache.tools.ant.dispatch.DispatchUtils.execute(DispatchUtils.java:106)
	at org.apache.tools.ant.Task.perform(Task.java:348)
	at org.apache.tools.ant.Target.execute(Target.java:392)
	at org.apache.tools.ant.Target.performTasks(Target.java:413)
	at org.apache.tools.ant.Project.executeSortedTargets(Project.java:1399)
	at org.apache.tools.ant.Project.executeTarget(Project.java:1368)
	at org.apache.tools.ant.helper.DefaultExecutor.executeTargets(DefaultExecutor.java:41)
	at org.apache.tools.ant.Project.executeTargets(Project.java:1251)
	at org.apache.tools.ant.Main.runBuild(Main.java:811)
	at org.apache.tools.ant.Main.startAnt(Main.java:217)
	at org.apache.tools.ant.launch.Launcher.run(Launcher.java:280)
	at org.apache.tools.ant.launch.Launcher.main(Launcher.java:109)
--- com.google.javascript.jscomp.ExternExportsPassTest::testExportDontEmitPrototypePathPrefix
java.lang.RuntimeException: java.lang.StringIndexOutOfBoundsException: String index out of range: -1
	at com.google.javascript.jscomp.Compiler.runCallable(Compiler.java:650)
	at com.google.javascript.jscomp.Compiler.runInCompilerThread(Compiler.java:595)
	at com.google.javascript.jscomp.Compiler.compile(Compiler.java:577)
	at com.google.javascript.jscomp.Compiler.compile(Compiler.java:536)
	at com.google.javascript.jscomp.ExternExportsPassTest.compileAndExportExterns(ExternExportsPassTest.java:478)
	at com.google.javascript.jscomp.ExternExportsPassTest.compileAndExportExterns(ExternExportsPassTest.java:443)
	at com.google.javascript.jscomp.ExternExportsPassTest.compileAndCheck(ExternExportsPassTest.java:419)
	at com.google.javascript.jscomp.ExternExportsPassTest.testExportDontEmitPrototypePathPrefix(ExternExportsPassTest.java:312)
	at sun.reflect.NativeMethodAccessorImpl.invoke0(Native Method)
	at sun.reflect.NativeMethodAccessorImpl.invoke(NativeMethodAccessorImpl.java:57)
	at sun.reflect.DelegatingMethodAccessorImpl.invoke(DelegatingMethodAccessorImpl.java:43)
	at java.lang.reflect.Method.invoke(Method.java:606)
	at junit.framework.TestCase.runTest(TestCase.java:176)
	at junit.framework.TestCase.runBare(TestCase.java:141)
	at junit.framework.TestResult$1.protect(TestResult.java:122)
	at junit.framework.TestResult.runProtected(TestResult.java:142)
	at junit.framework.TestResult.run(TestResult.java:125)
	at junit.framework.TestCase.run(TestCase.java:129)
	at junit.framework.TestSuite.runTest(TestSuite.java:255)
	at junit.framework.TestSuite.run(TestSuite.java:250)
	at org.apache.tools.ant.taskdefs.optional.junit.JUnitTestRunner.run(JUnitTestRunner.java:520)
	at org.apache.tools.ant.taskdefs.optional.junit.JUnitTask.executeInVM(JUnitTask.java:1478)
	at org.apache.tools.ant.taskdefs.optional.junit.JUnitTask.execute(JUnitTask.java:860)
	at org.apache.tools.ant.taskdefs.optional.junit.JUnitTask.executeOrQueue(JUnitTask.java:1968)
	at org.apache.tools.ant.taskdefs.optional.junit.JUnitTask.execute1(JUnitTask.java:812)
	at org.apache.tools.ant.taskdefs.optional.junit.JUnitTask.execute(JUnitTask.java:2271)
	at org.apache.tools.ant.UnknownElement.execute(UnknownElement.java:291)
	at sun.reflect.GeneratedMethodAccessor4.invoke(Unknown Source)
	at sun.reflect.DelegatingMethodAccessorImpl.invoke(DelegatingMethodAccessorImpl.java:43)
	at java.lang.reflect.Method.invoke(Method.java:606)
	at org.apache.tools.ant.dispatch.DispatchUtils.execute(DispatchUtils.java:106)
	at org.apache.tools.ant.Task.perform(Task.java:348)
	at org.apache.tools.ant.Target.execute(Target.java:392)
	at org.apache.tools.ant.Target.performTasks(Target.java:413)
	at org.apache.tools.ant.Project.executeSortedTargets(Project.java:1399)
	at org.apache.tools.ant.Project.executeTarget(Project.java:1368)
	at org.apache.tools.ant.helper.DefaultExecutor.executeTargets(DefaultExecutor.java:41)
	at org.apache.tools.ant.Project.executeTargets(Project.java:1251)
	at org.apache.tools.ant.Main.runBuild(Main.java:811)
	at org.apache.tools.ant.Main.startAnt(Main.java:217)
	at org.apache.tools.ant.launch.Launcher.run(Launcher.java:280)
	at org.apache.tools.ant.launch.Launcher.main(Launcher.java:109)
Caused by: java.lang.StringIndexOutOfBoundsException: String index out of range: -1
	at java.lang.String.charAt(String.java:658)
	at com.google.javascript.jscomp.CodePrinter$PrettyCodePrinter.appendOp(CodePrinter.java:334)
	at com.google.javascript.jscomp.CodeConsumer.addOp(CodeConsumer.java:230)
	at com.google.javascript.jscomp.CodeGenerator.add(CodeGenerator.java:198)
	at com.google.javascript.jscomp.TypedCodeGenerator.add(TypedCodeGenerator.java:57)
	at com.google.javascript.jscomp.CodeGenerator.addExpr(CodeGenerator.java:889)
	at com.google.javascript.jscomp.CodeGenerator.addList(CodeGenerator.java:906)
	at com.google.javascript.jscomp.CodeGenerator.add(CodeGenerator.java:183)
	at com.google.javascript.jscomp.TypedCodeGenerator.add(TypedCodeGenerator.java:57)
	at com.google.javascript.jscomp.CodeGenerator.add(CodeGenerator.java:371)
	at com.google.javascript.jscomp.TypedCodeGenerator.add(TypedCodeGenerator.java:57)
	at com.google.javascript.jscomp.CodeGenerator.add(CodeGenerator.java:82)
	at com.google.javascript.jscomp.CodePrinter.toSource(CodePrinter.java:710)
	at com.google.javascript.jscomp.CodePrinter.access$100(CodePrinter.java:35)
	at com.google.javascript.jscomp.CodePrinter$Builder.build(CodePrinter.java:669)
	at com.google.javascript.jscomp.ExternExportsPass.getGeneratedExterns(ExternExportsPass.java:478)
	at com.google.javascript.jscomp.Compiler.externExports(Compiler.java:795)
	at com.google.javascript.jscomp.Compiler.compileInternal(Compiler.java:684)
	at com.google.javascript.jscomp.Compiler.access$000(Compiler.java:73)
	at com.google.javascript.jscomp.Compiler$1.call(Compiler.java:580)
	at com.google.javascript.jscomp.Compiler$1.call(Compiler.java:577)
	at com.google.javascript.jscomp.Compiler$2.run(Compiler.java:622)
	at java.lang.Thread.run(Thread.java:745)
--- com.google.javascript.jscomp.ExternExportsPassTest::testExportMultiple
java.lang.RuntimeException: java.lang.StringIndexOutOfBoundsException: String index out of range: -1
	at com.google.javascript.jscomp.Compiler.runCallable(Compiler.java:650)
	at com.google.javascript.jscomp.Compiler.runInCompilerThread(Compiler.java:595)
	at com.google.javascript.jscomp.Compiler.compile(Compiler.java:577)
	at com.google.javascript.jscomp.Compiler.compile(Compiler.java:536)
	at com.google.javascript.jscomp.ExternExportsPassTest.compileAndExportExterns(ExternExportsPassTest.java:478)
	at com.google.javascript.jscomp.ExternExportsPassTest.compileAndExportExterns(ExternExportsPassTest.java:443)
	at com.google.javascript.jscomp.ExternExportsPassTest.compileAndCheck(ExternExportsPassTest.java:419)
	at com.google.javascript.jscomp.ExternExportsPassTest.testExportMultiple(ExternExportsPassTest.java:91)
	at sun.reflect.NativeMethodAccessorImpl.invoke0(Native Method)
	at sun.reflect.NativeMethodAccessorImpl.invoke(NativeMethodAccessorImpl.java:57)
	at sun.reflect.DelegatingMethodAccessorImpl.invoke(DelegatingMethodAccessorImpl.java:43)
	at java.lang.reflect.Method.invoke(Method.java:606)
	at junit.framework.TestCase.runTest(TestCase.java:176)
	at junit.framework.TestCase.runBare(TestCase.java:141)
	at junit.framework.TestResult$1.protect(TestResult.java:122)
	at junit.framework.TestResult.runProtected(TestResult.java:142)
	at junit.framework.TestResult.run(TestResult.java:125)
	at junit.framework.TestCase.run(TestCase.java:129)
	at junit.framework.TestSuite.runTest(TestSuite.java:255)
	at junit.framework.TestSuite.run(TestSuite.java:250)
	at org.apache.tools.ant.taskdefs.optional.junit.JUnitTestRunner.run(JUnitTestRunner.java:520)
	at org.apache.tools.ant.taskdefs.optional.junit.JUnitTask.executeInVM(JUnitTask.java:1478)
	at org.apache.tools.ant.taskdefs.optional.junit.JUnitTask.execute(JUnitTask.java:860)
	at org.apache.tools.ant.taskdefs.optional.junit.JUnitTask.executeOrQueue(JUnitTask.java:1968)
	at org.apache.tools.ant.taskdefs.optional.junit.JUnitTask.execute1(JUnitTask.java:812)
	at org.apache.tools.ant.taskdefs.optional.junit.JUnitTask.execute(JUnitTask.java:2271)
	at org.apache.tools.ant.UnknownElement.execute(UnknownElement.java:291)
	at sun.reflect.GeneratedMethodAccessor4.invoke(Unknown Source)
	at sun.reflect.DelegatingMethodAccessorImpl.invoke(DelegatingMethodAccessorImpl.java:43)
	at java.lang.reflect.Method.invoke(Method.java:606)
	at org.apache.tools.ant.dispatch.DispatchUtils.execute(DispatchUtils.java:106)
	at org.apache.tools.ant.Task.perform(Task.java:348)
	at org.apache.tools.ant.Target.execute(Target.java:392)
	at org.apache.tools.ant.Target.performTasks(Target.java:413)
	at org.apache.tools.ant.Project.executeSortedTargets(Project.java:1399)
	at org.apache.tools.ant.Project.executeTarget(Project.java:1368)
	at org.apache.tools.ant.helper.DefaultExecutor.executeTargets(DefaultExecutor.java:41)
	at org.apache.tools.ant.Project.executeTargets(Project.java:1251)
	at org.apache.tools.ant.Main.runBuild(Main.java:811)
	at org.apache.tools.ant.Main.startAnt(Main.java:217)
	at org.apache.tools.ant.launch.Launcher.run(Launcher.java:280)
	at org.apache.tools.ant.launch.Launcher.main(Launcher.java:109)
Caused by: java.lang.StringIndexOutOfBoundsException: String index out of range: -1
	at java.lang.String.charAt(String.java:658)
	at com.google.javascript.jscomp.CodePrinter$PrettyCodePrinter.appendOp(CodePrinter.java:334)
	at com.google.javascript.jscomp.CodeConsumer.addOp(CodeConsumer.java:230)
	at com.google.javascript.jscomp.CodeGenerator.unrollBinaryOperator(CodeGenerator.java:752)
	at com.google.javascript.jscomp.CodeGenerator.add(CodeGenerator.java:122)
	at com.google.javascript.jscomp.TypedCodeGenerator.add(TypedCodeGenerator.java:57)
	at com.google.javascript.jscomp.CodeGenerator.add(CodeGenerator.java:605)
	at com.google.javascript.jscomp.TypedCodeGenerator.add(TypedCodeGenerator.java:57)
	at com.google.javascript.jscomp.CodeGenerator.add(CodeGenerator.java:371)
	at com.google.javascript.jscomp.TypedCodeGenerator.add(TypedCodeGenerator.java:57)
	at com.google.javascript.jscomp.CodeGenerator.add(CodeGenerator.java:82)
	at com.google.javascript.jscomp.CodePrinter.toSource(CodePrinter.java:710)
	at com.google.javascript.jscomp.CodePrinter.access$100(CodePrinter.java:35)
	at com.google.javascript.jscomp.CodePrinter$Builder.build(CodePrinter.java:669)
	at com.google.javascript.jscomp.ExternExportsPass.getGeneratedExterns(ExternExportsPass.java:478)
	at com.google.javascript.jscomp.Compiler.externExports(Compiler.java:795)
	at com.google.javascript.jscomp.Compiler.compileInternal(Compiler.java:684)
	at com.google.javascript.jscomp.Compiler.access$000(Compiler.java:73)
	at com.google.javascript.jscomp.Compiler$1.call(Compiler.java:580)
	at com.google.javascript.jscomp.Compiler$1.call(Compiler.java:577)
	at com.google.javascript.jscomp.Compiler$2.run(Compiler.java:622)
	at java.lang.Thread.run(Thread.java:745)
--- com.google.javascript.jscomp.ExternExportsPassTest::testTypedef
java.lang.RuntimeException: java.lang.StringIndexOutOfBoundsException: String index out of range: -1
	at com.google.javascript.jscomp.Compiler.runCallable(Compiler.java:650)
	at com.google.javascript.jscomp.Compiler.runInCompilerThread(Compiler.java:595)
	at com.google.javascript.jscomp.Compiler.compile(Compiler.java:577)
	at com.google.javascript.jscomp.Compiler.compile(Compiler.java:536)
	at com.google.javascript.jscomp.ExternExportsPassTest.compileAndExportExterns(ExternExportsPassTest.java:478)
	at com.google.javascript.jscomp.ExternExportsPassTest.compileAndExportExterns(ExternExportsPassTest.java:443)
	at com.google.javascript.jscomp.ExternExportsPassTest.compileAndCheck(ExternExportsPassTest.java:419)
	at com.google.javascript.jscomp.ExternExportsPassTest.testTypedef(ExternExportsPassTest.java:403)
	at sun.reflect.NativeMethodAccessorImpl.invoke0(Native Method)
	at sun.reflect.NativeMethodAccessorImpl.invoke(NativeMethodAccessorImpl.java:57)
	at sun.reflect.DelegatingMethodAccessorImpl.invoke(DelegatingMethodAccessorImpl.java:43)
	at java.lang.reflect.Method.invoke(Method.java:606)
	at junit.framework.TestCase.runTest(TestCase.java:176)
	at junit.framework.TestCase.runBare(TestCase.java:141)
	at junit.framework.TestResult$1.protect(TestResult.java:122)
	at junit.framework.TestResult.runProtected(TestResult.java:142)
	at junit.framework.TestResult.run(TestResult.java:125)
	at junit.framework.TestCase.run(TestCase.java:129)
	at junit.framework.TestSuite.runTest(TestSuite.java:255)
	at junit.framework.TestSuite.run(TestSuite.java:250)
	at org.apache.tools.ant.taskdefs.optional.junit.JUnitTestRunner.run(JUnitTestRunner.java:520)
	at org.apache.tools.ant.taskdefs.optional.junit.JUnitTask.executeInVM(JUnitTask.java:1478)
	at org.apache.tools.ant.taskdefs.optional.junit.JUnitTask.execute(JUnitTask.java:860)
	at org.apache.tools.ant.taskdefs.optional.junit.JUnitTask.executeOrQueue(JUnitTask.java:1968)
	at org.apache.tools.ant.taskdefs.optional.junit.JUnitTask.execute1(JUnitTask.java:812)
	at org.apache.tools.ant.taskdefs.optional.junit.JUnitTask.execute(JUnitTask.java:2271)
	at org.apache.tools.ant.UnknownElement.execute(UnknownElement.java:291)
	at sun.reflect.GeneratedMethodAccessor4.invoke(Unknown Source)
	at sun.reflect.DelegatingMethodAccessorImpl.invoke(DelegatingMethodAccessorImpl.java:43)
	at java.lang.reflect.Method.invoke(Method.java:606)
	at org.apache.tools.ant.dispatch.DispatchUtils.execute(DispatchUtils.java:106)
	at org.apache.tools.ant.Task.perform(Task.java:348)
	at org.apache.tools.ant.Target.execute(Target.java:392)
	at org.apache.tools.ant.Target.performTasks(Target.java:413)
	at org.apache.tools.ant.Project.executeSortedTargets(Project.java:1399)
	at org.apache.tools.ant.Project.executeTarget(Project.java:1368)
	at org.apache.tools.ant.helper.DefaultExecutor.executeTargets(DefaultExecutor.java:41)
	at org.apache.tools.ant.Project.executeTargets(Project.java:1251)
	at org.apache.tools.ant.Main.runBuild(Main.java:811)
	at org.apache.tools.ant.Main.startAnt(Main.java:217)
	at org.apache.tools.ant.launch.Launcher.run(Launcher.java:280)
	at org.apache.tools.ant.launch.Launcher.main(Launcher.java:109)
Caused by: java.lang.StringIndexOutOfBoundsException: String index out of range: -1
	at java.lang.String.charAt(String.java:658)
	at com.google.javascript.jscomp.CodePrinter$PrettyCodePrinter.appendOp(CodePrinter.java:334)
	at com.google.javascript.jscomp.CodeConsumer.addOp(CodeConsumer.java:230)
	at com.google.javascript.jscomp.CodeGenerator.add(CodeGenerator.java:198)
	at com.google.javascript.jscomp.TypedCodeGenerator.add(TypedCodeGenerator.java:57)
	at com.google.javascript.jscomp.CodeGenerator.addExpr(CodeGenerator.java:889)
	at com.google.javascript.jscomp.CodeGenerator.addList(CodeGenerator.java:906)
	at com.google.javascript.jscomp.CodeGenerator.add(CodeGenerator.java:183)
	at com.google.javascript.jscomp.TypedCodeGenerator.add(TypedCodeGenerator.java:57)
	at com.google.javascript.jscomp.CodeGenerator.add(CodeGenerator.java:371)
	at com.google.javascript.jscomp.TypedCodeGenerator.add(TypedCodeGenerator.java:57)
	at com.google.javascript.jscomp.CodeGenerator.add(CodeGenerator.java:82)
	at com.google.javascript.jscomp.CodePrinter.toSource(CodePrinter.java:710)
	at com.google.javascript.jscomp.CodePrinter.access$100(CodePrinter.java:35)
	at com.google.javascript.jscomp.CodePrinter$Builder.build(CodePrinter.java:669)
	at com.google.javascript.jscomp.ExternExportsPass.getGeneratedExterns(ExternExportsPass.java:478)
	at com.google.javascript.jscomp.Compiler.externExports(Compiler.java:795)
	at com.google.javascript.jscomp.Compiler.compileInternal(Compiler.java:684)
	at com.google.javascript.jscomp.Compiler.access$000(Compiler.java:73)
	at com.google.javascript.jscomp.Compiler$1.call(Compiler.java:580)
	at com.google.javascript.jscomp.Compiler$1.call(Compiler.java:577)
	at com.google.javascript.jscomp.Compiler$2.run(Compiler.java:622)
	at java.lang.Thread.run(Thread.java:745)
--- com.google.javascript.jscomp.ExternExportsPassTest::testExportSymbolWithConstructor
java.lang.RuntimeException: java.lang.StringIndexOutOfBoundsException: String index out of range: -1
	at com.google.javascript.jscomp.Compiler.runCallable(Compiler.java:650)
	at com.google.javascript.jscomp.Compiler.runInCompilerThread(Compiler.java:595)
	at com.google.javascript.jscomp.Compiler.compile(Compiler.java:577)
	at com.google.javascript.jscomp.Compiler.compile(Compiler.java:536)
	at com.google.javascript.jscomp.ExternExportsPassTest.compileAndExportExterns(ExternExportsPassTest.java:478)
	at com.google.javascript.jscomp.ExternExportsPassTest.compileAndExportExterns(ExternExportsPassTest.java:443)
	at com.google.javascript.jscomp.ExternExportsPassTest.compileAndCheck(ExternExportsPassTest.java:419)
	at com.google.javascript.jscomp.ExternExportsPassTest.testExportSymbolWithConstructor(ExternExportsPassTest.java:227)
	at sun.reflect.NativeMethodAccessorImpl.invoke0(Native Method)
	at sun.reflect.NativeMethodAccessorImpl.invoke(NativeMethodAccessorImpl.java:57)
	at sun.reflect.DelegatingMethodAccessorImpl.invoke(DelegatingMethodAccessorImpl.java:43)
	at java.lang.reflect.Method.invoke(Method.java:606)
	at junit.framework.TestCase.runTest(TestCase.java:176)
	at junit.framework.TestCase.runBare(TestCase.java:141)
	at junit.framework.TestResult$1.protect(TestResult.java:122)
	at junit.framework.TestResult.runProtected(TestResult.java:142)
	at junit.framework.TestResult.run(TestResult.java:125)
	at junit.framework.TestCase.run(TestCase.java:129)
	at junit.framework.TestSuite.runTest(TestSuite.java:255)
	at junit.framework.TestSuite.run(TestSuite.java:250)
	at org.apache.tools.ant.taskdefs.optional.junit.JUnitTestRunner.run(JUnitTestRunner.java:520)
	at org.apache.tools.ant.taskdefs.optional.junit.JUnitTask.executeInVM(JUnitTask.java:1478)
	at org.apache.tools.ant.taskdefs.optional.junit.JUnitTask.execute(JUnitTask.java:860)
	at org.apache.tools.ant.taskdefs.optional.junit.JUnitTask.executeOrQueue(JUnitTask.java:1968)
	at org.apache.tools.ant.taskdefs.optional.junit.JUnitTask.execute1(JUnitTask.java:812)
	at org.apache.tools.ant.taskdefs.optional.junit.JUnitTask.execute(JUnitTask.java:2271)
	at org.apache.tools.ant.UnknownElement.execute(UnknownElement.java:291)
	at sun.reflect.GeneratedMethodAccessor4.invoke(Unknown Source)
	at sun.reflect.DelegatingMethodAccessorImpl.invoke(DelegatingMethodAccessorImpl.java:43)
	at java.lang.reflect.Method.invoke(Method.java:606)
	at org.apache.tools.ant.dispatch.DispatchUtils.execute(DispatchUtils.java:106)
	at org.apache.tools.ant.Task.perform(Task.java:348)
	at org.apache.tools.ant.Target.execute(Target.java:392)
	at org.apache.tools.ant.Target.performTasks(Target.java:413)
	at org.apache.tools.ant.Project.executeSortedTargets(Project.java:1399)
	at org.apache.tools.ant.Project.executeTarget(Project.java:1368)
	at org.apache.tools.ant.helper.DefaultExecutor.executeTargets(DefaultExecutor.java:41)
	at org.apache.tools.ant.Project.executeTargets(Project.java:1251)
	at org.apache.tools.ant.Main.runBuild(Main.java:811)
	at org.apache.tools.ant.Main.startAnt(Main.java:217)
	at org.apache.tools.ant.launch.Launcher.run(Launcher.java:280)
	at org.apache.tools.ant.launch.Launcher.main(Launcher.java:109)
Caused by: java.lang.StringIndexOutOfBoundsException: String index out of range: -1
	at java.lang.String.charAt(String.java:658)
	at com.google.javascript.jscomp.CodePrinter$PrettyCodePrinter.appendOp(CodePrinter.java:334)
	at com.google.javascript.jscomp.CodeConsumer.addOp(CodeConsumer.java:230)
	at com.google.javascript.jscomp.CodeGenerator.add(CodeGenerator.java:198)
	at com.google.javascript.jscomp.TypedCodeGenerator.add(TypedCodeGenerator.java:57)
	at com.google.javascript.jscomp.CodeGenerator.addExpr(CodeGenerator.java:889)
	at com.google.javascript.jscomp.CodeGenerator.addList(CodeGenerator.java:906)
	at com.google.javascript.jscomp.CodeGenerator.add(CodeGenerator.java:183)
	at com.google.javascript.jscomp.TypedCodeGenerator.add(TypedCodeGenerator.java:57)
	at com.google.javascript.jscomp.CodeGenerator.add(CodeGenerator.java:371)
	at com.google.javascript.jscomp.TypedCodeGenerator.add(TypedCodeGenerator.java:57)
	at com.google.javascript.jscomp.CodeGenerator.add(CodeGenerator.java:82)
	at com.google.javascript.jscomp.CodePrinter.toSource(CodePrinter.java:710)
	at com.google.javascript.jscomp.CodePrinter.access$100(CodePrinter.java:35)
	at com.google.javascript.jscomp.CodePrinter$Builder.build(CodePrinter.java:669)
	at com.google.javascript.jscomp.ExternExportsPass.getGeneratedExterns(ExternExportsPass.java:478)
	at com.google.javascript.jscomp.Compiler.externExports(Compiler.java:795)
	at com.google.javascript.jscomp.Compiler.compileInternal(Compiler.java:684)
	at com.google.javascript.jscomp.Compiler.access$000(Compiler.java:73)
	at com.google.javascript.jscomp.Compiler$1.call(Compiler.java:580)
	at com.google.javascript.jscomp.Compiler$1.call(Compiler.java:577)
	at com.google.javascript.jscomp.Compiler$2.run(Compiler.java:622)
	at java.lang.Thread.run(Thread.java:745)
--- com.google.javascript.jscomp.ExternExportsPassTest::testExportSymbolDefinedInVar
java.lang.RuntimeException: java.lang.StringIndexOutOfBoundsException: String index out of range: -1
	at com.google.javascript.jscomp.Compiler.runCallable(Compiler.java:650)
	at com.google.javascript.jscomp.Compiler.runInCompilerThread(Compiler.java:595)
	at com.google.javascript.jscomp.Compiler.compile(Compiler.java:577)
	at com.google.javascript.jscomp.Compiler.compile(Compiler.java:536)
	at com.google.javascript.jscomp.ExternExportsPassTest.compileAndExportExterns(ExternExportsPassTest.java:478)
	at com.google.javascript.jscomp.ExternExportsPassTest.compileAndExportExterns(ExternExportsPassTest.java:443)
	at com.google.javascript.jscomp.ExternExportsPassTest.compileAndCheck(ExternExportsPassTest.java:419)
	at com.google.javascript.jscomp.ExternExportsPassTest.testExportSymbolDefinedInVar(ExternExportsPassTest.java:65)
	at sun.reflect.NativeMethodAccessorImpl.invoke0(Native Method)
	at sun.reflect.NativeMethodAccessorImpl.invoke(NativeMethodAccessorImpl.java:57)
	at sun.reflect.DelegatingMethodAccessorImpl.invoke(DelegatingMethodAccessorImpl.java:43)
	at java.lang.reflect.Method.invoke(Method.java:606)
	at junit.framework.TestCase.runTest(TestCase.java:176)
	at junit.framework.TestCase.runBare(TestCase.java:141)
	at junit.framework.TestResult$1.protect(TestResult.java:122)
	at junit.framework.TestResult.runProtected(TestResult.java:142)
	at junit.framework.TestResult.run(TestResult.java:125)
	at junit.framework.TestCase.run(TestCase.java:129)
	at junit.framework.TestSuite.runTest(TestSuite.java:255)
	at junit.framework.TestSuite.run(TestSuite.java:250)
	at org.apache.tools.ant.taskdefs.optional.junit.JUnitTestRunner.run(JUnitTestRunner.java:520)
	at org.apache.tools.ant.taskdefs.optional.junit.JUnitTask.executeInVM(JUnitTask.java:1478)
	at org.apache.tools.ant.taskdefs.optional.junit.JUnitTask.execute(JUnitTask.java:860)
	at org.apache.tools.ant.taskdefs.optional.junit.JUnitTask.executeOrQueue(JUnitTask.java:1968)
	at org.apache.tools.ant.taskdefs.optional.junit.JUnitTask.execute1(JUnitTask.java:812)
	at org.apache.tools.ant.taskdefs.optional.junit.JUnitTask.execute(JUnitTask.java:2271)
	at org.apache.tools.ant.UnknownElement.execute(UnknownElement.java:291)
	at sun.reflect.GeneratedMethodAccessor4.invoke(Unknown Source)
	at sun.reflect.DelegatingMethodAccessorImpl.invoke(DelegatingMethodAccessorImpl.java:43)
	at java.lang.reflect.Method.invoke(Method.java:606)
	at org.apache.tools.ant.dispatch.DispatchUtils.execute(DispatchUtils.java:106)
	at org.apache.tools.ant.Task.perform(Task.java:348)
	at org.apache.tools.ant.Target.execute(Target.java:392)
	at org.apache.tools.ant.Target.performTasks(Target.java:413)
	at org.apache.tools.ant.Project.executeSortedTargets(Project.java:1399)
	at org.apache.tools.ant.Project.executeTarget(Project.java:1368)
	at org.apache.tools.ant.helper.DefaultExecutor.executeTargets(DefaultExecutor.java:41)
	at org.apache.tools.ant.Project.executeTargets(Project.java:1251)
	at org.apache.tools.ant.Main.runBuild(Main.java:811)
	at org.apache.tools.ant.Main.startAnt(Main.java:217)
	at org.apache.tools.ant.launch.Launcher.run(Launcher.java:280)
	at org.apache.tools.ant.launch.Launcher.main(Launcher.java:109)
Caused by: java.lang.StringIndexOutOfBoundsException: String index out of range: -1
	at java.lang.String.charAt(String.java:658)
	at com.google.javascript.jscomp.CodePrinter$PrettyCodePrinter.appendOp(CodePrinter.java:334)
	at com.google.javascript.jscomp.CodeConsumer.addOp(CodeConsumer.java:230)
	at com.google.javascript.jscomp.CodeGenerator.add(CodeGenerator.java:198)
	at com.google.javascript.jscomp.TypedCodeGenerator.add(TypedCodeGenerator.java:57)
	at com.google.javascript.jscomp.CodeGenerator.addExpr(CodeGenerator.java:889)
	at com.google.javascript.jscomp.CodeGenerator.addList(CodeGenerator.java:906)
	at com.google.javascript.jscomp.CodeGenerator.add(CodeGenerator.java:183)
	at com.google.javascript.jscomp.TypedCodeGenerator.add(TypedCodeGenerator.java:57)
	at com.google.javascript.jscomp.CodeGenerator.add(CodeGenerator.java:371)
	at com.google.javascript.jscomp.TypedCodeGenerator.add(TypedCodeGenerator.java:57)
	at com.google.javascript.jscomp.CodeGenerator.add(CodeGenerator.java:82)
	at com.google.javascript.jscomp.CodePrinter.toSource(CodePrinter.java:710)
	at com.google.javascript.jscomp.CodePrinter.access$100(CodePrinter.java:35)
	at com.google.javascript.jscomp.CodePrinter$Builder.build(CodePrinter.java:669)
	at com.google.javascript.jscomp.ExternExportsPass.getGeneratedExterns(ExternExportsPass.java:478)
	at com.google.javascript.jscomp.Compiler.externExports(Compiler.java:795)
	at com.google.javascript.jscomp.Compiler.compileInternal(Compiler.java:684)
	at com.google.javascript.jscomp.Compiler.access$000(Compiler.java:73)
	at com.google.javascript.jscomp.Compiler$1.call(Compiler.java:580)
	at com.google.javascript.jscomp.Compiler$1.call(Compiler.java:577)
	at com.google.javascript.jscomp.Compiler$2.run(Compiler.java:622)
	at java.lang.Thread.run(Thread.java:745)
--- com.google.javascript.jscomp.ExternExportsPassTest::testDontWarnOnExportConstructorWithUnknownReturnType
java.lang.RuntimeException: java.lang.StringIndexOutOfBoundsException: String index out of range: -1
	at com.google.javascript.jscomp.Compiler.runCallable(Compiler.java:650)
	at com.google.javascript.jscomp.Compiler.runInCompilerThread(Compiler.java:595)
	at com.google.javascript.jscomp.Compiler.compile(Compiler.java:577)
	at com.google.javascript.jscomp.Compiler.compile(Compiler.java:536)
	at com.google.javascript.jscomp.ExternExportsPassTest.compileAndExportExterns(ExternExportsPassTest.java:478)
	at com.google.javascript.jscomp.ExternExportsPassTest.compileAndExportExterns(ExternExportsPassTest.java:443)
	at com.google.javascript.jscomp.ExternExportsPassTest.testDontWarnOnExportConstructorWithUnknownReturnType(ExternExportsPassTest.java:396)
	at sun.reflect.NativeMethodAccessorImpl.invoke0(Native Method)
	at sun.reflect.NativeMethodAccessorImpl.invoke(NativeMethodAccessorImpl.java:57)
	at sun.reflect.DelegatingMethodAccessorImpl.invoke(DelegatingMethodAccessorImpl.java:43)
	at java.lang.reflect.Method.invoke(Method.java:606)
	at junit.framework.TestCase.runTest(TestCase.java:176)
	at junit.framework.TestCase.runBare(TestCase.java:141)
	at junit.framework.TestResult$1.protect(TestResult.java:122)
	at junit.framework.TestResult.runProtected(TestResult.java:142)
	at junit.framework.TestResult.run(TestResult.java:125)
	at junit.framework.TestCase.run(TestCase.java:129)
	at junit.framework.TestSuite.runTest(TestSuite.java:255)
	at junit.framework.TestSuite.run(TestSuite.java:250)
	at org.apache.tools.ant.taskdefs.optional.junit.JUnitTestRunner.run(JUnitTestRunner.java:520)
	at org.apache.tools.ant.taskdefs.optional.junit.JUnitTask.executeInVM(JUnitTask.java:1478)
	at org.apache.tools.ant.taskdefs.optional.junit.JUnitTask.execute(JUnitTask.java:860)
	at org.apache.tools.ant.taskdefs.optional.junit.JUnitTask.executeOrQueue(JUnitTask.java:1968)
	at org.apache.tools.ant.taskdefs.optional.junit.JUnitTask.execute1(JUnitTask.java:812)
	at org.apache.tools.ant.taskdefs.optional.junit.JUnitTask.execute(JUnitTask.java:2271)
	at org.apache.tools.ant.UnknownElement.execute(UnknownElement.java:291)
	at sun.reflect.GeneratedMethodAccessor4.invoke(Unknown Source)
	at sun.reflect.DelegatingMethodAccessorImpl.invoke(DelegatingMethodAccessorImpl.java:43)
	at java.lang.reflect.Method.invoke(Method.java:606)
	at org.apache.tools.ant.dispatch.DispatchUtils.execute(DispatchUtils.java:106)
	at org.apache.tools.ant.Task.perform(Task.java:348)
	at org.apache.tools.ant.Target.execute(Target.java:392)
	at org.apache.tools.ant.Target.performTasks(Target.java:413)
	at org.apache.tools.ant.Project.executeSortedTargets(Project.java:1399)
	at org.apache.tools.ant.Project.executeTarget(Project.java:1368)
	at org.apache.tools.ant.helper.DefaultExecutor.executeTargets(DefaultExecutor.java:41)
	at org.apache.tools.ant.Project.executeTargets(Project.java:1251)
	at org.apache.tools.ant.Main.runBuild(Main.java:811)
	at org.apache.tools.ant.Main.startAnt(Main.java:217)
	at org.apache.tools.ant.launch.Launcher.run(Launcher.java:280)
	at org.apache.tools.ant.launch.Launcher.main(Launcher.java:109)
Caused by: java.lang.StringIndexOutOfBoundsException: String index out of range: -1
	at java.lang.String.charAt(String.java:658)
	at com.google.javascript.jscomp.CodePrinter$PrettyCodePrinter.appendOp(CodePrinter.java:334)
	at com.google.javascript.jscomp.CodeConsumer.addOp(CodeConsumer.java:230)
	at com.google.javascript.jscomp.CodeGenerator.add(CodeGenerator.java:198)
	at com.google.javascript.jscomp.TypedCodeGenerator.add(TypedCodeGenerator.java:57)
	at com.google.javascript.jscomp.CodeGenerator.addExpr(CodeGenerator.java:889)
	at com.google.javascript.jscomp.CodeGenerator.addList(CodeGenerator.java:906)
	at com.google.javascript.jscomp.CodeGenerator.add(CodeGenerator.java:183)
	at com.google.javascript.jscomp.TypedCodeGenerator.add(TypedCodeGenerator.java:57)
	at com.google.javascript.jscomp.CodeGenerator.add(CodeGenerator.java:371)
	at com.google.javascript.jscomp.TypedCodeGenerator.add(TypedCodeGenerator.java:57)
	at com.google.javascript.jscomp.CodeGenerator.add(CodeGenerator.java:82)
	at com.google.javascript.jscomp.CodePrinter.toSource(CodePrinter.java:710)
	at com.google.javascript.jscomp.CodePrinter.access$100(CodePrinter.java:35)
	at com.google.javascript.jscomp.CodePrinter$Builder.build(CodePrinter.java:669)
	at com.google.javascript.jscomp.ExternExportsPass.getGeneratedExterns(ExternExportsPass.java:478)
	at com.google.javascript.jscomp.Compiler.externExports(Compiler.java:795)
	at com.google.javascript.jscomp.Compiler.compileInternal(Compiler.java:684)
	at com.google.javascript.jscomp.Compiler.access$000(Compiler.java:73)
	at com.google.javascript.jscomp.Compiler$1.call(Compiler.java:580)
	at com.google.javascript.jscomp.Compiler$1.call(Compiler.java:577)
	at com.google.javascript.jscomp.Compiler$2.run(Compiler.java:622)
	at java.lang.Thread.run(Thread.java:745)
--- com.google.javascript.jscomp.ExternExportsPassTest::testWarnOnExportFunctionWithUnknownReturnType
java.lang.RuntimeException: java.lang.StringIndexOutOfBoundsException: String index out of range: -1
	at com.google.javascript.jscomp.Compiler.runCallable(Compiler.java:650)
	at com.google.javascript.jscomp.Compiler.runInCompilerThread(Compiler.java:595)
	at com.google.javascript.jscomp.Compiler.compile(Compiler.java:577)
	at com.google.javascript.jscomp.Compiler.compile(Compiler.java:536)
	at com.google.javascript.jscomp.ExternExportsPassTest.compileAndExportExterns(ExternExportsPassTest.java:478)
	at com.google.javascript.jscomp.ExternExportsPassTest.compileAndExportExterns(ExternExportsPassTest.java:443)
	at com.google.javascript.jscomp.ExternExportsPassTest.testWarnOnExportFunctionWithUnknownReturnType(ExternExportsPassTest.java:381)
	at sun.reflect.NativeMethodAccessorImpl.invoke0(Native Method)
	at sun.reflect.NativeMethodAccessorImpl.invoke(NativeMethodAccessorImpl.java:57)
	at sun.reflect.DelegatingMethodAccessorImpl.invoke(DelegatingMethodAccessorImpl.java:43)
	at java.lang.reflect.Method.invoke(Method.java:606)
	at junit.framework.TestCase.runTest(TestCase.java:176)
	at junit.framework.TestCase.runBare(TestCase.java:141)
	at junit.framework.TestResult$1.protect(TestResult.java:122)
	at junit.framework.TestResult.runProtected(TestResult.java:142)
	at junit.framework.TestResult.run(TestResult.java:125)
	at junit.framework.TestCase.run(TestCase.java:129)
	at junit.framework.TestSuite.runTest(TestSuite.java:255)
	at junit.framework.TestSuite.run(TestSuite.java:250)
	at org.apache.tools.ant.taskdefs.optional.junit.JUnitTestRunner.run(JUnitTestRunner.java:520)
	at org.apache.tools.ant.taskdefs.optional.junit.JUnitTask.executeInVM(JUnitTask.java:1478)
	at org.apache.tools.ant.taskdefs.optional.junit.JUnitTask.execute(JUnitTask.java:860)
	at org.apache.tools.ant.taskdefs.optional.junit.JUnitTask.executeOrQueue(JUnitTask.java:1968)
	at org.apache.tools.ant.taskdefs.optional.junit.JUnitTask.execute1(JUnitTask.java:812)
	at org.apache.tools.ant.taskdefs.optional.junit.JUnitTask.execute(JUnitTask.java:2271)
	at org.apache.tools.ant.UnknownElement.execute(UnknownElement.java:291)
	at sun.reflect.GeneratedMethodAccessor4.invoke(Unknown Source)
	at sun.reflect.DelegatingMethodAccessorImpl.invoke(DelegatingMethodAccessorImpl.java:43)
	at java.lang.reflect.Method.invoke(Method.java:606)
	at org.apache.tools.ant.dispatch.DispatchUtils.execute(DispatchUtils.java:106)
	at org.apache.tools.ant.Task.perform(Task.java:348)
	at org.apache.tools.ant.Target.execute(Target.java:392)
	at org.apache.tools.ant.Target.performTasks(Target.java:413)
	at org.apache.tools.ant.Project.executeSortedTargets(Project.java:1399)
	at org.apache.tools.ant.Project.executeTarget(Project.java:1368)
	at org.apache.tools.ant.helper.DefaultExecutor.executeTargets(DefaultExecutor.java:41)
	at org.apache.tools.ant.Project.executeTargets(Project.java:1251)
	at org.apache.tools.ant.Main.runBuild(Main.java:811)
	at org.apache.tools.ant.Main.startAnt(Main.java:217)
	at org.apache.tools.ant.launch.Launcher.run(Launcher.java:280)
	at org.apache.tools.ant.launch.Launcher.main(Launcher.java:109)
Caused by: java.lang.StringIndexOutOfBoundsException: String index out of range: -1
	at java.lang.String.charAt(String.java:658)
	at com.google.javascript.jscomp.CodePrinter$PrettyCodePrinter.appendOp(CodePrinter.java:334)
	at com.google.javascript.jscomp.CodeConsumer.addOp(CodeConsumer.java:230)
	at com.google.javascript.jscomp.CodeGenerator.add(CodeGenerator.java:198)
	at com.google.javascript.jscomp.TypedCodeGenerator.add(TypedCodeGenerator.java:57)
	at com.google.javascript.jscomp.CodeGenerator.addExpr(CodeGenerator.java:889)
	at com.google.javascript.jscomp.CodeGenerator.addList(CodeGenerator.java:906)
	at com.google.javascript.jscomp.CodeGenerator.add(CodeGenerator.java:183)
	at com.google.javascript.jscomp.TypedCodeGenerator.add(TypedCodeGenerator.java:57)
	at com.google.javascript.jscomp.CodeGenerator.add(CodeGenerator.java:371)
	at com.google.javascript.jscomp.TypedCodeGenerator.add(TypedCodeGenerator.java:57)
	at com.google.javascript.jscomp.CodeGenerator.add(CodeGenerator.java:82)
	at com.google.javascript.jscomp.CodePrinter.toSource(CodePrinter.java:710)
	at com.google.javascript.jscomp.CodePrinter.access$100(CodePrinter.java:35)
	at com.google.javascript.jscomp.CodePrinter$Builder.build(CodePrinter.java:669)
	at com.google.javascript.jscomp.ExternExportsPass.getGeneratedExterns(ExternExportsPass.java:478)
	at com.google.javascript.jscomp.Compiler.externExports(Compiler.java:795)
	at com.google.javascript.jscomp.Compiler.compileInternal(Compiler.java:684)
	at com.google.javascript.jscomp.Compiler.access$000(Compiler.java:73)
	at com.google.javascript.jscomp.Compiler$1.call(Compiler.java:580)
	at com.google.javascript.jscomp.Compiler$1.call(Compiler.java:577)
	at com.google.javascript.jscomp.Compiler$2.run(Compiler.java:622)
	at java.lang.Thread.run(Thread.java:745)
--- com.google.javascript.jscomp.ExternExportsPassTest::testExportEnum
java.lang.RuntimeException: java.lang.StringIndexOutOfBoundsException: String index out of range: -1
	at com.google.javascript.jscomp.Compiler.runCallable(Compiler.java:650)
	at com.google.javascript.jscomp.Compiler.runInCompilerThread(Compiler.java:595)
	at com.google.javascript.jscomp.Compiler.compile(Compiler.java:577)
	at com.google.javascript.jscomp.Compiler.compile(Compiler.java:536)
	at com.google.javascript.jscomp.ExternExportsPassTest.compileAndExportExterns(ExternExportsPassTest.java:478)
	at com.google.javascript.jscomp.ExternExportsPassTest.compileAndExportExterns(ExternExportsPassTest.java:443)
	at com.google.javascript.jscomp.ExternExportsPassTest.compileAndCheck(ExternExportsPassTest.java:419)
	at com.google.javascript.jscomp.ExternExportsPassTest.testExportEnum(ExternExportsPassTest.java:300)
	at sun.reflect.NativeMethodAccessorImpl.invoke0(Native Method)
	at sun.reflect.NativeMethodAccessorImpl.invoke(NativeMethodAccessorImpl.java:57)
	at sun.reflect.DelegatingMethodAccessorImpl.invoke(DelegatingMethodAccessorImpl.java:43)
	at java.lang.reflect.Method.invoke(Method.java:606)
	at junit.framework.TestCase.runTest(TestCase.java:176)
	at junit.framework.TestCase.runBare(TestCase.java:141)
	at junit.framework.TestResult$1.protect(TestResult.java:122)
	at junit.framework.TestResult.runProtected(TestResult.java:142)
	at junit.framework.TestResult.run(TestResult.java:125)
	at junit.framework.TestCase.run(TestCase.java:129)
	at junit.framework.TestSuite.runTest(TestSuite.java:255)
	at junit.framework.TestSuite.run(TestSuite.java:250)
	at org.apache.tools.ant.taskdefs.optional.junit.JUnitTestRunner.run(JUnitTestRunner.java:520)
	at org.apache.tools.ant.taskdefs.optional.junit.JUnitTask.executeInVM(JUnitTask.java:1478)
	at org.apache.tools.ant.taskdefs.optional.junit.JUnitTask.execute(JUnitTask.java:860)
	at org.apache.tools.ant.taskdefs.optional.junit.JUnitTask.executeOrQueue(JUnitTask.java:1968)
	at org.apache.tools.ant.taskdefs.optional.junit.JUnitTask.execute1(JUnitTask.java:812)
	at org.apache.tools.ant.taskdefs.optional.junit.JUnitTask.execute(JUnitTask.java:2271)
	at org.apache.tools.ant.UnknownElement.execute(UnknownElement.java:291)
	at sun.reflect.GeneratedMethodAccessor4.invoke(Unknown Source)
	at sun.reflect.DelegatingMethodAccessorImpl.invoke(DelegatingMethodAccessorImpl.java:43)
	at java.lang.reflect.Method.invoke(Method.java:606)
	at org.apache.tools.ant.dispatch.DispatchUtils.execute(DispatchUtils.java:106)
	at org.apache.tools.ant.Task.perform(Task.java:348)
	at org.apache.tools.ant.Target.execute(Target.java:392)
	at org.apache.tools.ant.Target.performTasks(Target.java:413)
	at org.apache.tools.ant.Project.executeSortedTargets(Project.java:1399)
	at org.apache.tools.ant.Project.executeTarget(Project.java:1368)
	at org.apache.tools.ant.helper.DefaultExecutor.executeTargets(DefaultExecutor.java:41)
	at org.apache.tools.ant.Project.executeTargets(Project.java:1251)
	at org.apache.tools.ant.Main.runBuild(Main.java:811)
	at org.apache.tools.ant.Main.startAnt(Main.java:217)
	at org.apache.tools.ant.launch.Launcher.run(Launcher.java:280)
	at org.apache.tools.ant.launch.Launcher.main(Launcher.java:109)
Caused by: java.lang.StringIndexOutOfBoundsException: String index out of range: -1
	at java.lang.String.charAt(String.java:658)
	at com.google.javascript.jscomp.CodePrinter$PrettyCodePrinter.appendOp(CodePrinter.java:334)
	at com.google.javascript.jscomp.CodeConsumer.addOp(CodeConsumer.java:230)
	at com.google.javascript.jscomp.CodeGenerator.add(CodeGenerator.java:198)
	at com.google.javascript.jscomp.TypedCodeGenerator.add(TypedCodeGenerator.java:57)
	at com.google.javascript.jscomp.CodeGenerator.addExpr(CodeGenerator.java:889)
	at com.google.javascript.jscomp.CodeGenerator.addList(CodeGenerator.java:906)
	at com.google.javascript.jscomp.CodeGenerator.add(CodeGenerator.java:183)
	at com.google.javascript.jscomp.TypedCodeGenerator.add(TypedCodeGenerator.java:57)
	at com.google.javascript.jscomp.CodeGenerator.add(CodeGenerator.java:371)
	at com.google.javascript.jscomp.TypedCodeGenerator.add(TypedCodeGenerator.java:57)
	at com.google.javascript.jscomp.CodeGenerator.add(CodeGenerator.java:82)
	at com.google.javascript.jscomp.CodePrinter.toSource(CodePrinter.java:710)
	at com.google.javascript.jscomp.CodePrinter.access$100(CodePrinter.java:35)
	at com.google.javascript.jscomp.CodePrinter$Builder.build(CodePrinter.java:669)
	at com.google.javascript.jscomp.ExternExportsPass.getGeneratedExterns(ExternExportsPass.java:478)
	at com.google.javascript.jscomp.Compiler.externExports(Compiler.java:795)
	at com.google.javascript.jscomp.Compiler.compileInternal(Compiler.java:684)
	at com.google.javascript.jscomp.Compiler.access$000(Compiler.java:73)
	at com.google.javascript.jscomp.Compiler$1.call(Compiler.java:580)
	at com.google.javascript.jscomp.Compiler$1.call(Compiler.java:577)
	at com.google.javascript.jscomp.Compiler$2.run(Compiler.java:622)
	at java.lang.Thread.run(Thread.java:745)
--- com.google.javascript.jscomp.ExternExportsPassTest::testUseExportsAsExterns
java.lang.RuntimeException: java.lang.StringIndexOutOfBoundsException: String index out of range: -1
	at com.google.javascript.jscomp.Compiler.runCallable(Compiler.java:650)
	at com.google.javascript.jscomp.Compiler.runInCompilerThread(Compiler.java:595)
	at com.google.javascript.jscomp.Compiler.compile(Compiler.java:577)
	at com.google.javascript.jscomp.Compiler.compile(Compiler.java:536)
	at com.google.javascript.jscomp.ExternExportsPassTest.compileAndExportExterns(ExternExportsPassTest.java:478)
	at com.google.javascript.jscomp.ExternExportsPassTest.compileAndExportExterns(ExternExportsPassTest.java:443)
	at com.google.javascript.jscomp.ExternExportsPassTest.testUseExportsAsExterns(ExternExportsPassTest.java:360)
	at sun.reflect.NativeMethodAccessorImpl.invoke0(Native Method)
	at sun.reflect.NativeMethodAccessorImpl.invoke(NativeMethodAccessorImpl.java:57)
	at sun.reflect.DelegatingMethodAccessorImpl.invoke(DelegatingMethodAccessorImpl.java:43)
	at java.lang.reflect.Method.invoke(Method.java:606)
	at junit.framework.TestCase.runTest(TestCase.java:176)
	at junit.framework.TestCase.runBare(TestCase.java:141)
	at junit.framework.TestResult$1.protect(TestResult.java:122)
	at junit.framework.TestResult.runProtected(TestResult.java:142)
	at junit.framework.TestResult.run(TestResult.java:125)
	at junit.framework.TestCase.run(TestCase.java:129)
	at junit.framework.TestSuite.runTest(TestSuite.java:255)
	at junit.framework.TestSuite.run(TestSuite.java:250)
	at org.apache.tools.ant.taskdefs.optional.junit.JUnitTestRunner.run(JUnitTestRunner.java:520)
	at org.apache.tools.ant.taskdefs.optional.junit.JUnitTask.executeInVM(JUnitTask.java:1478)
	at org.apache.tools.ant.taskdefs.optional.junit.JUnitTask.execute(JUnitTask.java:860)
	at org.apache.tools.ant.taskdefs.optional.junit.JUnitTask.executeOrQueue(JUnitTask.java:1968)
	at org.apache.tools.ant.taskdefs.optional.junit.JUnitTask.execute1(JUnitTask.java:812)
	at org.apache.tools.ant.taskdefs.optional.junit.JUnitTask.execute(JUnitTask.java:2271)
	at org.apache.tools.ant.UnknownElement.execute(UnknownElement.java:291)
	at sun.reflect.GeneratedMethodAccessor4.invoke(Unknown Source)
	at sun.reflect.DelegatingMethodAccessorImpl.invoke(DelegatingMethodAccessorImpl.java:43)
	at java.lang.reflect.Method.invoke(Method.java:606)
	at org.apache.tools.ant.dispatch.DispatchUtils.execute(DispatchUtils.java:106)
	at org.apache.tools.ant.Task.perform(Task.java:348)
	at org.apache.tools.ant.Target.execute(Target.java:392)
	at org.apache.tools.ant.Target.performTasks(Target.java:413)
	at org.apache.tools.ant.Project.executeSortedTargets(Project.java:1399)
	at org.apache.tools.ant.Project.executeTarget(Project.java:1368)
	at org.apache.tools.ant.helper.DefaultExecutor.executeTargets(DefaultExecutor.java:41)
	at org.apache.tools.ant.Project.executeTargets(Project.java:1251)
	at org.apache.tools.ant.Main.runBuild(Main.java:811)
	at org.apache.tools.ant.Main.startAnt(Main.java:217)
	at org.apache.tools.ant.launch.Launcher.run(Launcher.java:280)
	at org.apache.tools.ant.launch.Launcher.main(Launcher.java:109)
Caused by: java.lang.StringIndexOutOfBoundsException: String index out of range: -1
	at java.lang.String.charAt(String.java:658)
	at com.google.javascript.jscomp.CodePrinter$PrettyCodePrinter.appendOp(CodePrinter.java:334)
	at com.google.javascript.jscomp.CodeConsumer.addOp(CodeConsumer.java:230)
	at com.google.javascript.jscomp.CodeGenerator.add(CodeGenerator.java:198)
	at com.google.javascript.jscomp.TypedCodeGenerator.add(TypedCodeGenerator.java:57)
	at com.google.javascript.jscomp.CodeGenerator.addExpr(CodeGenerator.java:889)
	at com.google.javascript.jscomp.CodeGenerator.addList(CodeGenerator.java:906)
	at com.google.javascript.jscomp.CodeGenerator.add(CodeGenerator.java:183)
	at com.google.javascript.jscomp.TypedCodeGenerator.add(TypedCodeGenerator.java:57)
	at com.google.javascript.jscomp.CodeGenerator.add(CodeGenerator.java:371)
	at com.google.javascript.jscomp.TypedCodeGenerator.add(TypedCodeGenerator.java:57)
	at com.google.javascript.jscomp.CodeGenerator.add(CodeGenerator.java:82)
	at com.google.javascript.jscomp.CodePrinter.toSource(CodePrinter.java:710)
	at com.google.javascript.jscomp.CodePrinter.access$100(CodePrinter.java:35)
	at com.google.javascript.jscomp.CodePrinter$Builder.build(CodePrinter.java:669)
	at com.google.javascript.jscomp.ExternExportsPass.getGeneratedExterns(ExternExportsPass.java:478)
	at com.google.javascript.jscomp.Compiler.externExports(Compiler.java:795)
	at com.google.javascript.jscomp.Compiler.compileInternal(Compiler.java:684)
	at com.google.javascript.jscomp.Compiler.access$000(Compiler.java:73)
	at com.google.javascript.jscomp.Compiler$1.call(Compiler.java:580)
	at com.google.javascript.jscomp.Compiler$1.call(Compiler.java:577)
	at com.google.javascript.jscomp.Compiler$2.run(Compiler.java:622)
	at java.lang.Thread.run(Thread.java:745)
--- com.google.javascript.jscomp.ExternExportsPassTest::testExportSymbol
java.lang.RuntimeException: java.lang.StringIndexOutOfBoundsException: String index out of range: -1
	at com.google.javascript.jscomp.Compiler.runCallable(Compiler.java:650)
	at com.google.javascript.jscomp.Compiler.runInCompilerThread(Compiler.java:595)
	at com.google.javascript.jscomp.Compiler.compile(Compiler.java:577)
	at com.google.javascript.jscomp.Compiler.compile(Compiler.java:536)
	at com.google.javascript.jscomp.ExternExportsPassTest.compileAndExportExterns(ExternExportsPassTest.java:478)
	at com.google.javascript.jscomp.ExternExportsPassTest.compileAndExportExterns(ExternExportsPassTest.java:443)
	at com.google.javascript.jscomp.ExternExportsPassTest.compileAndCheck(ExternExportsPassTest.java:419)
	at com.google.javascript.jscomp.ExternExportsPassTest.testExportSymbol(ExternExportsPassTest.java:53)
	at sun.reflect.NativeMethodAccessorImpl.invoke0(Native Method)
	at sun.reflect.NativeMethodAccessorImpl.invoke(NativeMethodAccessorImpl.java:57)
	at sun.reflect.DelegatingMethodAccessorImpl.invoke(DelegatingMethodAccessorImpl.java:43)
	at java.lang.reflect.Method.invoke(Method.java:606)
	at junit.framework.TestCase.runTest(TestCase.java:176)
	at junit.framework.TestCase.runBare(TestCase.java:141)
	at junit.framework.TestResult$1.protect(TestResult.java:122)
	at junit.framework.TestResult.runProtected(TestResult.java:142)
	at junit.framework.TestResult.run(TestResult.java:125)
	at junit.framework.TestCase.run(TestCase.java:129)
	at junit.framework.TestSuite.runTest(TestSuite.java:255)
	at junit.framework.TestSuite.run(TestSuite.java:250)
	at org.apache.tools.ant.taskdefs.optional.junit.JUnitTestRunner.run(JUnitTestRunner.java:520)
	at org.apache.tools.ant.taskdefs.optional.junit.JUnitTask.executeInVM(JUnitTask.java:1478)
	at org.apache.tools.ant.taskdefs.optional.junit.JUnitTask.execute(JUnitTask.java:860)
	at org.apache.tools.ant.taskdefs.optional.junit.JUnitTask.executeOrQueue(JUnitTask.java:1968)
	at org.apache.tools.ant.taskdefs.optional.junit.JUnitTask.execute1(JUnitTask.java:812)
	at org.apache.tools.ant.taskdefs.optional.junit.JUnitTask.execute(JUnitTask.java:2271)
	at org.apache.tools.ant.UnknownElement.execute(UnknownElement.java:291)
	at sun.reflect.GeneratedMethodAccessor4.invoke(Unknown Source)
	at sun.reflect.DelegatingMethodAccessorImpl.invoke(DelegatingMethodAccessorImpl.java:43)
	at java.lang.reflect.Method.invoke(Method.java:606)
	at org.apache.tools.ant.dispatch.DispatchUtils.execute(DispatchUtils.java:106)
	at org.apache.tools.ant.Task.perform(Task.java:348)
	at org.apache.tools.ant.Target.execute(Target.java:392)
	at org.apache.tools.ant.Target.performTasks(Target.java:413)
	at org.apache.tools.ant.Project.executeSortedTargets(Project.java:1399)
	at org.apache.tools.ant.Project.executeTarget(Project.java:1368)
	at org.apache.tools.ant.helper.DefaultExecutor.executeTargets(DefaultExecutor.java:41)
	at org.apache.tools.ant.Project.executeTargets(Project.java:1251)
	at org.apache.tools.ant.Main.runBuild(Main.java:811)
	at org.apache.tools.ant.Main.startAnt(Main.java:217)
	at org.apache.tools.ant.launch.Launcher.run(Launcher.java:280)
	at org.apache.tools.ant.launch.Launcher.main(Launcher.java:109)
Caused by: java.lang.StringIndexOutOfBoundsException: String index out of range: -1
	at java.lang.String.charAt(String.java:658)
	at com.google.javascript.jscomp.CodePrinter$PrettyCodePrinter.appendOp(CodePrinter.java:334)
	at com.google.javascript.jscomp.CodeConsumer.addOp(CodeConsumer.java:230)
	at com.google.javascript.jscomp.CodeGenerator.add(CodeGenerator.java:198)
	at com.google.javascript.jscomp.TypedCodeGenerator.add(TypedCodeGenerator.java:57)
	at com.google.javascript.jscomp.CodeGenerator.addExpr(CodeGenerator.java:889)
	at com.google.javascript.jscomp.CodeGenerator.addList(CodeGenerator.java:906)
	at com.google.javascript.jscomp.CodeGenerator.add(CodeGenerator.java:183)
	at com.google.javascript.jscomp.TypedCodeGenerator.add(TypedCodeGenerator.java:57)
	at com.google.javascript.jscomp.CodeGenerator.add(CodeGenerator.java:371)
	at com.google.javascript.jscomp.TypedCodeGenerator.add(TypedCodeGenerator.java:57)
	at com.google.javascript.jscomp.CodeGenerator.add(CodeGenerator.java:82)
	at com.google.javascript.jscomp.CodePrinter.toSource(CodePrinter.java:710)
	at com.google.javascript.jscomp.CodePrinter.access$100(CodePrinter.java:35)
	at com.google.javascript.jscomp.CodePrinter$Builder.build(CodePrinter.java:669)
	at com.google.javascript.jscomp.ExternExportsPass.getGeneratedExterns(ExternExportsPass.java:478)
	at com.google.javascript.jscomp.Compiler.externExports(Compiler.java:795)
	at com.google.javascript.jscomp.Compiler.compileInternal(Compiler.java:684)
	at com.google.javascript.jscomp.Compiler.access$000(Compiler.java:73)
	at com.google.javascript.jscomp.Compiler$1.call(Compiler.java:580)
	at com.google.javascript.jscomp.Compiler$1.call(Compiler.java:577)
	at com.google.javascript.jscomp.Compiler$2.run(Compiler.java:622)
	at java.lang.Thread.run(Thread.java:745)
--- com.google.javascript.jscomp.ExternExportsPassTest::testExportFunctionWithVariableArguments
java.lang.RuntimeException: java.lang.StringIndexOutOfBoundsException: String index out of range: -1
	at com.google.javascript.jscomp.Compiler.runCallable(Compiler.java:650)
	at com.google.javascript.jscomp.Compiler.runInCompilerThread(Compiler.java:595)
	at com.google.javascript.jscomp.Compiler.compile(Compiler.java:577)
	at com.google.javascript.jscomp.Compiler.compile(Compiler.java:536)
	at com.google.javascript.jscomp.ExternExportsPassTest.compileAndExportExterns(ExternExportsPassTest.java:478)
	at com.google.javascript.jscomp.ExternExportsPassTest.compileAndExportExterns(ExternExportsPassTest.java:443)
	at com.google.javascript.jscomp.ExternExportsPassTest.compileAndCheck(ExternExportsPassTest.java:419)
	at com.google.javascript.jscomp.ExternExportsPassTest.testExportFunctionWithVariableArguments(ExternExportsPassTest.java:276)
	at sun.reflect.NativeMethodAccessorImpl.invoke0(Native Method)
	at sun.reflect.NativeMethodAccessorImpl.invoke(NativeMethodAccessorImpl.java:57)
	at sun.reflect.DelegatingMethodAccessorImpl.invoke(DelegatingMethodAccessorImpl.java:43)
	at java.lang.reflect.Method.invoke(Method.java:606)
	at junit.framework.TestCase.runTest(TestCase.java:176)
	at junit.framework.TestCase.runBare(TestCase.java:141)
	at junit.framework.TestResult$1.protect(TestResult.java:122)
	at junit.framework.TestResult.runProtected(TestResult.java:142)
	at junit.framework.TestResult.run(TestResult.java:125)
	at junit.framework.TestCase.run(TestCase.java:129)
	at junit.framework.TestSuite.runTest(TestSuite.java:255)
	at junit.framework.TestSuite.run(TestSuite.java:250)
	at org.apache.tools.ant.taskdefs.optional.junit.JUnitTestRunner.run(JUnitTestRunner.java:520)
	at org.apache.tools.ant.taskdefs.optional.junit.JUnitTask.executeInVM(JUnitTask.java:1478)
	at org.apache.tools.ant.taskdefs.optional.junit.JUnitTask.execute(JUnitTask.java:860)
	at org.apache.tools.ant.taskdefs.optional.junit.JUnitTask.executeOrQueue(JUnitTask.java:1968)
	at org.apache.tools.ant.taskdefs.optional.junit.JUnitTask.execute1(JUnitTask.java:812)
	at org.apache.tools.ant.taskdefs.optional.junit.JUnitTask.execute(JUnitTask.java:2271)
	at org.apache.tools.ant.UnknownElement.execute(UnknownElement.java:291)
	at sun.reflect.GeneratedMethodAccessor4.invoke(Unknown Source)
	at sun.reflect.DelegatingMethodAccessorImpl.invoke(DelegatingMethodAccessorImpl.java:43)
	at java.lang.reflect.Method.invoke(Method.java:606)
	at org.apache.tools.ant.dispatch.DispatchUtils.execute(DispatchUtils.java:106)
	at org.apache.tools.ant.Task.perform(Task.java:348)
	at org.apache.tools.ant.Target.execute(Target.java:392)
	at org.apache.tools.ant.Target.performTasks(Target.java:413)
	at org.apache.tools.ant.Project.executeSortedTargets(Project.java:1399)
	at org.apache.tools.ant.Project.executeTarget(Project.java:1368)
	at org.apache.tools.ant.helper.DefaultExecutor.executeTargets(DefaultExecutor.java:41)
	at org.apache.tools.ant.Project.executeTargets(Project.java:1251)
	at org.apache.tools.ant.Main.runBuild(Main.java:811)
	at org.apache.tools.ant.Main.startAnt(Main.java:217)
	at org.apache.tools.ant.launch.Launcher.run(Launcher.java:280)
	at org.apache.tools.ant.launch.Launcher.main(Launcher.java:109)
Caused by: java.lang.StringIndexOutOfBoundsException: String index out of range: -1
	at java.lang.String.charAt(String.java:658)
	at com.google.javascript.jscomp.CodePrinter$PrettyCodePrinter.appendOp(CodePrinter.java:334)
	at com.google.javascript.jscomp.CodeConsumer.addOp(CodeConsumer.java:230)
	at com.google.javascript.jscomp.CodeGenerator.add(CodeGenerator.java:198)
	at com.google.javascript.jscomp.TypedCodeGenerator.add(TypedCodeGenerator.java:57)
	at com.google.javascript.jscomp.CodeGenerator.addExpr(CodeGenerator.java:889)
	at com.google.javascript.jscomp.CodeGenerator.addList(CodeGenerator.java:906)
	at com.google.javascript.jscomp.CodeGenerator.add(CodeGenerator.java:183)
	at com.google.javascript.jscomp.TypedCodeGenerator.add(TypedCodeGenerator.java:57)
	at com.google.javascript.jscomp.CodeGenerator.add(CodeGenerator.java:371)
	at com.google.javascript.jscomp.TypedCodeGenerator.add(TypedCodeGenerator.java:57)
	at com.google.javascript.jscomp.CodeGenerator.add(CodeGenerator.java:82)
	at com.google.javascript.jscomp.CodePrinter.toSource(CodePrinter.java:710)
	at com.google.javascript.jscomp.CodePrinter.access$100(CodePrinter.java:35)
	at com.google.javascript.jscomp.CodePrinter$Builder.build(CodePrinter.java:669)
	at com.google.javascript.jscomp.ExternExportsPass.getGeneratedExterns(ExternExportsPass.java:478)
	at com.google.javascript.jscomp.Compiler.externExports(Compiler.java:795)
	at com.google.javascript.jscomp.Compiler.compileInternal(Compiler.java:684)
	at com.google.javascript.jscomp.Compiler.access$000(Compiler.java:73)
	at com.google.javascript.jscomp.Compiler$1.call(Compiler.java:580)
	at com.google.javascript.jscomp.Compiler$1.call(Compiler.java:577)
	at com.google.javascript.jscomp.Compiler$2.run(Compiler.java:622)
	at java.lang.Thread.run(Thread.java:745)
--- com.google.javascript.jscomp.ExternExportsPassTest::testExportMultiple2
java.lang.RuntimeException: java.lang.StringIndexOutOfBoundsException: String index out of range: -1
	at com.google.javascript.jscomp.Compiler.runCallable(Compiler.java:650)
	at com.google.javascript.jscomp.Compiler.runInCompilerThread(Compiler.java:595)
	at com.google.javascript.jscomp.Compiler.compile(Compiler.java:577)
	at com.google.javascript.jscomp.Compiler.compile(Compiler.java:536)
	at com.google.javascript.jscomp.ExternExportsPassTest.compileAndExportExterns(ExternExportsPassTest.java:478)
	at com.google.javascript.jscomp.ExternExportsPassTest.compileAndExportExterns(ExternExportsPassTest.java:443)
	at com.google.javascript.jscomp.ExternExportsPassTest.compileAndCheck(ExternExportsPassTest.java:419)
	at com.google.javascript.jscomp.ExternExportsPassTest.testExportMultiple2(ExternExportsPassTest.java:121)
	at sun.reflect.NativeMethodAccessorImpl.invoke0(Native Method)
	at sun.reflect.NativeMethodAccessorImpl.invoke(NativeMethodAccessorImpl.java:57)
	at sun.reflect.DelegatingMethodAccessorImpl.invoke(DelegatingMethodAccessorImpl.java:43)
	at java.lang.reflect.Method.invoke(Method.java:606)
	at junit.framework.TestCase.runTest(TestCase.java:176)
	at junit.framework.TestCase.runBare(TestCase.java:141)
	at junit.framework.TestResult$1.protect(TestResult.java:122)
	at junit.framework.TestResult.runProtected(TestResult.java:142)
	at junit.framework.TestResult.run(TestResult.java:125)
	at junit.framework.TestCase.run(TestCase.java:129)
	at junit.framework.TestSuite.runTest(TestSuite.java:255)
	at junit.framework.TestSuite.run(TestSuite.java:250)
	at org.apache.tools.ant.taskdefs.optional.junit.JUnitTestRunner.run(JUnitTestRunner.java:520)
	at org.apache.tools.ant.taskdefs.optional.junit.JUnitTask.executeInVM(JUnitTask.java:1478)
	at org.apache.tools.ant.taskdefs.optional.junit.JUnitTask.execute(JUnitTask.java:860)
	at org.apache.tools.ant.taskdefs.optional.junit.JUnitTask.executeOrQueue(JUnitTask.java:1968)
	at org.apache.tools.ant.taskdefs.optional.junit.JUnitTask.execute1(JUnitTask.java:812)
	at org.apache.tools.ant.taskdefs.optional.junit.JUnitTask.execute(JUnitTask.java:2271)
	at org.apache.tools.ant.UnknownElement.execute(UnknownElement.java:291)
	at sun.reflect.GeneratedMethodAccessor4.invoke(Unknown Source)
	at sun.reflect.DelegatingMethodAccessorImpl.invoke(DelegatingMethodAccessorImpl.java:43)
	at java.lang.reflect.Method.invoke(Method.java:606)
	at org.apache.tools.ant.dispatch.DispatchUtils.execute(DispatchUtils.java:106)
	at org.apache.tools.ant.Task.perform(Task.java:348)
	at org.apache.tools.ant.Target.execute(Target.java:392)
	at org.apache.tools.ant.Target.performTasks(Target.java:413)
	at org.apache.tools.ant.Project.executeSortedTargets(Project.java:1399)
	at org.apache.tools.ant.Project.executeTarget(Project.java:1368)
	at org.apache.tools.ant.helper.DefaultExecutor.executeTargets(DefaultExecutor.java:41)
	at org.apache.tools.ant.Project.executeTargets(Project.java:1251)
	at org.apache.tools.ant.Main.runBuild(Main.java:811)
	at org.apache.tools.ant.Main.startAnt(Main.java:217)
	at org.apache.tools.ant.launch.Launcher.run(Launcher.java:280)
	at org.apache.tools.ant.launch.Launcher.main(Launcher.java:109)
Caused by: java.lang.StringIndexOutOfBoundsException: String index out of range: -1
	at java.lang.String.charAt(String.java:658)
	at com.google.javascript.jscomp.CodePrinter$PrettyCodePrinter.appendOp(CodePrinter.java:334)
	at com.google.javascript.jscomp.CodeConsumer.addOp(CodeConsumer.java:230)
	at com.google.javascript.jscomp.CodeGenerator.add(CodeGenerator.java:198)
	at com.google.javascript.jscomp.TypedCodeGenerator.add(TypedCodeGenerator.java:57)
	at com.google.javascript.jscomp.CodeGenerator.addExpr(CodeGenerator.java:889)
	at com.google.javascript.jscomp.CodeGenerator.addList(CodeGenerator.java:906)
	at com.google.javascript.jscomp.CodeGenerator.add(CodeGenerator.java:183)
	at com.google.javascript.jscomp.TypedCodeGenerator.add(TypedCodeGenerator.java:57)
	at com.google.javascript.jscomp.CodeGenerator.add(CodeGenerator.java:371)
	at com.google.javascript.jscomp.TypedCodeGenerator.add(TypedCodeGenerator.java:57)
	at com.google.javascript.jscomp.CodeGenerator.add(CodeGenerator.java:82)
	at com.google.javascript.jscomp.CodePrinter.toSource(CodePrinter.java:710)
	at com.google.javascript.jscomp.CodePrinter.access$100(CodePrinter.java:35)
	at com.google.javascript.jscomp.CodePrinter$Builder.build(CodePrinter.java:669)
	at com.google.javascript.jscomp.ExternExportsPass.getGeneratedExterns(ExternExportsPass.java:478)
	at com.google.javascript.jscomp.Compiler.externExports(Compiler.java:795)
	at com.google.javascript.jscomp.Compiler.compileInternal(Compiler.java:684)
	at com.google.javascript.jscomp.Compiler.access$000(Compiler.java:73)
	at com.google.javascript.jscomp.Compiler$1.call(Compiler.java:580)
	at com.google.javascript.jscomp.Compiler$1.call(Compiler.java:577)
	at com.google.javascript.jscomp.Compiler$2.run(Compiler.java:622)
	at java.lang.Thread.run(Thread.java:745)
--- com.google.javascript.jscomp.ExternExportsPassTest::testExportMultiple3
java.lang.RuntimeException: java.lang.StringIndexOutOfBoundsException: String index out of range: -1
	at com.google.javascript.jscomp.Compiler.runCallable(Compiler.java:650)
	at com.google.javascript.jscomp.Compiler.runInCompilerThread(Compiler.java:595)
	at com.google.javascript.jscomp.Compiler.compile(Compiler.java:577)
	at com.google.javascript.jscomp.Compiler.compile(Compiler.java:536)
	at com.google.javascript.jscomp.ExternExportsPassTest.compileAndExportExterns(ExternExportsPassTest.java:478)
	at com.google.javascript.jscomp.ExternExportsPassTest.compileAndExportExterns(ExternExportsPassTest.java:443)
	at com.google.javascript.jscomp.ExternExportsPassTest.compileAndCheck(ExternExportsPassTest.java:419)
	at com.google.javascript.jscomp.ExternExportsPassTest.testExportMultiple3(ExternExportsPassTest.java:148)
	at sun.reflect.NativeMethodAccessorImpl.invoke0(Native Method)
	at sun.reflect.NativeMethodAccessorImpl.invoke(NativeMethodAccessorImpl.java:57)
	at sun.reflect.DelegatingMethodAccessorImpl.invoke(DelegatingMethodAccessorImpl.java:43)
	at java.lang.reflect.Method.invoke(Method.java:606)
	at junit.framework.TestCase.runTest(TestCase.java:176)
	at junit.framework.TestCase.runBare(TestCase.java:141)
	at junit.framework.TestResult$1.protect(TestResult.java:122)
	at junit.framework.TestResult.runProtected(TestResult.java:142)
	at junit.framework.TestResult.run(TestResult.java:125)
	at junit.framework.TestCase.run(TestCase.java:129)
	at junit.framework.TestSuite.runTest(TestSuite.java:255)
	at junit.framework.TestSuite.run(TestSuite.java:250)
	at org.apache.tools.ant.taskdefs.optional.junit.JUnitTestRunner.run(JUnitTestRunner.java:520)
	at org.apache.tools.ant.taskdefs.optional.junit.JUnitTask.executeInVM(JUnitTask.java:1478)
	at org.apache.tools.ant.taskdefs.optional.junit.JUnitTask.execute(JUnitTask.java:860)
	at org.apache.tools.ant.taskdefs.optional.junit.JUnitTask.executeOrQueue(JUnitTask.java:1968)
	at org.apache.tools.ant.taskdefs.optional.junit.JUnitTask.execute1(JUnitTask.java:812)
	at org.apache.tools.ant.taskdefs.optional.junit.JUnitTask.execute(JUnitTask.java:2271)
	at org.apache.tools.ant.UnknownElement.execute(UnknownElement.java:291)
	at sun.reflect.GeneratedMethodAccessor4.invoke(Unknown Source)
	at sun.reflect.DelegatingMethodAccessorImpl.invoke(DelegatingMethodAccessorImpl.java:43)
	at java.lang.reflect.Method.invoke(Method.java:606)
	at org.apache.tools.ant.dispatch.DispatchUtils.execute(DispatchUtils.java:106)
	at org.apache.tools.ant.Task.perform(Task.java:348)
	at org.apache.tools.ant.Target.execute(Target.java:392)
	at org.apache.tools.ant.Target.performTasks(Target.java:413)
	at org.apache.tools.ant.Project.executeSortedTargets(Project.java:1399)
	at org.apache.tools.ant.Project.executeTarget(Project.java:1368)
	at org.apache.tools.ant.helper.DefaultExecutor.executeTargets(DefaultExecutor.java:41)
	at org.apache.tools.ant.Project.executeTargets(Project.java:1251)
	at org.apache.tools.ant.Main.runBuild(Main.java:811)
	at org.apache.tools.ant.Main.startAnt(Main.java:217)
	at org.apache.tools.ant.launch.Launcher.run(Launcher.java:280)
	at org.apache.tools.ant.launch.Launcher.main(Launcher.java:109)
Caused by: java.lang.StringIndexOutOfBoundsException: String index out of range: -1
	at java.lang.String.charAt(String.java:658)
	at com.google.javascript.jscomp.CodePrinter$PrettyCodePrinter.appendOp(CodePrinter.java:334)
	at com.google.javascript.jscomp.CodeConsumer.addOp(CodeConsumer.java:230)
	at com.google.javascript.jscomp.CodeGenerator.add(CodeGenerator.java:198)
	at com.google.javascript.jscomp.TypedCodeGenerator.add(TypedCodeGenerator.java:57)
	at com.google.javascript.jscomp.CodeGenerator.addExpr(CodeGenerator.java:889)
	at com.google.javascript.jscomp.CodeGenerator.addList(CodeGenerator.java:906)
	at com.google.javascript.jscomp.CodeGenerator.add(CodeGenerator.java:183)
	at com.google.javascript.jscomp.TypedCodeGenerator.add(TypedCodeGenerator.java:57)
	at com.google.javascript.jscomp.CodeGenerator.add(CodeGenerator.java:371)
	at com.google.javascript.jscomp.TypedCodeGenerator.add(TypedCodeGenerator.java:57)
	at com.google.javascript.jscomp.CodeGenerator.add(CodeGenerator.java:82)
	at com.google.javascript.jscomp.CodePrinter.toSource(CodePrinter.java:710)
	at com.google.javascript.jscomp.CodePrinter.access$100(CodePrinter.java:35)
	at com.google.javascript.jscomp.CodePrinter$Builder.build(CodePrinter.java:669)
	at com.google.javascript.jscomp.ExternExportsPass.getGeneratedExterns(ExternExportsPass.java:478)
	at com.google.javascript.jscomp.Compiler.externExports(Compiler.java:795)
	at com.google.javascript.jscomp.Compiler.compileInternal(Compiler.java:684)
	at com.google.javascript.jscomp.Compiler.access$000(Compiler.java:73)
	at com.google.javascript.jscomp.Compiler$1.call(Compiler.java:580)
	at com.google.javascript.jscomp.Compiler$1.call(Compiler.java:577)
	at com.google.javascript.jscomp.Compiler$2.run(Compiler.java:622)
	at java.lang.Thread.run(Thread.java:745)
--- com.google.javascript.jscomp.ExternExportsPassTest::testExportSymbolWithTypeAnnotation
java.lang.RuntimeException: java.lang.StringIndexOutOfBoundsException: String index out of range: -1
	at com.google.javascript.jscomp.Compiler.runCallable(Compiler.java:650)
	at com.google.javascript.jscomp.Compiler.runInCompilerThread(Compiler.java:595)
	at com.google.javascript.jscomp.Compiler.compile(Compiler.java:577)
	at com.google.javascript.jscomp.Compiler.compile(Compiler.java:536)
	at com.google.javascript.jscomp.ExternExportsPassTest.compileAndExportExterns(ExternExportsPassTest.java:478)
	at com.google.javascript.jscomp.ExternExportsPassTest.compileAndExportExterns(ExternExportsPassTest.java:443)
	at com.google.javascript.jscomp.ExternExportsPassTest.compileAndCheck(ExternExportsPassTest.java:419)
	at com.google.javascript.jscomp.ExternExportsPassTest.testExportSymbolWithTypeAnnotation(ExternExportsPassTest.java:190)
	at sun.reflect.NativeMethodAccessorImpl.invoke0(Native Method)
	at sun.reflect.NativeMethodAccessorImpl.invoke(NativeMethodAccessorImpl.java:57)
	at sun.reflect.DelegatingMethodAccessorImpl.invoke(DelegatingMethodAccessorImpl.java:43)
	at java.lang.reflect.Method.invoke(Method.java:606)
	at junit.framework.TestCase.runTest(TestCase.java:176)
	at junit.framework.TestCase.runBare(TestCase.java:141)
	at junit.framework.TestResult$1.protect(TestResult.java:122)
	at junit.framework.TestResult.runProtected(TestResult.java:142)
	at junit.framework.TestResult.run(TestResult.java:125)
	at junit.framework.TestCase.run(TestCase.java:129)
	at junit.framework.TestSuite.runTest(TestSuite.java:255)
	at junit.framework.TestSuite.run(TestSuite.java:250)
	at org.apache.tools.ant.taskdefs.optional.junit.JUnitTestRunner.run(JUnitTestRunner.java:520)
	at org.apache.tools.ant.taskdefs.optional.junit.JUnitTask.executeInVM(JUnitTask.java:1478)
	at org.apache.tools.ant.taskdefs.optional.junit.JUnitTask.execute(JUnitTask.java:860)
	at org.apache.tools.ant.taskdefs.optional.junit.JUnitTask.executeOrQueue(JUnitTask.java:1968)
	at org.apache.tools.ant.taskdefs.optional.junit.JUnitTask.execute1(JUnitTask.java:812)
	at org.apache.tools.ant.taskdefs.optional.junit.JUnitTask.execute(JUnitTask.java:2271)
	at org.apache.tools.ant.UnknownElement.execute(UnknownElement.java:291)
	at sun.reflect.GeneratedMethodAccessor4.invoke(Unknown Source)
	at sun.reflect.DelegatingMethodAccessorImpl.invoke(DelegatingMethodAccessorImpl.java:43)
	at java.lang.reflect.Method.invoke(Method.java:606)
	at org.apache.tools.ant.dispatch.DispatchUtils.execute(DispatchUtils.java:106)
	at org.apache.tools.ant.Task.perform(Task.java:348)
	at org.apache.tools.ant.Target.execute(Target.java:392)
	at org.apache.tools.ant.Target.performTasks(Target.java:413)
	at org.apache.tools.ant.Project.executeSortedTargets(Project.java:1399)
	at org.apache.tools.ant.Project.executeTarget(Project.java:1368)
	at org.apache.tools.ant.helper.DefaultExecutor.executeTargets(DefaultExecutor.java:41)
	at org.apache.tools.ant.Project.executeTargets(Project.java:1251)
	at org.apache.tools.ant.Main.runBuild(Main.java:811)
	at org.apache.tools.ant.Main.startAnt(Main.java:217)
	at org.apache.tools.ant.launch.Launcher.run(Launcher.java:280)
	at org.apache.tools.ant.launch.Launcher.main(Launcher.java:109)
Caused by: java.lang.StringIndexOutOfBoundsException: String index out of range: -1
	at java.lang.String.charAt(String.java:658)
	at com.google.javascript.jscomp.CodePrinter$PrettyCodePrinter.appendOp(CodePrinter.java:334)
	at com.google.javascript.jscomp.CodeConsumer.addOp(CodeConsumer.java:230)
	at com.google.javascript.jscomp.CodeGenerator.add(CodeGenerator.java:198)
	at com.google.javascript.jscomp.TypedCodeGenerator.add(TypedCodeGenerator.java:57)
	at com.google.javascript.jscomp.CodeGenerator.addExpr(CodeGenerator.java:889)
	at com.google.javascript.jscomp.CodeGenerator.addList(CodeGenerator.java:906)
	at com.google.javascript.jscomp.CodeGenerator.add(CodeGenerator.java:183)
	at com.google.javascript.jscomp.TypedCodeGenerator.add(TypedCodeGenerator.java:57)
	at com.google.javascript.jscomp.CodeGenerator.add(CodeGenerator.java:371)
	at com.google.javascript.jscomp.TypedCodeGenerator.add(TypedCodeGenerator.java:57)
	at com.google.javascript.jscomp.CodeGenerator.add(CodeGenerator.java:82)
	at com.google.javascript.jscomp.CodePrinter.toSource(CodePrinter.java:710)
	at com.google.javascript.jscomp.CodePrinter.access$100(CodePrinter.java:35)
	at com.google.javascript.jscomp.CodePrinter$Builder.build(CodePrinter.java:669)
	at com.google.javascript.jscomp.ExternExportsPass.getGeneratedExterns(ExternExportsPass.java:478)
	at com.google.javascript.jscomp.Compiler.externExports(Compiler.java:795)
	at com.google.javascript.jscomp.Compiler.compileInternal(Compiler.java:684)
	at com.google.javascript.jscomp.Compiler.access$000(Compiler.java:73)
	at com.google.javascript.jscomp.Compiler$1.call(Compiler.java:580)
	at com.google.javascript.jscomp.Compiler$1.call(Compiler.java:577)
	at com.google.javascript.jscomp.Compiler$2.run(Compiler.java:622)
	at java.lang.Thread.run(Thread.java:745)
--- com.google.javascript.jscomp.ExternExportsPassTest::testExportSymbolWithConstructorWithoutTypeCheck
java.lang.RuntimeException: java.lang.StringIndexOutOfBoundsException: String index out of range: -1
	at com.google.javascript.jscomp.Compiler.runCallable(Compiler.java:650)
	at com.google.javascript.jscomp.Compiler.runInCompilerThread(Compiler.java:595)
	at com.google.javascript.jscomp.Compiler.compile(Compiler.java:577)
	at com.google.javascript.jscomp.Compiler.compile(Compiler.java:536)
	at com.google.javascript.jscomp.ExternExportsPassTest.compileAndExportExterns(ExternExportsPassTest.java:478)
	at com.google.javascript.jscomp.ExternExportsPassTest.compileAndExportExterns(ExternExportsPassTest.java:443)
	at com.google.javascript.jscomp.ExternExportsPassTest.compileAndCheck(ExternExportsPassTest.java:419)
	at com.google.javascript.jscomp.ExternExportsPassTest.testExportSymbolWithConstructorWithoutTypeCheck(ExternExportsPassTest.java:250)
	at sun.reflect.NativeMethodAccessorImpl.invoke0(Native Method)
	at sun.reflect.NativeMethodAccessorImpl.invoke(NativeMethodAccessorImpl.java:57)
	at sun.reflect.DelegatingMethodAccessorImpl.invoke(DelegatingMethodAccessorImpl.java:43)
	at java.lang.reflect.Method.invoke(Method.java:606)
	at junit.framework.TestCase.runTest(TestCase.java:176)
	at junit.framework.TestCase.runBare(TestCase.java:141)
	at junit.framework.TestResult$1.protect(TestResult.java:122)
	at junit.framework.TestResult.runProtected(TestResult.java:142)
	at junit.framework.TestResult.run(TestResult.java:125)
	at junit.framework.TestCase.run(TestCase.java:129)
	at junit.framework.TestSuite.runTest(TestSuite.java:255)
	at junit.framework.TestSuite.run(TestSuite.java:250)
	at org.apache.tools.ant.taskdefs.optional.junit.JUnitTestRunner.run(JUnitTestRunner.java:520)
	at org.apache.tools.ant.taskdefs.optional.junit.JUnitTask.executeInVM(JUnitTask.java:1478)
	at org.apache.tools.ant.taskdefs.optional.junit.JUnitTask.execute(JUnitTask.java:860)
	at org.apache.tools.ant.taskdefs.optional.junit.JUnitTask.executeOrQueue(JUnitTask.java:1968)
	at org.apache.tools.ant.taskdefs.optional.junit.JUnitTask.execute1(JUnitTask.java:812)
	at org.apache.tools.ant.taskdefs.optional.junit.JUnitTask.execute(JUnitTask.java:2271)
	at org.apache.tools.ant.UnknownElement.execute(UnknownElement.java:291)
	at sun.reflect.GeneratedMethodAccessor4.invoke(Unknown Source)
	at sun.reflect.DelegatingMethodAccessorImpl.invoke(DelegatingMethodAccessorImpl.java:43)
	at java.lang.reflect.Method.invoke(Method.java:606)
	at org.apache.tools.ant.dispatch.DispatchUtils.execute(DispatchUtils.java:106)
	at org.apache.tools.ant.Task.perform(Task.java:348)
	at org.apache.tools.ant.Target.execute(Target.java:392)
	at org.apache.tools.ant.Target.performTasks(Target.java:413)
	at org.apache.tools.ant.Project.executeSortedTargets(Project.java:1399)
	at org.apache.tools.ant.Project.executeTarget(Project.java:1368)
	at org.apache.tools.ant.helper.DefaultExecutor.executeTargets(DefaultExecutor.java:41)
	at org.apache.tools.ant.Project.executeTargets(Project.java:1251)
	at org.apache.tools.ant.Main.runBuild(Main.java:811)
	at org.apache.tools.ant.Main.startAnt(Main.java:217)
	at org.apache.tools.ant.launch.Launcher.run(Launcher.java:280)
	at org.apache.tools.ant.launch.Launcher.main(Launcher.java:109)
Caused by: java.lang.StringIndexOutOfBoundsException: String index out of range: -1
	at java.lang.String.charAt(String.java:658)
	at com.google.javascript.jscomp.CodePrinter$PrettyCodePrinter.appendOp(CodePrinter.java:334)
	at com.google.javascript.jscomp.CodeConsumer.addOp(CodeConsumer.java:230)
	at com.google.javascript.jscomp.CodeGenerator.add(CodeGenerator.java:198)
	at com.google.javascript.jscomp.TypedCodeGenerator.add(TypedCodeGenerator.java:57)
	at com.google.javascript.jscomp.CodeGenerator.addExpr(CodeGenerator.java:889)
	at com.google.javascript.jscomp.CodeGenerator.addList(CodeGenerator.java:906)
	at com.google.javascript.jscomp.CodeGenerator.add(CodeGenerator.java:183)
	at com.google.javascript.jscomp.TypedCodeGenerator.add(TypedCodeGenerator.java:57)
	at com.google.javascript.jscomp.CodeGenerator.add(CodeGenerator.java:371)
	at com.google.javascript.jscomp.TypedCodeGenerator.add(TypedCodeGenerator.java:57)
	at com.google.javascript.jscomp.CodeGenerator.add(CodeGenerator.java:82)
	at com.google.javascript.jscomp.CodePrinter.toSource(CodePrinter.java:710)
	at com.google.javascript.jscomp.CodePrinter.access$100(CodePrinter.java:35)
	at com.google.javascript.jscomp.CodePrinter$Builder.build(CodePrinter.java:669)
	at com.google.javascript.jscomp.ExternExportsPass.getGeneratedExterns(ExternExportsPass.java:478)
	at com.google.javascript.jscomp.Compiler.externExports(Compiler.java:795)
	at com.google.javascript.jscomp.Compiler.compileInternal(Compiler.java:684)
	at com.google.javascript.jscomp.Compiler.access$000(Compiler.java:73)
	at com.google.javascript.jscomp.Compiler$1.call(Compiler.java:580)
	at com.google.javascript.jscomp.Compiler$1.call(Compiler.java:577)
	at com.google.javascript.jscomp.Compiler$2.run(Compiler.java:622)
	at java.lang.Thread.run(Thread.java:745)
--- com.google.javascript.jscomp.ExternExportsPassTest::testExportProperty
java.lang.RuntimeException: java.lang.StringIndexOutOfBoundsException: String index out of range: -1
	at com.google.javascript.jscomp.Compiler.runCallable(Compiler.java:650)
	at com.google.javascript.jscomp.Compiler.runInCompilerThread(Compiler.java:595)
	at com.google.javascript.jscomp.Compiler.compile(Compiler.java:577)
	at com.google.javascript.jscomp.Compiler.compile(Compiler.java:536)
	at com.google.javascript.jscomp.ExternExportsPassTest.compileAndExportExterns(ExternExportsPassTest.java:478)
	at com.google.javascript.jscomp.ExternExportsPassTest.compileAndExportExterns(ExternExportsPassTest.java:443)
	at com.google.javascript.jscomp.ExternExportsPassTest.compileAndCheck(ExternExportsPassTest.java:419)
	at com.google.javascript.jscomp.ExternExportsPassTest.testExportProperty(ExternExportsPassTest.java:77)
	at sun.reflect.NativeMethodAccessorImpl.invoke0(Native Method)
	at sun.reflect.NativeMethodAccessorImpl.invoke(NativeMethodAccessorImpl.java:57)
	at sun.reflect.DelegatingMethodAccessorImpl.invoke(DelegatingMethodAccessorImpl.java:43)
	at java.lang.reflect.Method.invoke(Method.java:606)
	at junit.framework.TestCase.runTest(TestCase.java:176)
	at junit.framework.TestCase.runBare(TestCase.java:141)
	at junit.framework.TestResult$1.protect(TestResult.java:122)
	at junit.framework.TestResult.runProtected(TestResult.java:142)
	at junit.framework.TestResult.run(TestResult.java:125)
	at junit.framework.TestCase.run(TestCase.java:129)
	at junit.framework.TestSuite.runTest(TestSuite.java:255)
	at junit.framework.TestSuite.run(TestSuite.java:250)
	at org.apache.tools.ant.taskdefs.optional.junit.JUnitTestRunner.run(JUnitTestRunner.java:520)
	at org.apache.tools.ant.taskdefs.optional.junit.JUnitTask.executeInVM(JUnitTask.java:1478)
	at org.apache.tools.ant.taskdefs.optional.junit.JUnitTask.execute(JUnitTask.java:860)
	at org.apache.tools.ant.taskdefs.optional.junit.JUnitTask.executeOrQueue(JUnitTask.java:1968)
	at org.apache.tools.ant.taskdefs.optional.junit.JUnitTask.execute1(JUnitTask.java:812)
	at org.apache.tools.ant.taskdefs.optional.junit.JUnitTask.execute(JUnitTask.java:2271)
	at org.apache.tools.ant.UnknownElement.execute(UnknownElement.java:291)
	at sun.reflect.GeneratedMethodAccessor4.invoke(Unknown Source)
	at sun.reflect.DelegatingMethodAccessorImpl.invoke(DelegatingMethodAccessorImpl.java:43)
	at java.lang.reflect.Method.invoke(Method.java:606)
	at org.apache.tools.ant.dispatch.DispatchUtils.execute(DispatchUtils.java:106)
	at org.apache.tools.ant.Task.perform(Task.java:348)
	at org.apache.tools.ant.Target.execute(Target.java:392)
	at org.apache.tools.ant.Target.performTasks(Target.java:413)
	at org.apache.tools.ant.Project.executeSortedTargets(Project.java:1399)
	at org.apache.tools.ant.Project.executeTarget(Project.java:1368)
	at org.apache.tools.ant.helper.DefaultExecutor.executeTargets(DefaultExecutor.java:41)
	at org.apache.tools.ant.Project.executeTargets(Project.java:1251)
	at org.apache.tools.ant.Main.runBuild(Main.java:811)
	at org.apache.tools.ant.Main.startAnt(Main.java:217)
	at org.apache.tools.ant.launch.Launcher.run(Launcher.java:280)
	at org.apache.tools.ant.launch.Launcher.main(Launcher.java:109)
Caused by: java.lang.StringIndexOutOfBoundsException: String index out of range: -1
	at java.lang.String.charAt(String.java:658)
	at com.google.javascript.jscomp.CodePrinter$PrettyCodePrinter.appendOp(CodePrinter.java:334)
	at com.google.javascript.jscomp.CodeConsumer.addOp(CodeConsumer.java:230)
	at com.google.javascript.jscomp.CodeGenerator.unrollBinaryOperator(CodeGenerator.java:752)
	at com.google.javascript.jscomp.CodeGenerator.add(CodeGenerator.java:122)
	at com.google.javascript.jscomp.TypedCodeGenerator.add(TypedCodeGenerator.java:57)
	at com.google.javascript.jscomp.CodeGenerator.add(CodeGenerator.java:605)
	at com.google.javascript.jscomp.TypedCodeGenerator.add(TypedCodeGenerator.java:57)
	at com.google.javascript.jscomp.CodeGenerator.add(CodeGenerator.java:371)
	at com.google.javascript.jscomp.TypedCodeGenerator.add(TypedCodeGenerator.java:57)
	at com.google.javascript.jscomp.CodeGenerator.add(CodeGenerator.java:82)
	at com.google.javascript.jscomp.CodePrinter.toSource(CodePrinter.java:710)
	at com.google.javascript.jscomp.CodePrinter.access$100(CodePrinter.java:35)
	at com.google.javascript.jscomp.CodePrinter$Builder.build(CodePrinter.java:669)
	at com.google.javascript.jscomp.ExternExportsPass.getGeneratedExterns(ExternExportsPass.java:478)
	at com.google.javascript.jscomp.Compiler.externExports(Compiler.java:795)
	at com.google.javascript.jscomp.Compiler.compileInternal(Compiler.java:684)
	at com.google.javascript.jscomp.Compiler.access$000(Compiler.java:73)
	at com.google.javascript.jscomp.Compiler$1.call(Compiler.java:580)
	at com.google.javascript.jscomp.Compiler$1.call(Compiler.java:577)
	at com.google.javascript.jscomp.Compiler$2.run(Compiler.java:622)
	at java.lang.Thread.run(Thread.java:745)
--- com.google.javascript.jscomp.ExternExportsPassTest::testExportSymbolWithoutTypeCheck
java.lang.RuntimeException: java.lang.StringIndexOutOfBoundsException: String index out of range: -1
	at com.google.javascript.jscomp.Compiler.runCallable(Compiler.java:650)
	at com.google.javascript.jscomp.Compiler.runInCompilerThread(Compiler.java:595)
	at com.google.javascript.jscomp.Compiler.compile(Compiler.java:577)
	at com.google.javascript.jscomp.Compiler.compile(Compiler.java:536)
	at com.google.javascript.jscomp.ExternExportsPassTest.compileAndExportExterns(ExternExportsPassTest.java:478)
	at com.google.javascript.jscomp.ExternExportsPassTest.compileAndExportExterns(ExternExportsPassTest.java:443)
	at com.google.javascript.jscomp.ExternExportsPassTest.compileAndCheck(ExternExportsPassTest.java:419)
	at com.google.javascript.jscomp.ExternExportsPassTest.testExportSymbolWithoutTypeCheck(ExternExportsPassTest.java:213)
	at sun.reflect.NativeMethodAccessorImpl.invoke0(Native Method)
	at sun.reflect.NativeMethodAccessorImpl.invoke(NativeMethodAccessorImpl.java:57)
	at sun.reflect.DelegatingMethodAccessorImpl.invoke(DelegatingMethodAccessorImpl.java:43)
	at java.lang.reflect.Method.invoke(Method.java:606)
	at junit.framework.TestCase.runTest(TestCase.java:176)
	at junit.framework.TestCase.runBare(TestCase.java:141)
	at junit.framework.TestResult$1.protect(TestResult.java:122)
	at junit.framework.TestResult.runProtected(TestResult.java:142)
	at junit.framework.TestResult.run(TestResult.java:125)
	at junit.framework.TestCase.run(TestCase.java:129)
	at junit.framework.TestSuite.runTest(TestSuite.java:255)
	at junit.framework.TestSuite.run(TestSuite.java:250)
	at org.apache.tools.ant.taskdefs.optional.junit.JUnitTestRunner.run(JUnitTestRunner.java:520)
	at org.apache.tools.ant.taskdefs.optional.junit.JUnitTask.executeInVM(JUnitTask.java:1478)
	at org.apache.tools.ant.taskdefs.optional.junit.JUnitTask.execute(JUnitTask.java:860)
	at org.apache.tools.ant.taskdefs.optional.junit.JUnitTask.executeOrQueue(JUnitTask.java:1968)
	at org.apache.tools.ant.taskdefs.optional.junit.JUnitTask.execute1(JUnitTask.java:812)
	at org.apache.tools.ant.taskdefs.optional.junit.JUnitTask.execute(JUnitTask.java:2271)
	at org.apache.tools.ant.UnknownElement.execute(UnknownElement.java:291)
	at sun.reflect.GeneratedMethodAccessor4.invoke(Unknown Source)
	at sun.reflect.DelegatingMethodAccessorImpl.invoke(DelegatingMethodAccessorImpl.java:43)
	at java.lang.reflect.Method.invoke(Method.java:606)
	at org.apache.tools.ant.dispatch.DispatchUtils.execute(DispatchUtils.java:106)
	at org.apache.tools.ant.Task.perform(Task.java:348)
	at org.apache.tools.ant.Target.execute(Target.java:392)
	at org.apache.tools.ant.Target.performTasks(Target.java:413)
	at org.apache.tools.ant.Project.executeSortedTargets(Project.java:1399)
	at org.apache.tools.ant.Project.executeTarget(Project.java:1368)
	at org.apache.tools.ant.helper.DefaultExecutor.executeTargets(DefaultExecutor.java:41)
	at org.apache.tools.ant.Project.executeTargets(Project.java:1251)
	at org.apache.tools.ant.Main.runBuild(Main.java:811)
	at org.apache.tools.ant.Main.startAnt(Main.java:217)
	at org.apache.tools.ant.launch.Launcher.run(Launcher.java:280)
	at org.apache.tools.ant.launch.Launcher.main(Launcher.java:109)
Caused by: java.lang.StringIndexOutOfBoundsException: String index out of range: -1
	at java.lang.String.charAt(String.java:658)
	at com.google.javascript.jscomp.CodePrinter$PrettyCodePrinter.appendOp(CodePrinter.java:334)
	at com.google.javascript.jscomp.CodeConsumer.addOp(CodeConsumer.java:230)
	at com.google.javascript.jscomp.CodeGenerator.add(CodeGenerator.java:198)
	at com.google.javascript.jscomp.TypedCodeGenerator.add(TypedCodeGenerator.java:57)
	at com.google.javascript.jscomp.CodeGenerator.addExpr(CodeGenerator.java:889)
	at com.google.javascript.jscomp.CodeGenerator.addList(CodeGenerator.java:906)
	at com.google.javascript.jscomp.CodeGenerator.add(CodeGenerator.java:183)
	at com.google.javascript.jscomp.TypedCodeGenerator.add(TypedCodeGenerator.java:57)
	at com.google.javascript.jscomp.CodeGenerator.add(CodeGenerator.java:371)
	at com.google.javascript.jscomp.TypedCodeGenerator.add(TypedCodeGenerator.java:57)
	at com.google.javascript.jscomp.CodeGenerator.add(CodeGenerator.java:82)
	at com.google.javascript.jscomp.CodePrinter.toSource(CodePrinter.java:710)
	at com.google.javascript.jscomp.CodePrinter.access$100(CodePrinter.java:35)
	at com.google.javascript.jscomp.CodePrinter$Builder.build(CodePrinter.java:669)
	at com.google.javascript.jscomp.ExternExportsPass.getGeneratedExterns(ExternExportsPass.java:478)
	at com.google.javascript.jscomp.Compiler.externExports(Compiler.java:795)
	at com.google.javascript.jscomp.Compiler.compileInternal(Compiler.java:684)
	at com.google.javascript.jscomp.Compiler.access$000(Compiler.java:73)
	at com.google.javascript.jscomp.Compiler$1.call(Compiler.java:580)
	at com.google.javascript.jscomp.Compiler$1.call(Compiler.java:577)
	at com.google.javascript.jscomp.Compiler$2.run(Compiler.java:622)
	at java.lang.Thread.run(Thread.java:745)
--- com.google.javascript.jscomp.ExternExportsPassTest::testWarnOnExportFunctionWithUnknownParameterTypes
java.lang.RuntimeException: java.lang.StringIndexOutOfBoundsException: String index out of range: -1
	at com.google.javascript.jscomp.Compiler.runCallable(Compiler.java:650)
	at com.google.javascript.jscomp.Compiler.runInCompilerThread(Compiler.java:595)
	at com.google.javascript.jscomp.Compiler.compile(Compiler.java:577)
	at com.google.javascript.jscomp.Compiler.compile(Compiler.java:536)
	at com.google.javascript.jscomp.ExternExportsPassTest.compileAndExportExterns(ExternExportsPassTest.java:478)
	at com.google.javascript.jscomp.ExternExportsPassTest.compileAndExportExterns(ExternExportsPassTest.java:443)
	at com.google.javascript.jscomp.ExternExportsPassTest.testWarnOnExportFunctionWithUnknownParameterTypes(ExternExportsPassTest.java:436)
	at sun.reflect.NativeMethodAccessorImpl.invoke0(Native Method)
	at sun.reflect.NativeMethodAccessorImpl.invoke(NativeMethodAccessorImpl.java:57)
	at sun.reflect.DelegatingMethodAccessorImpl.invoke(DelegatingMethodAccessorImpl.java:43)
	at java.lang.reflect.Method.invoke(Method.java:606)
	at junit.framework.TestCase.runTest(TestCase.java:176)
	at junit.framework.TestCase.runBare(TestCase.java:141)
	at junit.framework.TestResult$1.protect(TestResult.java:122)
	at junit.framework.TestResult.runProtected(TestResult.java:142)
	at junit.framework.TestResult.run(TestResult.java:125)
	at junit.framework.TestCase.run(TestCase.java:129)
	at junit.framework.TestSuite.runTest(TestSuite.java:255)
	at junit.framework.TestSuite.run(TestSuite.java:250)
	at org.apache.tools.ant.taskdefs.optional.junit.JUnitTestRunner.run(JUnitTestRunner.java:520)
	at org.apache.tools.ant.taskdefs.optional.junit.JUnitTask.executeInVM(JUnitTask.java:1478)
	at org.apache.tools.ant.taskdefs.optional.junit.JUnitTask.execute(JUnitTask.java:860)
	at org.apache.tools.ant.taskdefs.optional.junit.JUnitTask.executeOrQueue(JUnitTask.java:1968)
	at org.apache.tools.ant.taskdefs.optional.junit.JUnitTask.execute1(JUnitTask.java:812)
	at org.apache.tools.ant.taskdefs.optional.junit.JUnitTask.execute(JUnitTask.java:2271)
	at org.apache.tools.ant.UnknownElement.execute(UnknownElement.java:291)
	at sun.reflect.GeneratedMethodAccessor4.invoke(Unknown Source)
	at sun.reflect.DelegatingMethodAccessorImpl.invoke(DelegatingMethodAccessorImpl.java:43)
	at java.lang.reflect.Method.invoke(Method.java:606)
	at org.apache.tools.ant.dispatch.DispatchUtils.execute(DispatchUtils.java:106)
	at org.apache.tools.ant.Task.perform(Task.java:348)
	at org.apache.tools.ant.Target.execute(Target.java:392)
	at org.apache.tools.ant.Target.performTasks(Target.java:413)
	at org.apache.tools.ant.Project.executeSortedTargets(Project.java:1399)
	at org.apache.tools.ant.Project.executeTarget(Project.java:1368)
	at org.apache.tools.ant.helper.DefaultExecutor.executeTargets(DefaultExecutor.java:41)
	at org.apache.tools.ant.Project.executeTargets(Project.java:1251)
	at org.apache.tools.ant.Main.runBuild(Main.java:811)
	at org.apache.tools.ant.Main.startAnt(Main.java:217)
	at org.apache.tools.ant.launch.Launcher.run(Launcher.java:280)
	at org.apache.tools.ant.launch.Launcher.main(Launcher.java:109)
Caused by: java.lang.StringIndexOutOfBoundsException: String index out of range: -1
	at java.lang.String.charAt(String.java:658)
	at com.google.javascript.jscomp.CodePrinter$PrettyCodePrinter.appendOp(CodePrinter.java:334)
	at com.google.javascript.jscomp.CodeConsumer.addOp(CodeConsumer.java:230)
	at com.google.javascript.jscomp.CodeGenerator.add(CodeGenerator.java:198)
	at com.google.javascript.jscomp.TypedCodeGenerator.add(TypedCodeGenerator.java:57)
	at com.google.javascript.jscomp.CodeGenerator.addExpr(CodeGenerator.java:889)
	at com.google.javascript.jscomp.CodeGenerator.addList(CodeGenerator.java:906)
	at com.google.javascript.jscomp.CodeGenerator.add(CodeGenerator.java:183)
	at com.google.javascript.jscomp.TypedCodeGenerator.add(TypedCodeGenerator.java:57)
	at com.google.javascript.jscomp.CodeGenerator.add(CodeGenerator.java:371)
	at com.google.javascript.jscomp.TypedCodeGenerator.add(TypedCodeGenerator.java:57)
	at com.google.javascript.jscomp.CodeGenerator.add(CodeGenerator.java:82)
	at com.google.javascript.jscomp.CodePrinter.toSource(CodePrinter.java:710)
	at com.google.javascript.jscomp.CodePrinter.access$100(CodePrinter.java:35)
	at com.google.javascript.jscomp.CodePrinter$Builder.build(CodePrinter.java:669)
	at com.google.javascript.jscomp.ExternExportsPass.getGeneratedExterns(ExternExportsPass.java:478)
	at com.google.javascript.jscomp.Compiler.externExports(Compiler.java:795)
	at com.google.javascript.jscomp.Compiler.compileInternal(Compiler.java:684)
	at com.google.javascript.jscomp.Compiler.access$000(Compiler.java:73)
	at com.google.javascript.jscomp.Compiler$1.call(Compiler.java:580)
	at com.google.javascript.jscomp.Compiler$1.call(Compiler.java:577)
	at com.google.javascript.jscomp.Compiler$2.run(Compiler.java:622)
	at java.lang.Thread.run(Thread.java:745)
--- com.google.javascript.jscomp.ExternExportsPassTest::testExportFunctionWithOptionalArguments
java.lang.RuntimeException: java.lang.StringIndexOutOfBoundsException: String index out of range: -1
	at com.google.javascript.jscomp.Compiler.runCallable(Compiler.java:650)
	at com.google.javascript.jscomp.Compiler.runInCompilerThread(Compiler.java:595)
	at com.google.javascript.jscomp.Compiler.compile(Compiler.java:577)
	at com.google.javascript.jscomp.Compiler.compile(Compiler.java:536)
	at com.google.javascript.jscomp.ExternExportsPassTest.compileAndExportExterns(ExternExportsPassTest.java:478)
	at com.google.javascript.jscomp.ExternExportsPassTest.compileAndExportExterns(ExternExportsPassTest.java:443)
	at com.google.javascript.jscomp.ExternExportsPassTest.compileAndCheck(ExternExportsPassTest.java:419)
	at com.google.javascript.jscomp.ExternExportsPassTest.testExportFunctionWithOptionalArguments(ExternExportsPassTest.java:261)
	at sun.reflect.NativeMethodAccessorImpl.invoke0(Native Method)
	at sun.reflect.NativeMethodAccessorImpl.invoke(NativeMethodAccessorImpl.java:57)
	at sun.reflect.DelegatingMethodAccessorImpl.invoke(DelegatingMethodAccessorImpl.java:43)
	at java.lang.reflect.Method.invoke(Method.java:606)
	at junit.framework.TestCase.runTest(TestCase.java:176)
	at junit.framework.TestCase.runBare(TestCase.java:141)
	at junit.framework.TestResult$1.protect(TestResult.java:122)
	at junit.framework.TestResult.runProtected(TestResult.java:142)
	at junit.framework.TestResult.run(TestResult.java:125)
	at junit.framework.TestCase.run(TestCase.java:129)
	at junit.framework.TestSuite.runTest(TestSuite.java:255)
	at junit.framework.TestSuite.run(TestSuite.java:250)
	at org.apache.tools.ant.taskdefs.optional.junit.JUnitTestRunner.run(JUnitTestRunner.java:520)
	at org.apache.tools.ant.taskdefs.optional.junit.JUnitTask.executeInVM(JUnitTask.java:1478)
	at org.apache.tools.ant.taskdefs.optional.junit.JUnitTask.execute(JUnitTask.java:860)
	at org.apache.tools.ant.taskdefs.optional.junit.JUnitTask.executeOrQueue(JUnitTask.java:1968)
	at org.apache.tools.ant.taskdefs.optional.junit.JUnitTask.execute1(JUnitTask.java:812)
	at org.apache.tools.ant.taskdefs.optional.junit.JUnitTask.execute(JUnitTask.java:2271)
	at org.apache.tools.ant.UnknownElement.execute(UnknownElement.java:291)
	at sun.reflect.GeneratedMethodAccessor4.invoke(Unknown Source)
	at sun.reflect.DelegatingMethodAccessorImpl.invoke(DelegatingMethodAccessorImpl.java:43)
	at java.lang.reflect.Method.invoke(Method.java:606)
	at org.apache.tools.ant.dispatch.DispatchUtils.execute(DispatchUtils.java:106)
	at org.apache.tools.ant.Task.perform(Task.java:348)
	at org.apache.tools.ant.Target.execute(Target.java:392)
	at org.apache.tools.ant.Target.performTasks(Target.java:413)
	at org.apache.tools.ant.Project.executeSortedTargets(Project.java:1399)
	at org.apache.tools.ant.Project.executeTarget(Project.java:1368)
	at org.apache.tools.ant.helper.DefaultExecutor.executeTargets(DefaultExecutor.java:41)
	at org.apache.tools.ant.Project.executeTargets(Project.java:1251)
	at org.apache.tools.ant.Main.runBuild(Main.java:811)
	at org.apache.tools.ant.Main.startAnt(Main.java:217)
	at org.apache.tools.ant.launch.Launcher.run(Launcher.java:280)
	at org.apache.tools.ant.launch.Launcher.main(Launcher.java:109)
Caused by: java.lang.StringIndexOutOfBoundsException: String index out of range: -1
	at java.lang.String.charAt(String.java:658)
	at com.google.javascript.jscomp.CodePrinter$PrettyCodePrinter.appendOp(CodePrinter.java:334)
	at com.google.javascript.jscomp.CodeConsumer.addOp(CodeConsumer.java:230)
	at com.google.javascript.jscomp.CodeGenerator.add(CodeGenerator.java:198)
	at com.google.javascript.jscomp.TypedCodeGenerator.add(TypedCodeGenerator.java:57)
	at com.google.javascript.jscomp.CodeGenerator.addExpr(CodeGenerator.java:889)
	at com.google.javascript.jscomp.CodeGenerator.addList(CodeGenerator.java:906)
	at com.google.javascript.jscomp.CodeGenerator.add(CodeGenerator.java:183)
	at com.google.javascript.jscomp.TypedCodeGenerator.add(TypedCodeGenerator.java:57)
	at com.google.javascript.jscomp.CodeGenerator.add(CodeGenerator.java:371)
	at com.google.javascript.jscomp.TypedCodeGenerator.add(TypedCodeGenerator.java:57)
	at com.google.javascript.jscomp.CodeGenerator.add(CodeGenerator.java:82)
	at com.google.javascript.jscomp.CodePrinter.toSource(CodePrinter.java:710)
	at com.google.javascript.jscomp.CodePrinter.access$100(CodePrinter.java:35)
	at com.google.javascript.jscomp.CodePrinter$Builder.build(CodePrinter.java:669)
	at com.google.javascript.jscomp.ExternExportsPass.getGeneratedExterns(ExternExportsPass.java:478)
	at com.google.javascript.jscomp.Compiler.externExports(Compiler.java:795)
	at com.google.javascript.jscomp.Compiler.compileInternal(Compiler.java:684)
	at com.google.javascript.jscomp.Compiler.access$000(Compiler.java:73)
	at com.google.javascript.jscomp.Compiler$1.call(Compiler.java:580)
	at com.google.javascript.jscomp.Compiler$1.call(Compiler.java:577)
	at com.google.javascript.jscomp.Compiler$2.run(Compiler.java:622)
	at java.lang.Thread.run(Thread.java:745)
