--- com.google.javascript.jscomp.IntegrationTest::testExploitAssigns
java.lang.RuntimeException: java.lang.RuntimeException: INTERNAL COMPILER ERROR.
Please report this problem.
null
  Node(EXPR_RESULT): i0:1:14
a = 1; b = a; c = b
  Parent(SCRIPT): i0:1:0
a = 1; b = a; c = b

	at com.google.javascript.jscomp.Compiler.runInCompilerThread(Compiler.java:698)
	at com.google.javascript.jscomp.Compiler.compile(Compiler.java:632)
	at com.google.javascript.jscomp.Compiler.compileModules(Compiler.java:623)
	at com.google.javascript.jscomp.IntegrationTestCase.compile(IntegrationTestCase.java:190)
	at com.google.javascript.jscomp.IntegrationTestCase.test(IntegrationTestCase.java:85)
	at com.google.javascript.jscomp.IntegrationTestCase.test(IntegrationTestCase.java:76)
	at com.google.javascript.jscomp.IntegrationTest.testExploitAssigns(IntegrationTest.java:1554)
	at sun.reflect.NativeMethodAccessorImpl.invoke0(Native Method)
	at sun.reflect.NativeMethodAccessorImpl.invoke(NativeMethodAccessorImpl.java:57)
	at sun.reflect.DelegatingMethodAccessorImpl.invoke(DelegatingMethodAccessorImpl.java:43)
	at java.lang.reflect.Method.invoke(Method.java:606)
	at junit.framework.TestCase.runTest(TestCase.java:176)
	at junit.framework.TestCase.runBare(TestCase.java:141)
	at junit.framework.TestResult$1.protect(TestResult.java:122)
	at junit.framework.TestResult.runProtected(TestResult.java:142)
	at junit.framework.TestResult.run(TestResult.java:125)
	at junit.framework.TestCase.run(TestCase.java:129)
	at junit.framework.TestSuite.runTest(TestSuite.java:255)
	at junit.framework.TestSuite.run(TestSuite.java:250)
	at org.apache.tools.ant.taskdefs.optional.junit.JUnitTestRunner.run(JUnitTestRunner.java:520)
	at org.apache.tools.ant.taskdefs.optional.junit.JUnitTask.executeInVM(JUnitTask.java:1478)
	at org.apache.tools.ant.taskdefs.optional.junit.JUnitTask.execute(JUnitTask.java:860)
	at org.apache.tools.ant.taskdefs.optional.junit.JUnitTask.executeOrQueue(JUnitTask.java:1968)
	at org.apache.tools.ant.taskdefs.optional.junit.JUnitTask.execute1(JUnitTask.java:812)
	at org.apache.tools.ant.taskdefs.optional.junit.JUnitTask.execute(JUnitTask.java:2271)
	at org.apache.tools.ant.UnknownElement.execute(UnknownElement.java:291)
	at sun.reflect.GeneratedMethodAccessor4.invoke(Unknown Source)
	at sun.reflect.DelegatingMethodAccessorImpl.invoke(DelegatingMethodAccessorImpl.java:43)
	at java.lang.reflect.Method.invoke(Method.java:606)
	at org.apache.tools.ant.dispatch.DispatchUtils.execute(DispatchUtils.java:106)
	at org.apache.tools.ant.Task.perform(Task.java:348)
	at org.apache.tools.ant.Target.execute(Target.java:392)
	at org.apache.tools.ant.Target.performTasks(Target.java:413)
	at org.apache.tools.ant.Project.executeSortedTargets(Project.java:1399)
	at org.apache.tools.ant.Project.executeTarget(Project.java:1368)
	at org.apache.tools.ant.helper.DefaultExecutor.executeTargets(DefaultExecutor.java:41)
	at org.apache.tools.ant.Project.executeTargets(Project.java:1251)
	at org.apache.tools.ant.Main.runBuild(Main.java:811)
	at org.apache.tools.ant.Main.startAnt(Main.java:217)
	at org.apache.tools.ant.launch.Launcher.run(Launcher.java:280)
	at org.apache.tools.ant.launch.Launcher.main(Launcher.java:109)
Caused by: java.lang.RuntimeException: INTERNAL COMPILER ERROR.
Please report this problem.
null
  Node(EXPR_RESULT): i0:1:14
a = 1; b = a; c = b
  Parent(SCRIPT): i0:1:0
a = 1; b = a; c = b

	at com.google.javascript.jscomp.CollapseVariableDeclarations.isNamedParameter(CollapseVariableDeclarations.java:208)
	at com.google.javascript.jscomp.CollapseVariableDeclarations.access$300(CollapseVariableDeclarations.java:64)
	at com.google.javascript.jscomp.CollapseVariableDeclarations$GatherCollapses.canBeRedeclared(CollapseVariableDeclarations.java:202)
	at com.google.javascript.jscomp.CollapseVariableDeclarations$GatherCollapses.visit(CollapseVariableDeclarations.java:143)
	at com.google.javascript.jscomp.NodeTraversal.traverseBranch(NodeTraversal.java:505)
	at com.google.javascript.jscomp.NodeTraversal.traverseBranch(NodeTraversal.java:498)
	at com.google.javascript.jscomp.NodeTraversal.traverseBranch(NodeTraversal.java:498)
	at com.google.javascript.jscomp.NodeTraversal.traverse(NodeTraversal.java:277)
	at com.google.javascript.jscomp.NodeTraversal.traverse(NodeTraversal.java:456)
	at com.google.javascript.jscomp.CollapseVariableDeclarations.process(CollapseVariableDeclarations.java:113)
	at com.google.javascript.jscomp.PhaseOptimizer$PassFactoryDelegate.processInternal(PhaseOptimizer.java:303)
	at com.google.javascript.jscomp.PhaseOptimizer$NamedPass.process(PhaseOptimizer.java:279)
	at com.google.javascript.jscomp.PhaseOptimizer.process(PhaseOptimizer.java:191)
	at com.google.javascript.jscomp.Compiler.optimize(Compiler.java:1891)
	at com.google.javascript.jscomp.Compiler.compileInternal(Compiler.java:737)
	at com.google.javascript.jscomp.Compiler.access$000(Compiler.java:83)
	at com.google.javascript.jscomp.Compiler$2.call(Compiler.java:635)
	at com.google.javascript.jscomp.Compiler$2.call(Compiler.java:632)
	at com.google.javascript.jscomp.Compiler$3.call(Compiler.java:662)
	at java.util.concurrent.FutureTask.run(FutureTask.java:262)
	at java.util.concurrent.ThreadPoolExecutor.runWorker(ThreadPoolExecutor.java:1145)
	at java.util.concurrent.ThreadPoolExecutor$Worker.run(ThreadPoolExecutor.java:615)
	at java.lang.Thread.run(Thread.java:745)
Caused by: java.lang.NullPointerException
	... 23 more
--- com.google.javascript.jscomp.IntegrationTest::testIssue724
java.lang.RuntimeException: java.lang.RuntimeException: INTERNAL COMPILER ERROR.
Please report this problem.
null
  Node(EXPR_RESULT): i0:1:0
isFunction = function(functionToCheck) {  var getType = {};  return functionToCheck &&       getType.toString.apply(functionToCheck) ===      '[object Function]';};
  Parent(SCRIPT): i0:1:0
isFunction = function(functionToCheck) {  var getType = {};  return functionToCheck &&       getType.toString.apply(functionToCheck) ===      '[object Function]';};

	at com.google.javascript.jscomp.Compiler.runInCompilerThread(Compiler.java:698)
	at com.google.javascript.jscomp.Compiler.compile(Compiler.java:632)
	at com.google.javascript.jscomp.Compiler.compileModules(Compiler.java:623)
	at com.google.javascript.jscomp.IntegrationTestCase.compile(IntegrationTestCase.java:190)
	at com.google.javascript.jscomp.IntegrationTestCase.test(IntegrationTestCase.java:85)
	at com.google.javascript.jscomp.IntegrationTestCase.test(IntegrationTestCase.java:76)
	at com.google.javascript.jscomp.IntegrationTest.testIssue724(IntegrationTest.java:1687)
	at sun.reflect.NativeMethodAccessorImpl.invoke0(Native Method)
	at sun.reflect.NativeMethodAccessorImpl.invoke(NativeMethodAccessorImpl.java:57)
	at sun.reflect.DelegatingMethodAccessorImpl.invoke(DelegatingMethodAccessorImpl.java:43)
	at java.lang.reflect.Method.invoke(Method.java:606)
	at junit.framework.TestCase.runTest(TestCase.java:176)
	at junit.framework.TestCase.runBare(TestCase.java:141)
	at junit.framework.TestResult$1.protect(TestResult.java:122)
	at junit.framework.TestResult.runProtected(TestResult.java:142)
	at junit.framework.TestResult.run(TestResult.java:125)
	at junit.framework.TestCase.run(TestCase.java:129)
	at junit.framework.TestSuite.runTest(TestSuite.java:255)
	at junit.framework.TestSuite.run(TestSuite.java:250)
	at org.apache.tools.ant.taskdefs.optional.junit.JUnitTestRunner.run(JUnitTestRunner.java:520)
	at org.apache.tools.ant.taskdefs.optional.junit.JUnitTask.executeInVM(JUnitTask.java:1478)
	at org.apache.tools.ant.taskdefs.optional.junit.JUnitTask.execute(JUnitTask.java:860)
	at org.apache.tools.ant.taskdefs.optional.junit.JUnitTask.executeOrQueue(JUnitTask.java:1968)
	at org.apache.tools.ant.taskdefs.optional.junit.JUnitTask.execute1(JUnitTask.java:812)
	at org.apache.tools.ant.taskdefs.optional.junit.JUnitTask.execute(JUnitTask.java:2271)
	at org.apache.tools.ant.UnknownElement.execute(UnknownElement.java:291)
	at sun.reflect.GeneratedMethodAccessor4.invoke(Unknown Source)
	at sun.reflect.DelegatingMethodAccessorImpl.invoke(DelegatingMethodAccessorImpl.java:43)
	at java.lang.reflect.Method.invoke(Method.java:606)
	at org.apache.tools.ant.dispatch.DispatchUtils.execute(DispatchUtils.java:106)
	at org.apache.tools.ant.Task.perform(Task.java:348)
	at org.apache.tools.ant.Target.execute(Target.java:392)
	at org.apache.tools.ant.Target.performTasks(Target.java:413)
	at org.apache.tools.ant.Project.executeSortedTargets(Project.java:1399)
	at org.apache.tools.ant.Project.executeTarget(Project.java:1368)
	at org.apache.tools.ant.helper.DefaultExecutor.executeTargets(DefaultExecutor.java:41)
	at org.apache.tools.ant.Project.executeTargets(Project.java:1251)
	at org.apache.tools.ant.Main.runBuild(Main.java:811)
	at org.apache.tools.ant.Main.startAnt(Main.java:217)
	at org.apache.tools.ant.launch.Launcher.run(Launcher.java:280)
	at org.apache.tools.ant.launch.Launcher.main(Launcher.java:109)
Caused by: java.lang.RuntimeException: INTERNAL COMPILER ERROR.
Please report this problem.
null
  Node(EXPR_RESULT): i0:1:0
isFunction = function(functionToCheck) {  var getType = {};  return functionToCheck &&       getType.toString.apply(functionToCheck) ===      '[object Function]';};
  Parent(SCRIPT): i0:1:0
isFunction = function(functionToCheck) {  var getType = {};  return functionToCheck &&       getType.toString.apply(functionToCheck) ===      '[object Function]';};

	at com.google.javascript.jscomp.CollapseVariableDeclarations.isNamedParameter(CollapseVariableDeclarations.java:208)
	at com.google.javascript.jscomp.CollapseVariableDeclarations.access$300(CollapseVariableDeclarations.java:64)
	at com.google.javascript.jscomp.CollapseVariableDeclarations$GatherCollapses.canBeRedeclared(CollapseVariableDeclarations.java:202)
	at com.google.javascript.jscomp.CollapseVariableDeclarations$GatherCollapses.visit(CollapseVariableDeclarations.java:143)
	at com.google.javascript.jscomp.NodeTraversal.traverseBranch(NodeTraversal.java:505)
	at com.google.javascript.jscomp.NodeTraversal.traverseBranch(NodeTraversal.java:498)
	at com.google.javascript.jscomp.NodeTraversal.traverseBranch(NodeTraversal.java:498)
	at com.google.javascript.jscomp.NodeTraversal.traverse(NodeTraversal.java:277)
	at com.google.javascript.jscomp.NodeTraversal.traverse(NodeTraversal.java:456)
	at com.google.javascript.jscomp.CollapseVariableDeclarations.process(CollapseVariableDeclarations.java:113)
	at com.google.javascript.jscomp.PhaseOptimizer$PassFactoryDelegate.processInternal(PhaseOptimizer.java:303)
	at com.google.javascript.jscomp.PhaseOptimizer$NamedPass.process(PhaseOptimizer.java:279)
	at com.google.javascript.jscomp.PhaseOptimizer.process(PhaseOptimizer.java:191)
	at com.google.javascript.jscomp.Compiler.optimize(Compiler.java:1891)
	at com.google.javascript.jscomp.Compiler.compileInternal(Compiler.java:737)
	at com.google.javascript.jscomp.Compiler.access$000(Compiler.java:83)
	at com.google.javascript.jscomp.Compiler$2.call(Compiler.java:635)
	at com.google.javascript.jscomp.Compiler$2.call(Compiler.java:632)
	at com.google.javascript.jscomp.Compiler$3.call(Compiler.java:662)
	at java.util.concurrent.FutureTask.run(FutureTask.java:262)
	at java.util.concurrent.ThreadPoolExecutor.runWorker(ThreadPoolExecutor.java:1145)
	at java.util.concurrent.ThreadPoolExecutor$Worker.run(ThreadPoolExecutor.java:615)
	at java.lang.Thread.run(Thread.java:745)
Caused by: java.lang.NullPointerException
	... 23 more
